Unloading the anaconda2 module (if loaded)...
Unloading the anaconda3 module (if loaded)...
Pytorch 1.13.1
-----------------------------

Description
-----------
The modulefile AI/pytorch_23.02-1.13.1-py3 provides a Pytorch 1.13.1
development environment for Artificial Intelligence(AI)/Machine
Learning(ML)/Big Data(BD) on top of Python 3.

Module contents
---------------
Several popular libraries are included in this environment, such as:
    bokeh, matplotlib, mkl, numba, numpy, pandas, pillow, scikit-image,
scikit-learn, torchaudio, torchvision.

To check the full list of available packages in this environment, first
activate it and then run the command
    conda list

* beautifulsoup4 4.11.1
* blas 1.0
* bokeh 3.0.3
* cudatoolkit 10.1.243
* cudnn 8.0.4
* cython 0.29.32
* ipython 8.8.0
* matplotlib 3.6.2
* mkl 2021.4.0
* nccl 2.8.3.1
* notebook 6.5.2
* numba 0.55.1
* numpy 1.21.5
* pandas 1.5.2
* pillow 9.3.0
* python 3.10.9
* pytorch 1.13.1
* scikit-image 0.19.3
* scikit-learn 1.0.1
* scikit-learn-intelex 2021.20221004.171507
* scipy 1.10.0
* torch 1.13.1
* torchaudio 0.13.1
* torchvision 0.14.1

If you need to further customize this environment (e.g., install additional
packages, or upgrade a particular package),
you could first clone this environment as follows:
    conda create --prefix <path to a dir in which you can write> --clone $ENV
Then activate the newly spawned environment and proceed with your
customization.

To get further help with conda usage, you can try one of the following:
    conda -h
    conda <command> -h

Module Activation
-------------------
The following commands have been executed for activating the module:
    # module load AI/pytorch_23.02-1.13.1-py3
    # source /opt/packages/anaconda3/2020.11/etc/profile.d/conda.sh # conda
init
    # conda activate /opt/packages/AI/pytorch_23.02-1.13.1-py3
    # (/opt/packages/AI/pytorch_23.02-1.13.1-py3) USERNAME@BRIDGES-2:~ $ # <<
Your prompt should have changed to something similar.

For deactivating this module, run either of the following commands:
    conda deactivate
    # or
    module unload AI/pytorch_23.02-1.13.1-py3

[1;32mThe module has been activated and is ready to be used.[0m

[NbConvertApp] Converting notebook /ocean/projects/mth250011p/xxiao7/DeepLOB/run_deeplob_pytorch.ipynb to notebook
[NbConvertApp] ERROR | Kernel died while waiting for execute reply.
Traceback (most recent call last):
  File "/opt/packages/AI/pytorch_23.02-1.13.1-py3/lib/python3.10/site-packages/nbclient/client.py", line 730, in _async_poll_for_reply
    msg = await ensure_async(self.kc.shell_channel.get_msg(timeout=new_timeout))
  File "/opt/packages/AI/pytorch_23.02-1.13.1-py3/lib/python3.10/site-packages/nbclient/util.py", line 96, in ensure_async
    result = await obj
  File "/opt/packages/AI/pytorch_23.02-1.13.1-py3/lib/python3.10/site-packages/jupyter_client/channels.py", line 224, in get_msg
    ready = await self.socket.poll(timeout)
asyncio.exceptions.CancelledError

During handling of the above exception, another exception occurred:

Traceback (most recent call last):
  File "/opt/packages/AI/pytorch_23.02-1.13.1-py3/lib/python3.10/site-packages/nbclient/client.py", line 949, in async_execute_cell
    exec_reply = await self.task_poll_for_reply
asyncio.exceptions.CancelledError

During handling of the above exception, another exception occurred:

Traceback (most recent call last):
  File "/opt/packages/AI/pytorch_23.02-1.13.1-py3/bin/jupyter-nbconvert", line 11, in <module>
    sys.exit(main())
  File "/opt/packages/AI/pytorch_23.02-1.13.1-py3/lib/python3.10/site-packages/jupyter_core/application.py", line 276, in launch_instance
    return super().launch_instance(argv=argv, **kwargs)
  File "/opt/packages/AI/pytorch_23.02-1.13.1-py3/lib/python3.10/site-packages/traitlets/config/application.py", line 992, in launch_instance
    app.start()
  File "/opt/packages/AI/pytorch_23.02-1.13.1-py3/lib/python3.10/site-packages/nbconvert/nbconvertapp.py", line 423, in start
    self.convert_notebooks()
  File "/opt/packages/AI/pytorch_23.02-1.13.1-py3/lib/python3.10/site-packages/nbconvert/nbconvertapp.py", line 597, in convert_notebooks
    self.convert_single_notebook(notebook_filename)
  File "/opt/packages/AI/pytorch_23.02-1.13.1-py3/lib/python3.10/site-packages/nbconvert/nbconvertapp.py", line 560, in convert_single_notebook
    output, resources = self.export_single_notebook(
  File "/opt/packages/AI/pytorch_23.02-1.13.1-py3/lib/python3.10/site-packages/nbconvert/nbconvertapp.py", line 488, in export_single_notebook
    output, resources = self.exporter.from_filename(
  File "/opt/packages/AI/pytorch_23.02-1.13.1-py3/lib/python3.10/site-packages/nbconvert/exporters/exporter.py", line 189, in from_filename
    return self.from_file(f, resources=resources, **kw)
  File "/opt/packages/AI/pytorch_23.02-1.13.1-py3/lib/python3.10/site-packages/nbconvert/exporters/exporter.py", line 206, in from_file
    return self.from_notebook_node(
  File "/opt/packages/AI/pytorch_23.02-1.13.1-py3/lib/python3.10/site-packages/nbconvert/exporters/notebook.py", line 35, in from_notebook_node
    nb_copy, resources = super().from_notebook_node(nb, resources, **kw)
  File "/opt/packages/AI/pytorch_23.02-1.13.1-py3/lib/python3.10/site-packages/nbconvert/exporters/exporter.py", line 146, in from_notebook_node
    nb_copy, resources = self._preprocess(nb_copy, resources)
  File "/opt/packages/AI/pytorch_23.02-1.13.1-py3/lib/python3.10/site-packages/nbconvert/exporters/exporter.py", line 335, in _preprocess
    nbc, resc = preprocessor(nbc, resc)
  File "/opt/packages/AI/pytorch_23.02-1.13.1-py3/lib/python3.10/site-packages/nbconvert/preprocessors/base.py", line 47, in __call__
    return self.preprocess(nb, resources)
  File "/opt/packages/AI/pytorch_23.02-1.13.1-py3/lib/python3.10/site-packages/nbconvert/preprocessors/execute.py", line 89, in preprocess
    self.preprocess_cell(cell, resources, index)
  File "/opt/packages/AI/pytorch_23.02-1.13.1-py3/lib/python3.10/site-packages/nbconvert/preprocessors/execute.py", line 110, in preprocess_cell
    cell = self.execute_cell(cell, index, store_history=True)
  File "/opt/packages/AI/pytorch_23.02-1.13.1-py3/lib/python3.10/site-packages/nbclient/util.py", line 84, in wrapped
    return just_run(coro(*args, **kwargs))
  File "/opt/packages/AI/pytorch_23.02-1.13.1-py3/lib/python3.10/site-packages/nbclient/util.py", line 62, in just_run
    return loop.run_until_complete(coro)
  File "/opt/packages/AI/pytorch_23.02-1.13.1-py3/lib/python3.10/asyncio/base_events.py", line 649, in run_until_complete
    return future.result()
  File "/opt/packages/AI/pytorch_23.02-1.13.1-py3/lib/python3.10/site-packages/nbclient/client.py", line 953, in async_execute_cell
    raise DeadKernelError("Kernel died")
nbclient.exceptions.DeadKernelError: Kernel died
slurmstepd: error: Detected 1 oom-kill event(s) in StepId=39676612.batch. Some of your processes may have been killed by the cgroup out-of-memory handler.
