=== DeepLOB Training Job ===
Job ID:    40264195
Node:      v001.ib.bridges2.psc.edu
GPU:       Tesla V100-SXM2-32GB
Started:   Fri Apr 24 02:54:41 EDT 2026

Python:   /opt/packages/AI/pytorch_23.02-1.13.1-py3/bin/python3
PYTHONPATH: /ocean/projects/mth250011p/xxiao7/pyuser/lib/python3.10/site-packages:
PyTorch: 1.13.1
CUDA: True Tesla V100-SXM2-32GB
Extra packages: OK

Device: cuda:0
GPU: Tesla V100-SXM2-32GB

--- Loading FI-2010 data ---
Train: (149, 203800)  Val: (149, 50950)  Test: (149, 139587)

============================================================
Horizon k=1 (10 ev)  (k_idx=0)
------------------------------------------------------------
  [Epoch 1] Saved (val_loss=0.9137, val_acc=0.6338)
Epoch 1/100 | Train: 0.9437 | Val: 0.9137 | Val acc: 0.6338 | Best ep: 1 | Δt: 0:01:43.760579
  [Epoch 2] Saved (val_loss=0.9111, val_acc=0.6338)
Epoch 2/100 | Train: 0.9408 | Val: 0.9111 | Val acc: 0.6338 | Best ep: 2 | Δt: 0:01:38.769500
Epoch 3/100 | Train: 0.9377 | Val: 0.9125 | Val acc: 0.6338 | Best ep: 2 | Δt: 0:01:35.701685
Epoch 4/100 | Train: 0.9375 | Val: 0.9126 | Val acc: 0.6338 | Best ep: 2 | Δt: 0:01:34.743349
  [Epoch 5] Saved (val_loss=0.9108, val_acc=0.6338)
Epoch 5/100 | Train: 0.9370 | Val: 0.9108 | Val acc: 0.6338 | Best ep: 5 | Δt: 0:01:34.134030
  [Epoch 6] Saved (val_loss=0.7407, val_acc=0.6702)
Epoch 6/100 | Train: 0.8161 | Val: 0.7407 | Val acc: 0.6702 | Best ep: 6 | Δt: 0:01:30.745548
  [Epoch 7] Saved (val_loss=0.7262, val_acc=0.6733)
Epoch 7/100 | Train: 0.7187 | Val: 0.7262 | Val acc: 0.6733 | Best ep: 7 | Δt: 0:01:29.985040
Epoch 8/100 | Train: 0.7052 | Val: 0.7478 | Val acc: 0.6715 | Best ep: 7 | Δt: 0:01:34.796957
  [Epoch 9] Saved (val_loss=0.7275, val_acc=0.6809)
Epoch 9/100 | Train: 0.7010 | Val: 0.7275 | Val acc: 0.6809 | Best ep: 9 | Δt: 0:01:33.489719
  [Epoch 10] Saved (val_loss=0.7051, val_acc=0.6837)
Epoch 10/100 | Train: 0.7016 | Val: 0.7051 | Val acc: 0.6837 | Best ep: 10 | Δt: 0:01:35.079168
Epoch 11/100 | Train: 0.6968 | Val: 0.7208 | Val acc: 0.6796 | Best ep: 10 | Δt: 0:01:32.783532
Epoch 12/100 | Train: 0.6938 | Val: 0.7106 | Val acc: 0.6830 | Best ep: 10 | Δt: 0:01:33.137344
Epoch 13/100 | Train: 0.6956 | Val: 0.7062 | Val acc: 0.6825 | Best ep: 10 | Δt: 0:01:38.311461
  [Epoch 14] Saved (val_loss=0.7122, val_acc=0.6844)
Epoch 14/100 | Train: 0.6937 | Val: 0.7122 | Val acc: 0.6844 | Best ep: 14 | Δt: 0:01:42.938286
  [Epoch 15] Saved (val_loss=0.7101, val_acc=0.6851)
Epoch 15/100 | Train: 0.6921 | Val: 0.7101 | Val acc: 0.6851 | Best ep: 15 | Δt: 0:01:52.155159
Epoch 16/100 | Train: 0.6903 | Val: 0.7094 | Val acc: 0.6846 | Best ep: 15 | Δt: 0:01:41.012248
Epoch 17/100 | Train: 0.6900 | Val: 0.7072 | Val acc: 0.6837 | Best ep: 15 | Δt: 0:01:38.430323
  [Epoch 18] Saved (val_loss=0.7072, val_acc=0.6862)
Epoch 18/100 | Train: 0.6891 | Val: 0.7072 | Val acc: 0.6862 | Best ep: 18 | Δt: 0:01:45.707847
  [Epoch 19] Saved (val_loss=0.6997, val_acc=0.6866)
Epoch 19/100 | Train: 0.6877 | Val: 0.6997 | Val acc: 0.6866 | Best ep: 19 | Δt: 0:01:36.168473
Epoch 20/100 | Train: 0.6873 | Val: 0.7114 | Val acc: 0.6808 | Best ep: 19 | Δt: 0:01:37.145197
  [Epoch 21] Saved (val_loss=0.6999, val_acc=0.6867)
Epoch 21/100 | Train: 0.6872 | Val: 0.6999 | Val acc: 0.6867 | Best ep: 21 | Δt: 0:01:42.639670
  [Epoch 22] Saved (val_loss=0.7008, val_acc=0.6871)
Epoch 22/100 | Train: 0.6868 | Val: 0.7008 | Val acc: 0.6871 | Best ep: 22 | Δt: 0:01:52.529393
Epoch 23/100 | Train: 0.6868 | Val: 0.6993 | Val acc: 0.6863 | Best ep: 22 | Δt: 0:01:36.018562
Epoch 24/100 | Train: 0.6850 | Val: 0.6999 | Val acc: 0.6870 | Best ep: 22 | Δt: 0:01:35.736308
Epoch 25/100 | Train: 0.6852 | Val: 0.7335 | Val acc: 0.6776 | Best ep: 22 | Δt: 0:01:35.744642
Epoch 26/100 | Train: 0.6850 | Val: 0.7210 | Val acc: 0.6808 | Best ep: 22 | Δt: 0:01:35.831351
Epoch 27/100 | Train: 0.6847 | Val: 0.7063 | Val acc: 0.6863 | Best ep: 22 | Δt: 0:01:37.782962
Epoch 28/100 | Train: 0.6849 | Val: 0.7633 | Val acc: 0.6732 | Best ep: 22 | Δt: 0:01:38.352413
Epoch 29/100 | Train: 0.6877 | Val: 0.7039 | Val acc: 0.6845 | Best ep: 22 | Δt: 0:01:38.364547
  [Epoch 30] Saved (val_loss=0.7019, val_acc=0.6873)
Epoch 30/100 | Train: 0.6853 | Val: 0.7019 | Val acc: 0.6873 | Best ep: 30 | Δt: 0:01:37.098107
Epoch 31/100 | Train: 0.6849 | Val: 0.7138 | Val acc: 0.6778 | Best ep: 30 | Δt: 0:01:34.132956
Epoch 32/100 | Train: 0.6839 | Val: 0.7017 | Val acc: 0.6854 | Best ep: 30 | Δt: 0:01:35.728102
  [Epoch 33] Saved (val_loss=0.7026, val_acc=0.6897)
Epoch 33/100 | Train: 0.6832 | Val: 0.7026 | Val acc: 0.6897 | Best ep: 33 | Δt: 0:01:40.897504
Epoch 34/100 | Train: 0.6824 | Val: 0.6992 | Val acc: 0.6861 | Best ep: 33 | Δt: 0:01:40.083056
Epoch 35/100 | Train: 0.6828 | Val: 0.7039 | Val acc: 0.6872 | Best ep: 33 | Δt: 0:01:37.500361
Epoch 36/100 | Train: 0.6832 | Val: 0.7099 | Val acc: 0.6827 | Best ep: 33 | Δt: 0:01:38.488992
Epoch 37/100 | Train: 0.6821 | Val: 0.7088 | Val acc: 0.6857 | Best ep: 33 | Δt: 0:01:39.501668
Epoch 38/100 | Train: 0.6818 | Val: 0.7107 | Val acc: 0.6867 | Best ep: 33 | Δt: 0:01:36.838221
Epoch 39/100 | Train: 0.6819 | Val: 0.7025 | Val acc: 0.6875 | Best ep: 33 | Δt: 0:01:37.221909
Epoch 40/100 | Train: 0.6815 | Val: 0.7139 | Val acc: 0.6837 | Best ep: 33 | Δt: 0:01:36.057334
Epoch 41/100 | Train: 0.6819 | Val: 0.7040 | Val acc: 0.6845 | Best ep: 33 | Δt: 0:01:33.927294
Epoch 42/100 | Train: 0.6815 | Val: 0.7091 | Val acc: 0.6825 | Best ep: 33 | Δt: 0:01:35.192945
Epoch 43/100 | Train: 0.6807 | Val: 0.7038 | Val acc: 0.6856 | Best ep: 33 | Δt: 0:01:34.936374
Epoch 44/100 | Train: 0.6806 | Val: 0.7012 | Val acc: 0.6868 | Best ep: 33 | Δt: 0:01:36.953905
Epoch 45/100 | Train: 0.6814 | Val: 0.7103 | Val acc: 0.6835 | Best ep: 33 | Δt: 0:01:32.325643
Epoch 46/100 | Train: 0.6805 | Val: 0.7091 | Val acc: 0.6873 | Best ep: 33 | Δt: 0:01:34.836481
Epoch 47/100 | Train: 0.6801 | Val: 0.7086 | Val acc: 0.6853 | Best ep: 33 | Δt: 0:01:41.968332
Epoch 48/100 | Train: 0.6804 | Val: 0.7568 | Val acc: 0.6780 | Best ep: 33 | Δt: 0:01:34.481008
Epoch 49/100 | Train: 0.6799 | Val: 0.7052 | Val acc: 0.6852 | Best ep: 33 | Δt: 0:01:36.767265
Epoch 50/100 | Train: 0.6805 | Val: 0.7061 | Val acc: 0.6883 | Best ep: 33 | Δt: 0:01:37.051407
Epoch 51/100 | Train: 0.6795 | Val: 0.7099 | Val acc: 0.6853 | Best ep: 33 | Δt: 0:01:34.181373
Epoch 52/100 | Train: 0.6795 | Val: 0.7208 | Val acc: 0.6756 | Best ep: 33 | Δt: 0:01:34.728321
Epoch 53/100 | Train: 0.6797 | Val: 0.7164 | Val acc: 0.6831 | Best ep: 33 | Δt: 0:01:35.295227
Early stopping triggered at epoch 53 (patience=20).
              precision    recall  f1-score   support

        Down     0.4075    0.0698    0.1191     21127
  Stationary     0.8324    0.9752    0.8981     98602
          Up     0.4500    0.4634    0.4566     19759

    accuracy                         0.7656    139488
   macro avg     0.5633    0.5028    0.4913    139488
weighted avg     0.7139    0.7656    0.7176    139488


============================================================
Horizon k=2 (20 ev)  (k_idx=1)
------------------------------------------------------------
  [Epoch 1] Saved (val_loss=1.0202, val_acc=0.5265)
Epoch 1/100 | Train: 1.0409 | Val: 1.0202 | Val acc: 0.5265 | Best ep: 1 | Δt: 0:01:36.270133
Epoch 2/100 | Train: 1.0115 | Val: 1.0541 | Val acc: 0.4858 | Best ep: 1 | Δt: 0:01:36.273438
  [Epoch 3] Saved (val_loss=0.8840, val_acc=0.5725)
Epoch 3/100 | Train: 0.8879 | Val: 0.8840 | Val acc: 0.5725 | Best ep: 3 | Δt: 0:01:35.089329
  [Epoch 4] Saved (val_loss=0.9069, val_acc=0.5728)
Epoch 4/100 | Train: 0.8795 | Val: 0.9069 | Val acc: 0.5728 | Best ep: 4 | Δt: 0:01:36.691436
  [Epoch 5] Saved (val_loss=0.8636, val_acc=0.5845)
Epoch 5/100 | Train: 0.8755 | Val: 0.8636 | Val acc: 0.5845 | Best ep: 5 | Δt: 0:01:37.419492
Epoch 6/100 | Train: 0.8720 | Val: 0.8802 | Val acc: 0.5819 | Best ep: 5 | Δt: 0:01:32.826323
  [Epoch 7] Saved (val_loss=0.8550, val_acc=0.5872)
Epoch 7/100 | Train: 0.8688 | Val: 0.8550 | Val acc: 0.5872 | Best ep: 7 | Δt: 0:01:36.325432
Epoch 8/100 | Train: 0.8658 | Val: 0.8695 | Val acc: 0.5829 | Best ep: 7 | Δt: 0:01:37.057063
Epoch 9/100 | Train: 0.8643 | Val: 0.8622 | Val acc: 0.5848 | Best ep: 7 | Δt: 0:01:34.611859
  [Epoch 10] Saved (val_loss=0.8507, val_acc=0.5887)
Epoch 10/100 | Train: 0.8625 | Val: 0.8507 | Val acc: 0.5887 | Best ep: 10 | Δt: 0:01:33.433068
Epoch 11/100 | Train: 0.8610 | Val: 0.9157 | Val acc: 0.5417 | Best ep: 10 | Δt: 0:01:34.366646
  [Epoch 12] Saved (val_loss=0.8441, val_acc=0.5925)
Epoch 12/100 | Train: 0.8604 | Val: 0.8441 | Val acc: 0.5925 | Best ep: 12 | Δt: 0:01:33.510753
Epoch 13/100 | Train: 0.8596 | Val: 0.8554 | Val acc: 0.5847 | Best ep: 12 | Δt: 0:01:32.665211
Epoch 14/100 | Train: 0.8590 | Val: 0.8565 | Val acc: 0.5867 | Best ep: 12 | Δt: 0:01:32.854966
Epoch 15/100 | Train: 0.8577 | Val: 0.8553 | Val acc: 0.5905 | Best ep: 12 | Δt: 0:01:34.944672
Epoch 16/100 | Train: 0.8567 | Val: 0.8523 | Val acc: 0.5832 | Best ep: 12 | Δt: 0:01:32.936322
Epoch 17/100 | Train: 0.8563 | Val: 0.8622 | Val acc: 0.5854 | Best ep: 12 | Δt: 0:01:33.604805
Epoch 18/100 | Train: 0.8557 | Val: 0.8491 | Val acc: 0.5893 | Best ep: 12 | Δt: 0:01:34.015054
Epoch 19/100 | Train: 0.8554 | Val: 0.8627 | Val acc: 0.5833 | Best ep: 12 | Δt: 0:01:34.050279
Epoch 20/100 | Train: 0.8554 | Val: 0.8572 | Val acc: 0.5884 | Best ep: 12 | Δt: 0:01:32.137685
  [Epoch 21] Saved (val_loss=0.8448, val_acc=0.5926)
Epoch 21/100 | Train: 0.8544 | Val: 0.8448 | Val acc: 0.5926 | Best ep: 21 | Δt: 0:01:33.677928
  [Epoch 22] Saved (val_loss=0.8268, val_acc=0.6314)
Epoch 22/100 | Train: 0.8116 | Val: 0.8268 | Val acc: 0.6314 | Best ep: 22 | Δt: 0:01:32.500827
  [Epoch 23] Saved (val_loss=0.8091, val_acc=0.6434)
Epoch 23/100 | Train: 0.7813 | Val: 0.8091 | Val acc: 0.6434 | Best ep: 23 | Δt: 0:01:32.420767
Epoch 24/100 | Train: 0.7644 | Val: 0.8101 | Val acc: 0.6394 | Best ep: 23 | Δt: 0:01:31.935969
  [Epoch 25] Saved (val_loss=0.7998, val_acc=0.6472)
Epoch 25/100 | Train: 0.7562 | Val: 0.7998 | Val acc: 0.6472 | Best ep: 25 | Δt: 0:01:32.305217
  [Epoch 26] Saved (val_loss=0.7871, val_acc=0.6528)
Epoch 26/100 | Train: 0.7488 | Val: 0.7871 | Val acc: 0.6528 | Best ep: 26 | Δt: 0:01:32.790213
  [Epoch 27] Saved (val_loss=0.7869, val_acc=0.6544)
Epoch 27/100 | Train: 0.7453 | Val: 0.7869 | Val acc: 0.6544 | Best ep: 27 | Δt: 0:01:32.686449
  [Epoch 28] Saved (val_loss=0.7851, val_acc=0.6556)
Epoch 28/100 | Train: 0.7420 | Val: 0.7851 | Val acc: 0.6556 | Best ep: 28 | Δt: 0:01:35.687294
Epoch 29/100 | Train: 0.7411 | Val: 0.8477 | Val acc: 0.6206 | Best ep: 28 | Δt: 0:01:34.490500
Epoch 30/100 | Train: 0.7392 | Val: 0.8077 | Val acc: 0.6439 | Best ep: 28 | Δt: 0:01:32.137921
Epoch 31/100 | Train: 0.7372 | Val: 0.8579 | Val acc: 0.6013 | Best ep: 28 | Δt: 0:01:34.936986
Epoch 32/100 | Train: 0.7357 | Val: 0.7940 | Val acc: 0.6503 | Best ep: 28 | Δt: 0:01:31.103668
  [Epoch 33] Saved (val_loss=0.7779, val_acc=0.6602)
Epoch 33/100 | Train: 0.7344 | Val: 0.7779 | Val acc: 0.6602 | Best ep: 33 | Δt: 0:01:33.617610
Epoch 34/100 | Train: 0.7331 | Val: 0.7878 | Val acc: 0.6575 | Best ep: 33 | Δt: 0:01:33.335620
  [Epoch 35] Saved (val_loss=0.7749, val_acc=0.6629)
Epoch 35/100 | Train: 0.7329 | Val: 0.7749 | Val acc: 0.6629 | Best ep: 35 | Δt: 0:01:32.393149
Epoch 36/100 | Train: 0.7317 | Val: 0.7826 | Val acc: 0.6587 | Best ep: 35 | Δt: 0:01:33.840538
Epoch 37/100 | Train: 0.7309 | Val: 0.7827 | Val acc: 0.6600 | Best ep: 35 | Δt: 0:01:33.967256
Epoch 38/100 | Train: 0.7299 | Val: 0.7849 | Val acc: 0.6570 | Best ep: 35 | Δt: 0:01:32.810156
  [Epoch 39] Saved (val_loss=0.7733, val_acc=0.6635)
Epoch 39/100 | Train: 0.7294 | Val: 0.7733 | Val acc: 0.6635 | Best ep: 39 | Δt: 0:01:32.541306
Epoch 40/100 | Train: 0.7293 | Val: 0.7774 | Val acc: 0.6604 | Best ep: 39 | Δt: 0:01:32.838164
  [Epoch 41] Saved (val_loss=0.7733, val_acc=0.6649)
Epoch 41/100 | Train: 0.7284 | Val: 0.7733 | Val acc: 0.6649 | Best ep: 41 | Δt: 0:01:38.314128
Epoch 42/100 | Train: 0.7278 | Val: 0.7877 | Val acc: 0.6583 | Best ep: 41 | Δt: 0:01:35.015015
Epoch 43/100 | Train: 0.7284 | Val: 0.7725 | Val acc: 0.6606 | Best ep: 41 | Δt: 0:01:37.076534
Epoch 44/100 | Train: 0.7272 | Val: 0.7802 | Val acc: 0.6600 | Best ep: 41 | Δt: 0:01:39.850778
Epoch 45/100 | Train: 0.7269 | Val: 0.7922 | Val acc: 0.6563 | Best ep: 41 | Δt: 0:01:32.703686
Epoch 46/100 | Train: 0.7265 | Val: 0.7768 | Val acc: 0.6621 | Best ep: 41 | Δt: 0:01:34.426690
Epoch 47/100 | Train: 0.7261 | Val: 0.7893 | Val acc: 0.6562 | Best ep: 41 | Δt: 0:01:40.854517
Epoch 48/100 | Train: 0.7257 | Val: 0.7932 | Val acc: 0.6536 | Best ep: 41 | Δt: 0:01:27.523347
Epoch 49/100 | Train: 0.7255 | Val: 0.7796 | Val acc: 0.6633 | Best ep: 41 | Δt: 0:01:33.761924
Epoch 50/100 | Train: 0.7253 | Val: 0.7927 | Val acc: 0.6540 | Best ep: 41 | Δt: 0:01:36.567122
Epoch 51/100 | Train: 0.7250 | Val: 0.7792 | Val acc: 0.6595 | Best ep: 41 | Δt: 0:01:30.469570
Epoch 52/100 | Train: 0.7250 | Val: 0.7828 | Val acc: 0.6613 | Best ep: 41 | Δt: 0:01:33.718963
Epoch 53/100 | Train: 0.7242 | Val: 0.8106 | Val acc: 0.6486 | Best ep: 41 | Δt: 0:01:40.368242
  [Epoch 54] Saved (val_loss=0.7724, val_acc=0.6650)
Epoch 54/100 | Train: 0.7245 | Val: 0.7724 | Val acc: 0.6650 | Best ep: 54 | Δt: 0:01:38.973024
Epoch 55/100 | Train: 0.7245 | Val: 0.7815 | Val acc: 0.6582 | Best ep: 54 | Δt: 0:01:32.060959
Epoch 56/100 | Train: 0.7247 | Val: 0.7756 | Val acc: 0.6633 | Best ep: 54 | Δt: 0:01:28.822328
Epoch 57/100 | Train: 0.7234 | Val: 0.7849 | Val acc: 0.6587 | Best ep: 54 | Δt: 0:01:34.386244
Epoch 58/100 | Train: 0.7238 | Val: 0.7938 | Val acc: 0.6552 | Best ep: 54 | Δt: 0:01:31.810370
Epoch 59/100 | Train: 0.7227 | Val: 0.7852 | Val acc: 0.6559 | Best ep: 54 | Δt: 0:01:32.249551
Epoch 60/100 | Train: 0.7243 | Val: 0.7828 | Val acc: 0.6622 | Best ep: 54 | Δt: 0:01:33.953660
Epoch 61/100 | Train: 0.7230 | Val: 0.7948 | Val acc: 0.6574 | Best ep: 54 | Δt: 0:01:34.800651
Epoch 62/100 | Train: 0.7223 | Val: 0.7797 | Val acc: 0.6611 | Best ep: 54 | Δt: 0:01:33.911510
Epoch 63/100 | Train: 0.7222 | Val: 0.7900 | Val acc: 0.6540 | Best ep: 54 | Δt: 0:01:43.908186
Epoch 64/100 | Train: 0.7218 | Val: 0.8115 | Val acc: 0.6511 | Best ep: 54 | Δt: 0:01:33.582640
Epoch 65/100 | Train: 0.7211 | Val: 0.7809 | Val acc: 0.6600 | Best ep: 54 | Δt: 0:01:32.907079
Epoch 66/100 | Train: 0.7221 | Val: 0.7767 | Val acc: 0.6614 | Best ep: 54 | Δt: 0:01:34.131104
Epoch 67/100 | Train: 0.7207 | Val: 0.8184 | Val acc: 0.6367 | Best ep: 54 | Δt: 0:01:31.460160
Epoch 68/100 | Train: 0.7204 | Val: 0.7753 | Val acc: 0.6619 | Best ep: 54 | Δt: 0:01:27.326916
Epoch 69/100 | Train: 0.7212 | Val: 0.7885 | Val acc: 0.6581 | Best ep: 54 | Δt: 0:01:28.633967
Epoch 70/100 | Train: 0.7207 | Val: 0.7844 | Val acc: 0.6601 | Best ep: 54 | Δt: 0:01:35.677367
Epoch 71/100 | Train: 0.7202 | Val: 0.7856 | Val acc: 0.6566 | Best ep: 54 | Δt: 0:01:32.308300
Epoch 72/100 | Train: 0.7204 | Val: 0.7989 | Val acc: 0.6532 | Best ep: 54 | Δt: 0:01:33.637371
Epoch 73/100 | Train: 0.7203 | Val: 0.8120 | Val acc: 0.6454 | Best ep: 54 | Δt: 0:01:32.617735
Epoch 74/100 | Train: 0.7202 | Val: 0.7797 | Val acc: 0.6595 | Best ep: 54 | Δt: 0:01:30.787070
Early stopping triggered at epoch 74 (patience=20).
              precision    recall  f1-score   support

        Down     0.7010    0.4458    0.5450     27425
  Stationary     0.7676    0.9271    0.8398     86588
          Up     0.6836    0.4687    0.5561     25475

    accuracy                         0.7487    139488
   macro avg     0.7174    0.6139    0.6470    139488
weighted avg     0.7391    0.7487    0.7300    139488


============================================================
Horizon k=3 (30 ev)  (k_idx=2)
------------------------------------------------------------
  [Epoch 1] Saved (val_loss=1.0665, val_acc=0.4560)
Epoch 1/100 | Train: 1.0782 | Val: 1.0665 | Val acc: 0.4560 | Best ep: 1 | Δt: 0:01:35.056231
  [Epoch 2] Saved (val_loss=0.9109, val_acc=0.5406)
Epoch 2/100 | Train: 0.9536 | Val: 0.9109 | Val acc: 0.5406 | Best ep: 2 | Δt: 0:01:35.171480
  [Epoch 3] Saved (val_loss=0.8656, val_acc=0.5616)
Epoch 3/100 | Train: 0.8608 | Val: 0.8656 | Val acc: 0.5616 | Best ep: 3 | Δt: 0:01:31.468382
  [Epoch 4] Saved (val_loss=0.8532, val_acc=0.5713)
Epoch 4/100 | Train: 0.8505 | Val: 0.8532 | Val acc: 0.5713 | Best ep: 4 | Δt: 0:01:32.730805
Epoch 5/100 | Train: 0.8462 | Val: 0.8495 | Val acc: 0.5678 | Best ep: 4 | Δt: 0:01:32.382867
  [Epoch 6] Saved (val_loss=0.8509, val_acc=0.5726)
Epoch 6/100 | Train: 0.8438 | Val: 0.8509 | Val acc: 0.5726 | Best ep: 6 | Δt: 0:01:34.880659
  [Epoch 7] Saved (val_loss=0.8199, val_acc=0.6231)
Epoch 7/100 | Train: 0.8089 | Val: 0.8199 | Val acc: 0.6231 | Best ep: 7 | Δt: 0:01:34.211445
  [Epoch 8] Saved (val_loss=0.7991, val_acc=0.6524)
Epoch 8/100 | Train: 0.7091 | Val: 0.7991 | Val acc: 0.6524 | Best ep: 8 | Δt: 0:01:33.097798
  [Epoch 9] Saved (val_loss=0.7763, val_acc=0.6619)
Epoch 9/100 | Train: 0.6796 | Val: 0.7763 | Val acc: 0.6619 | Best ep: 9 | Δt: 0:01:32.821271
  [Epoch 10] Saved (val_loss=0.7575, val_acc=0.6757)
Epoch 10/100 | Train: 0.6659 | Val: 0.7575 | Val acc: 0.6757 | Best ep: 10 | Δt: 0:01:34.349806
Epoch 11/100 | Train: 0.6582 | Val: 0.7696 | Val acc: 0.6642 | Best ep: 10 | Δt: 0:01:33.787892
  [Epoch 12] Saved (val_loss=0.7468, val_acc=0.6767)
Epoch 12/100 | Train: 0.6532 | Val: 0.7468 | Val acc: 0.6767 | Best ep: 12 | Δt: 0:01:35.201436
  [Epoch 13] Saved (val_loss=0.7484, val_acc=0.6790)
Epoch 13/100 | Train: 0.6487 | Val: 0.7484 | Val acc: 0.6790 | Best ep: 13 | Δt: 0:01:36.157197
  [Epoch 14] Saved (val_loss=0.7474, val_acc=0.6794)
Epoch 14/100 | Train: 0.6454 | Val: 0.7474 | Val acc: 0.6794 | Best ep: 14 | Δt: 0:01:37.747008
  [Epoch 15] Saved (val_loss=0.7446, val_acc=0.6818)
Epoch 15/100 | Train: 0.6416 | Val: 0.7446 | Val acc: 0.6818 | Best ep: 15 | Δt: 0:01:34.387926
Epoch 16/100 | Train: 0.6406 | Val: 0.7458 | Val acc: 0.6786 | Best ep: 15 | Δt: 0:01:31.719055
Epoch 17/100 | Train: 0.6382 | Val: 0.8069 | Val acc: 0.6435 | Best ep: 15 | Δt: 0:01:35.841123
Epoch 18/100 | Train: 0.6357 | Val: 0.7540 | Val acc: 0.6776 | Best ep: 15 | Δt: 0:01:34.396429
Epoch 19/100 | Train: 0.6345 | Val: 0.7482 | Val acc: 0.6800 | Best ep: 15 | Δt: 0:01:33.777218
Epoch 20/100 | Train: 0.6315 | Val: 0.7637 | Val acc: 0.6698 | Best ep: 15 | Δt: 0:01:33.281664
Epoch 21/100 | Train: 0.6314 | Val: 0.7649 | Val acc: 0.6698 | Best ep: 15 | Δt: 0:01:34.596350
Epoch 22/100 | Train: 0.6298 | Val: 0.7488 | Val acc: 0.6793 | Best ep: 15 | Δt: 0:01:32.678390
Epoch 23/100 | Train: 0.6289 | Val: 0.7564 | Val acc: 0.6768 | Best ep: 15 | Δt: 0:01:35.115704
Epoch 24/100 | Train: 0.6267 | Val: 0.7691 | Val acc: 0.6705 | Best ep: 15 | Δt: 0:01:36.829009
  [Epoch 25] Saved (val_loss=0.7483, val_acc=0.6846)
Epoch 25/100 | Train: 0.6257 | Val: 0.7483 | Val acc: 0.6846 | Best ep: 25 | Δt: 0:01:33.614939
Epoch 26/100 | Train: 0.6253 | Val: 0.7730 | Val acc: 0.6692 | Best ep: 25 | Δt: 0:01:30.228729
Epoch 27/100 | Train: 0.6241 | Val: 0.7664 | Val acc: 0.6651 | Best ep: 25 | Δt: 0:01:35.423104
Epoch 28/100 | Train: 0.6224 | Val: 0.7622 | Val acc: 0.6702 | Best ep: 25 | Δt: 0:01:32.995588
Epoch 29/100 | Train: 0.6212 | Val: 0.7749 | Val acc: 0.6699 | Best ep: 25 | Δt: 0:01:35.688756
Epoch 30/100 | Train: 0.6202 | Val: 0.7580 | Val acc: 0.6777 | Best ep: 25 | Δt: 0:01:33.623173
Epoch 31/100 | Train: 0.6199 | Val: 0.7669 | Val acc: 0.6729 | Best ep: 25 | Δt: 0:01:36.672273
Epoch 32/100 | Train: 0.6195 | Val: 0.7553 | Val acc: 0.6810 | Best ep: 25 | Δt: 0:01:28.256911
Epoch 33/100 | Train: 0.6177 | Val: 0.7541 | Val acc: 0.6800 | Best ep: 25 | Δt: 0:01:33.901772
Epoch 34/100 | Train: 0.6162 | Val: 0.7634 | Val acc: 0.6771 | Best ep: 25 | Δt: 0:01:30.544721
Epoch 35/100 | Train: 0.6161 | Val: 0.7840 | Val acc: 0.6652 | Best ep: 25 | Δt: 0:01:34.158766
Epoch 36/100 | Train: 0.6152 | Val: 0.7526 | Val acc: 0.6798 | Best ep: 25 | Δt: 0:01:35.149686
Epoch 37/100 | Train: 0.6145 | Val: 0.7604 | Val acc: 0.6788 | Best ep: 25 | Δt: 0:01:34.138884
Epoch 38/100 | Train: 0.6139 | Val: 0.7624 | Val acc: 0.6797 | Best ep: 25 | Δt: 0:01:30.134567
Epoch 39/100 | Train: 0.6130 | Val: 0.7571 | Val acc: 0.6790 | Best ep: 25 | Δt: 0:01:32.291689
Epoch 40/100 | Train: 0.6125 | Val: 0.7665 | Val acc: 0.6752 | Best ep: 25 | Δt: 0:01:32.087979
Epoch 41/100 | Train: 0.6120 | Val: 0.7618 | Val acc: 0.6761 | Best ep: 25 | Δt: 0:01:34.731881
Epoch 42/100 | Train: 0.6111 | Val: 0.7674 | Val acc: 0.6778 | Best ep: 25 | Δt: 0:01:32.287584
Epoch 43/100 | Train: 0.6105 | Val: 0.7684 | Val acc: 0.6794 | Best ep: 25 | Δt: 0:01:30.539587
Epoch 44/100 | Train: 0.6098 | Val: 0.7618 | Val acc: 0.6746 | Best ep: 25 | Δt: 0:01:31.026158
Epoch 45/100 | Train: 0.6094 | Val: 0.7540 | Val acc: 0.6811 | Best ep: 25 | Δt: 0:01:32.958373
Early stopping triggered at epoch 45 (patience=20).
              precision    recall  f1-score   support

        Down     0.7327    0.6199    0.6716     31888
  Stationary     0.8057    0.8936    0.8474     78297
          Up     0.7169    0.6281    0.6695     29303

    accuracy                         0.7752    139488
   macro avg     0.7517    0.7138    0.7295    139488
weighted avg     0.7703    0.7752    0.7698    139488


============================================================
Horizon k=4 (50 ev)  (k_idx=3)
------------------------------------------------------------
  [Epoch 1] Saved (val_loss=1.0343, val_acc=0.5011)
Epoch 1/100 | Train: 0.8586 | Val: 1.0343 | Val acc: 0.5011 | Best ep: 1 | Δt: 0:01:30.204868
  [Epoch 2] Saved (val_loss=0.7617, val_acc=0.6684)
Epoch 2/100 | Train: 0.6397 | Val: 0.7617 | Val acc: 0.6684 | Best ep: 2 | Δt: 0:01:34.398390
  [Epoch 3] Saved (val_loss=0.7507, val_acc=0.6790)
Epoch 3/100 | Train: 0.5819 | Val: 0.7507 | Val acc: 0.6790 | Best ep: 3 | Δt: 0:01:31.626198
  [Epoch 4] Saved (val_loss=0.7170, val_acc=0.6974)
Epoch 4/100 | Train: 0.5590 | Val: 0.7170 | Val acc: 0.6974 | Best ep: 4 | Δt: 0:01:34.221446
Epoch 5/100 | Train: 0.5445 | Val: 0.7746 | Val acc: 0.6752 | Best ep: 4 | Δt: 0:01:32.781123
Epoch 6/100 | Train: 0.5350 | Val: 0.7664 | Val acc: 0.6683 | Best ep: 4 | Δt: 0:01:31.738400
Epoch 7/100 | Train: 0.5251 | Val: 0.7487 | Val acc: 0.6881 | Best ep: 4 | Δt: 0:01:30.352056
Epoch 8/100 | Train: 0.5176 | Val: 0.7280 | Val acc: 0.6970 | Best ep: 4 | Δt: 0:01:33.834222
Epoch 9/100 | Train: 0.5101 | Val: 0.7455 | Val acc: 0.6951 | Best ep: 4 | Δt: 0:01:32.710537
Epoch 10/100 | Train: 0.5053 | Val: 0.7251 | Val acc: 0.6957 | Best ep: 4 | Δt: 0:01:30.285763
Epoch 11/100 | Train: 0.4992 | Val: 0.7686 | Val acc: 0.6862 | Best ep: 4 | Δt: 0:01:31.129511
Epoch 12/100 | Train: 0.4924 | Val: 0.7495 | Val acc: 0.6937 | Best ep: 4 | Δt: 0:01:31.873860
Epoch 13/100 | Train: 0.4880 | Val: 0.7564 | Val acc: 0.6900 | Best ep: 4 | Δt: 0:01:33.540039
Epoch 14/100 | Train: 0.4837 | Val: 0.7637 | Val acc: 0.6960 | Best ep: 4 | Δt: 0:01:33.127945
Epoch 15/100 | Train: 0.4798 | Val: 0.7593 | Val acc: 0.6930 | Best ep: 4 | Δt: 0:01:33.402267
Epoch 16/100 | Train: 0.4763 | Val: 0.7683 | Val acc: 0.6917 | Best ep: 4 | Δt: 0:01:31.709151
Epoch 17/100 | Train: 0.4717 | Val: 0.7866 | Val acc: 0.6918 | Best ep: 4 | Δt: 0:01:33.141923
Epoch 18/100 | Train: 0.4702 | Val: 0.7709 | Val acc: 0.6872 | Best ep: 4 | Δt: 0:01:30.144314
Epoch 19/100 | Train: 0.4672 | Val: 0.7727 | Val acc: 0.6937 | Best ep: 4 | Δt: 0:01:33.512512
Epoch 20/100 | Train: 0.4651 | Val: 0.7739 | Val acc: 0.6810 | Best ep: 4 | Δt: 0:01:31.758261
Epoch 21/100 | Train: 0.4625 | Val: 0.8086 | Val acc: 0.6805 | Best ep: 4 | Δt: 0:01:32.060844
Epoch 22/100 | Train: 0.4603 | Val: 0.7977 | Val acc: 0.6847 | Best ep: 4 | Δt: 0:01:32.425387
Epoch 23/100 | Train: 0.4594 | Val: 0.7956 | Val acc: 0.6884 | Best ep: 4 | Δt: 0:01:32.529722
Epoch 24/100 | Train: 0.4575 | Val: 0.7883 | Val acc: 0.6803 | Best ep: 4 | Δt: 0:01:33.898135
Early stopping triggered at epoch 24 (patience=20).
              precision    recall  f1-score   support

        Down     0.7834    0.7168    0.7486     38408
  Stationary     0.8249    0.8826    0.8528     65996
          Up     0.7534    0.7243    0.7386     35084

    accuracy                         0.7972    139488
   macro avg     0.7872    0.7746    0.7800    139488
weighted avg     0.7955    0.7972    0.7954    139488


============================================================
Horizon k=5 (100 ev)  (k_idx=4)
------------------------------------------------------------
  [Epoch 1] Saved (val_loss=0.8292, val_acc=0.6208)
Epoch 1/100 | Train: 0.7184 | Val: 0.8292 | Val acc: 0.6208 | Best ep: 1 | Δt: 0:01:30.649756
  [Epoch 2] Saved (val_loss=0.7477, val_acc=0.6686)
Epoch 2/100 | Train: 0.5566 | Val: 0.7477 | Val acc: 0.6686 | Best ep: 2 | Δt: 0:01:33.768489
  [Epoch 3] Saved (val_loss=0.7057, val_acc=0.7007)
Epoch 3/100 | Train: 0.4894 | Val: 0.7057 | Val acc: 0.7007 | Best ep: 3 | Δt: 0:01:33.901589
  [Epoch 4] Saved (val_loss=0.7101, val_acc=0.7047)
Epoch 4/100 | Train: 0.4552 | Val: 0.7101 | Val acc: 0.7047 | Best ep: 4 | Δt: 0:01:34.168719
Epoch 5/100 | Train: 0.4317 | Val: 0.7420 | Val acc: 0.6890 | Best ep: 4 | Δt: 0:01:33.175597
Epoch 6/100 | Train: 0.4140 | Val: 0.7447 | Val acc: 0.6883 | Best ep: 4 | Δt: 0:01:33.340311
  [Epoch 7] Saved (val_loss=0.7240, val_acc=0.7057)
Epoch 7/100 | Train: 0.4001 | Val: 0.7240 | Val acc: 0.7057 | Best ep: 7 | Δt: 0:01:31.992973
Epoch 8/100 | Train: 0.3875 | Val: 0.7607 | Val acc: 0.6971 | Best ep: 7 | Δt: 0:01:32.536870
Epoch 9/100 | Train: 0.3786 | Val: 0.7806 | Val acc: 0.6987 | Best ep: 7 | Δt: 0:01:35.057026
Epoch 10/100 | Train: 0.3709 | Val: 0.8385 | Val acc: 0.6831 | Best ep: 7 | Δt: 0:01:33.555005
Epoch 11/100 | Train: 0.3653 | Val: 0.7604 | Val acc: 0.6965 | Best ep: 7 | Δt: 0:01:31.829815
Epoch 12/100 | Train: 0.3600 | Val: 0.8182 | Val acc: 0.6804 | Best ep: 7 | Δt: 0:01:33.731587
Epoch 13/100 | Train: 0.3525 | Val: 0.7951 | Val acc: 0.6889 | Best ep: 7 | Δt: 0:01:32.150219
Epoch 14/100 | Train: 0.3489 | Val: 0.7977 | Val acc: 0.6848 | Best ep: 7 | Δt: 0:01:31.651626
Epoch 15/100 | Train: 0.3436 | Val: 0.8332 | Val acc: 0.6766 | Best ep: 7 | Δt: 0:01:32.568790
Epoch 16/100 | Train: 0.3406 | Val: 0.7958 | Val acc: 0.6909 | Best ep: 7 | Δt: 0:01:31.906127
Epoch 17/100 | Train: 0.3381 | Val: 0.8291 | Val acc: 0.6843 | Best ep: 7 | Δt: 0:01:33.938987
Epoch 18/100 | Train: 0.3347 | Val: 0.8221 | Val acc: 0.6882 | Best ep: 7 | Δt: 0:01:34.343164
Epoch 19/100 | Train: 0.3321 | Val: 0.8480 | Val acc: 0.6931 | Best ep: 7 | Δt: 0:01:32.528074
Epoch 20/100 | Train: 0.3308 | Val: 0.8384 | Val acc: 0.6846 | Best ep: 7 | Δt: 0:01:30.691760
Epoch 21/100 | Train: 0.3279 | Val: 0.8503 | Val acc: 0.6881 | Best ep: 7 | Δt: 0:01:32.648411
Epoch 22/100 | Train: 0.3268 | Val: 0.8219 | Val acc: 0.6907 | Best ep: 7 | Δt: 0:01:32.894545
Epoch 23/100 | Train: 0.3247 | Val: 0.8624 | Val acc: 0.6722 | Best ep: 7 | Δt: 0:01:33.711124
Epoch 24/100 | Train: 0.3228 | Val: 0.8730 | Val acc: 0.6783 | Best ep: 7 | Δt: 0:01:31.659529
Epoch 25/100 | Train: 0.3194 | Val: 0.8239 | Val acc: 0.6846 | Best ep: 7 | Δt: 0:01:32.759720
Epoch 26/100 | Train: 0.3200 | Val: 0.8458 | Val acc: 0.6817 | Best ep: 7 | Δt: 0:01:32.424692
Epoch 27/100 | Train: 0.3180 | Val: 0.8862 | Val acc: 0.6755 | Best ep: 7 | Δt: 0:01:30.326217
Early stopping triggered at epoch 27 (patience=20).
              precision    recall  f1-score   support

        Down     0.7857    0.7859    0.7858     47915
  Stationary     0.8460    0.8092    0.8272     48050
          Up     0.7527    0.7886    0.7703     43523

    accuracy                         0.7948    139488
   macro avg     0.7948    0.7946    0.7944    139488
weighted avg     0.7962    0.7948    0.7952    139488


=================================================================
  DeepLOB Training Complete — Performance Summary
=================================================================
     Horizon  Accuracy  Cohen κ      MCC  F1-Down  F1-Stat    F1-Up  F1-Weighted
 k=1 (10 ev)  0.765564 0.398844 0.425530 0.119140 0.898134 0.456617     0.717604
 k=2 (20 ev)  0.748731 0.484199 0.502165 0.545021 0.839810 0.556112     0.730039
 k=3 (30 ev)  0.775228 0.604053 0.607615 0.671570 0.847371 0.669529     0.769821
 k=4 (50 ev)  0.797158 0.678178 0.679163 0.748620 0.852790 0.738600     0.795386
k=5 (100 ev)  0.794778 0.692075 0.692307 0.785814 0.827167 0.770253     0.795204

All results saved to /ocean/projects/mth250011p/xxiao7/DeepLOB/results

=== Job complete: Fri Apr 24 08:47:49 EDT 2026 ===
total 8.1M
-rw-r--r-- 1 xxiao7 mth250011p 5.4K Apr 24 08:47 all_results.pkl
-rw-r--r-- 1 xxiao7 mth250011p  47K Apr 24 04:21 cm_k0.png
-rw-r--r-- 1 xxiao7 mth250011p  47K Apr 24 06:17 cm_k1.png
-rw-r--r-- 1 xxiao7 mth250011p  48K Apr 24 07:28 cm_k2.png
-rw-r--r-- 1 xxiao7 mth250011p  46K Apr 24 08:05 cm_k3.png
-rw-r--r-- 1 xxiao7 mth250011p  47K Apr 24 08:47 cm_k4.png
-rw-r--r-- 1 xxiao7 mth250011p  44K Apr 24 04:21 loss_k0.png
-rw-r--r-- 1 xxiao7 mth250011p  50K Apr 24 06:17 loss_k1.png
-rw-r--r-- 1 xxiao7 mth250011p  40K Apr 24 07:28 loss_k2.png
-rw-r--r-- 1 xxiao7 mth250011p  38K Apr 24 08:05 loss_k3.png
-rw-r--r-- 1 xxiao7 mth250011p  42K Apr 24 08:47 loss_k4.png
-rw-r--r-- 1 xxiao7 mth250011p 1.6K Apr 24 04:21 losses_k0.npz
-rw-r--r-- 1 xxiao7 mth250011p 1.9K Apr 24 06:17 losses_k1.npz
-rw-r--r-- 1 xxiao7 mth250011p 1.5K Apr 24 07:28 losses_k2.npz
-rw-r--r-- 1 xxiao7 mth250011p 1.3K Apr 24 08:05 losses_k3.npz
-rw-r--r-- 1 xxiao7 mth250011p 1.3K Apr 24 08:47 losses_k4.npz
drwxr-xr-x 2 xxiao7 mth250011p 4.0K Apr 24 04:35 optiver
-rw-r--r-- 1 xxiao7 mth250011p  370 Apr 24 08:47 performance_summary.csv
-rw-r--r-- 1 xxiao7 mth250011p 1.6M Apr 24 04:21 preds_k0.npz
-rw-r--r-- 1 xxiao7 mth250011p 1.6M Apr 24 06:17 preds_k1.npz
-rw-r--r-- 1 xxiao7 mth250011p 1.6M Apr 24 07:28 preds_k2.npz
-rw-r--r-- 1 xxiao7 mth250011p 1.6M Apr 24 08:05 preds_k3.npz
-rw-r--r-- 1 xxiao7 mth250011p 1.6M Apr 24 08:47 preds_k4.npz
