=== Optiver DeepLOBLite Job ===
Job ID:    40264883
Node:      v001.ib.bridges2.psc.edu
GPU:       Tesla V100-SXM2-32GB
Started:   Fri Apr 24 03:47:37 EDT 2026

Python:     /opt/packages/AI/pytorch_23.02-1.13.1-py3/bin/python3
PYTHONPATH: /ocean/projects/mth250011p/xxiao7/pyuser/lib/python3.10/site-packages:/opt/packages/gcc/v13.3.1-p20240614/b2gpu/share/gcc-13.2.1/python
PyTorch: 1.13.1
CUDA: True Tesla V100-SXM2-32GB
Parquet stack: 24.0.0 1.5.2
LD_LIBRARY_PATH: /opt/packages/gcc/v13.3.1-p20240614/b2gpu/lib64

=== Phase 1: Data Preparation ===
Running prepare_optiver.py ...
Opening zip: /ocean/projects/mth250011p/xxiao7/DeepLOB/optiver-realized-volatility-prediction.zip
Found 112 stocks: [0, 1, 2, 3, 4] ... [122, 123, 124, 125, 126]
Train stocks  : 80  (0..89)
Transfer stocks: 32 (90..126)
  [1/112] stock 0 [TRAIN]: 917,553 events | k=1: D=206510 S=498338 U=212704 (bal=0.41)
  [2/112] stock 1 [TRAIN]: 1,507,532 events | k=1: D=388296 S=726994 U=392241 (bal=0.53)
  [3/112] stock 2 [TRAIN]: 1,903,140 events | k=1: D=471124 S=959805 U=472210 (bal=0.49)
  [4/112] stock 3 [TRAIN]: 1,269,461 events | k=1: D=353589 S=551991 U=363880 (bal=0.64)
  [5/112] stock 4 [TRAIN]: 1,073,989 events | k=1: D=273468 S=535039 U=265481 (bal=0.50)
  [6/112] stock 5 [TRAIN]: 981,747 events | k=1: D=269908 S=436643 U=275195 (bal=0.62)
  [7/112] stock 6 [TRAIN]: 1,509,379 events | k=1: D=488913 S=513473 U=506992 (bal=0.95)
  [8/112] stock 7 [TRAIN]: 1,205,965 events | k=1: D=284654 S=638167 U=283143 (bal=0.44)
  [9/112] stock 8 [TRAIN]: 1,576,043 events | k=1: D=412808 S=741993 U=421241 (bal=0.56)
  [10/112] stock 9 [TRAIN]: 954,456 events | k=1: D=237978 S=473609 U=242868 (bal=0.50)
  [11/112] stock 10 [TRAIN]: 2,103,923 events | k=1: D=454579 S=1190287 U=459056 (bal=0.38)
  [12/112] stock 11 [TRAIN]: 1,253,566 events | k=1: D=306627 S=638721 U=308217 (bal=0.48)
  [13/112] stock 13 [TRAIN]: 1,792,968 events | k=1: D=212900 S=1367619 U=212448 (bal=0.16)
  [14/112] stock 14 [TRAIN]: 2,102,975 events | k=1: D=613750 S=866732 U=622492 (bal=0.71)
  [15/112] stock 15 [TRAIN]: 1,633,740 events | k=1: D=408771 S=809271 U=415697 (bal=0.51)
  [16/112] stock 16 [TRAIN]: 885,677 events | k=1: D=201899 S=481763 U=202014 (bal=0.42)
  [17/112] stock 17 [TRAIN]: 1,514,773 events | k=1: D=468667 S=572317 U=473788 (bal=0.82)
  [18/112] stock 18 [TRAIN]: 787,399 events | k=1: D=204248 S=379971 U=203179 (bal=0.53)
  [19/112] stock 19 [TRAIN]: 1,194,665 events | k=1: D=229317 S=737392 U=227955 (bal=0.31)
  [20/112] stock 20 [TRAIN]: 1,697,158 events | k=1: D=466443 S=764151 U=466563 (bal=0.61)
  [21/112] stock 21 [TRAIN]: 1,767,345 events | k=1: D=149317 S=1467999 U=150028 (bal=0.10)
  [22/112] stock 22 [TRAIN]: 1,207,074 events | k=1: D=329700 S=546411 U=330962 (bal=0.60)
  [23/112] stock 23 [TRAIN]: 1,441,081 events | k=1: D=399407 S=639795 U=401878 (bal=0.62)
  [24/112] stock 26 [TRAIN]: 1,579,367 events | k=1: D=352244 S=876290 U=350832 (bal=0.40)
  [25/112] stock 27 [TRAIN]: 873,499 events | k=1: D=224756 S=421929 U=226813 (bal=0.53)
  [26/112] stock 28 [TRAIN]: 1,457,045 events | k=1: D=328585 S=800397 U=328062 (bal=0.41)
  [27/112] stock 29 [TRAIN]: 2,295,344 events | k=1: D=879121 S=519351 U=896871 (bal=0.58)
  [28/112] stock 30 [TRAIN]: 952,669 events | k=1: D=224124 S=502279 U=226265 (bal=0.45)
  [29/112] stock 31 [TRAIN]: 1,834,156 events | k=1: D=37840 S=1758643 U=37672 (bal=0.02)
  [30/112] stock 32 [TRAIN]: 2,131,814 events | k=1: D=146975 S=1838496 U=146342 (bal=0.08)
  [31/112] stock 33 [TRAIN]: 774,671 events | k=1: D=191423 S=388992 U=194255 (bal=0.49)
  [32/112] stock 34 [TRAIN]: 1,662,840 events | k=1: D=469039 S=722323 U=471477 (bal=0.65)
  [33/112] stock 35 [TRAIN]: 2,198,813 events | k=1: D=371456 S=1458666 U=368690 (bal=0.25)
  [34/112] stock 36 [TRAIN]: 1,933,622 events | k=1: D=526081 S=873260 U=534280 (bal=0.60)
  [35/112] stock 37 [TRAIN]: 776,292 events | k=1: D=223333 S=331130 U=221828 (bal=0.67)
  [36/112] stock 38 [TRAIN]: 1,076,303 events | k=1: D=288626 S=502878 U=284798 (bal=0.57)
  [37/112] stock 39 [TRAIN]: 1,719,059 events | k=1: D=484274 S=746406 U=488378 (bal=0.65)
  [38/112] stock 40 [TRAIN]: 1,000,611 events | k=1: D=273815 S=451815 U=274980 (bal=0.61)
  [39/112] stock 41 [TRAIN]: 2,144,157 events | k=1: D=189197 S=1765315 U=189644 (bal=0.11)
  [40/112] stock 42 [TRAIN]: 1,440,838 events | k=1: D=339322 S=763536 U=337979 (bal=0.44)
  [41/112] stock 43 [TRAIN]: 2,294,519 events | k=1: D=830432 S=620793 U=843293 (bal=0.74)
  [42/112] stock 44 [TRAIN]: 2,162,681 events | k=1: D=443234 S=1272199 U=447247 (bal=0.35)
  [43/112] stock 46 [TRAIN]: 1,989,713 events | k=1: D=211480 S=1564892 U=213340 (bal=0.14)
  [44/112] stock 47 [TRAIN]: 2,084,001 events | k=1: D=194059 S=1695503 U=194438 (bal=0.11)
  [45/112] stock 48 [TRAIN]: 1,248,551 events | k=1: D=293313 S=653320 U=301917 (bal=0.45)
  [46/112] stock 50 [TRAIN]: 2,148,692 events | k=1: D=763532 S=598134 U=787025 (bal=0.76)
  [47/112] stock 51 [TRAIN]: 1,703,711 events | k=1: D=328433 S=1045280 U=329997 (bal=0.31)
  [48/112] stock 52 [TRAIN]: 1,696,658 events | k=1: D=448990 S=797359 U=450308 (bal=0.56)
  [49/112] stock 53 [TRAIN]: 1,446,935 events | k=1: D=393763 S=652416 U=400755 (bal=0.60)
  [50/112] stock 55 [TRAIN]: 1,116,485 events | k=1: D=298296 S=516992 U=301196 (bal=0.58)
  [51/112] stock 56 [TRAIN]: 1,945,309 events | k=1: D=719093 S=488402 U=737813 (bal=0.66)
  [52/112] stock 58 [TRAIN]: 1,066,086 events | k=1: D=248229 S=564702 U=253154 (bal=0.44)
  [53/112] stock 59 [TRAIN]: 1,323,384 events | k=1: D=356244 S=604277 U=362862 (bal=0.59)
  [54/112] stock 60 [TRAIN]: 832,166 events | k=1: D=186215 S=455118 U=190832 (bal=0.41)
  [55/112] stock 61 [TRAIN]: 1,872,083 events | k=1: D=665343 S=518945 U=687794 (bal=0.75)
  [56/112] stock 62 [TRAIN]: 1,251,047 events | k=1: D=348777 S=549850 U=352419 (bal=0.63)
  [57/112] stock 63 [TRAIN]: 1,969,277 events | k=1: D=423294 S=1118252 U=427730 (bal=0.38)
  [58/112] stock 64 [TRAIN]: 1,747,693 events | k=1: D=459219 S=821968 U=466505 (bal=0.56)
  [59/112] stock 66 [TRAIN]: 1,001,123 events | k=1: D=217800 S=565666 U=217656 (bal=0.38)
  [60/112] stock 67 [TRAIN]: 1,711,435 events | k=1: D=348419 S=1013352 U=349663 (bal=0.34)
  [61/112] stock 68 [TRAIN]: 1,540,367 events | k=1: D=317510 S=902737 U=320119 (bal=0.35)
  [62/112] stock 69 [TRAIN]: 2,270,633 events | k=1: D=807528 S=637793 U=825311 (bal=0.77)
  [63/112] stock 70 [TRAIN]: 1,326,977 events | k=1: D=243383 S=840328 U=243265 (bal=0.29)
  [64/112] stock 72 [TRAIN]: 1,144,577 events | k=1: D=236823 S=670608 U=237145 (bal=0.35)
  [65/112] stock 73 [TRAIN]: 1,600,259 events | k=1: D=482805 S=614818 U=502635 (bal=0.79)
  [66/112] stock 74 [TRAIN]: 1,393,517 events | k=1: D=184123 S=1027039 U=182354 (bal=0.18)
  [67/112] stock 75 [TRAIN]: 886,001 events | k=1: D=225372 S=432177 U=228451 (bal=0.52)
  [68/112] stock 76 [TRAIN]: 1,774,912 events | k=1: D=537297 S=687717 U=549897 (bal=0.78)
  [69/112] stock 77 [TRAIN]: 2,163,785 events | k=1: D=251499 S=1658046 U=254239 (bal=0.15)
  [70/112] stock 78 [TRAIN]: 1,264,320 events | k=1: D=309015 S=640291 U=315013 (bal=0.48)
  [71/112] stock 80 [TRAIN]: 1,433,557 events | k=1: D=418898 S=576781 U=437877 (bal=0.73)
  [72/112] stock 81 [TRAIN]: 1,470,845 events | k=1: D=368703 S=731751 U=370390 (bal=0.50)
  [73/112] stock 82 [TRAIN]: 1,043,259 events | k=1: D=232741 S=576383 U=234134 (bal=0.40)
  [74/112] stock 83 [TRAIN]: 923,791 events | k=1: D=213481 S=496162 U=214147 (bal=0.43)
  [75/112] stock 84 [TRAIN]: 1,949,019 events | k=1: D=623891 S=686502 U=638625 (bal=0.91)
  [76/112] stock 85 [TRAIN]: 1,538,952 events | k=1: D=243285 S=1052279 U=243387 (bal=0.23)
  [77/112] stock 86 [TRAIN]: 1,773,824 events | k=1: D=253145 S=1266253 U=254425 (bal=0.20)
  [78/112] stock 87 [TRAIN]: 1,305,937 events | k=1: D=359049 S=582626 U=364261 (bal=0.62)
  [79/112] stock 88 [TRAIN]: 842,561 events | k=1: D=205852 S=431782 U=204926 (bal=0.47)
  [80/112] stock 89 [TRAIN]: 1,286,268 events | k=1: D=159136 S=967051 U=160080 (bal=0.16)
  [81/112] stock 90 [TRANSFER]: 1,011,278 events | k=1: D=260298 S=486161 U=264818 (bal=0.54)
  [82/112] stock 93 [TRANSFER]: 1,757,508 events | k=1: D=446539 S=859824 U=451144 (bal=0.52)
  [83/112] stock 94 [TRANSFER]: 1,191,489 events | k=1: D=297112 S=599753 U=294623 (bal=0.49)
  [84/112] stock 95 [TRANSFER]: 1,928,787 events | k=1: D=488013 S=945387 U=495386 (bal=0.52)
  [85/112] stock 96 [TRANSFER]: 1,717,019 events | k=1: D=564674 S=573833 U=578511 (bal=0.98)
  [86/112] stock 97 [TRANSFER]: 1,026,999 events | k=1: D=272320 S=476216 U=278462 (bal=0.57)
  [87/112] stock 98 [TRANSFER]: 905,795 events | k=1: D=215443 S=460333 U=230018 (bal=0.47)
  [88/112] stock 99 [TRANSFER]: 1,827,301 events | k=1: D=340065 S=1146385 U=340850 (bal=0.30)
  [89/112] stock 100 [TRANSFER]: 1,318,894 events | k=1: D=348865 S=621644 U=348384 (bal=0.56)
  [90/112] stock 101 [TRANSFER]: 1,646,442 events | k=1: D=475643 S=690524 U=480274 (bal=0.69)
  [91/112] stock 102 [TRANSFER]: 1,176,118 events | k=1: D=323776 S=525407 U=326934 (bal=0.62)
  [92/112] stock 103 [TRANSFER]: 916,480 events | k=1: D=237518 S=440745 U=238216 (bal=0.54)
  [93/112] stock 104 [TRANSFER]: 1,211,011 events | k=1: D=298323 S=613594 U=299093 (bal=0.49)
  [94/112] stock 105 [TRANSFER]: 1,458,517 events | k=1: D=199420 S=1058208 U=200888 (bal=0.19)
  [95/112] stock 107 [TRANSFER]: 1,332,512 events | k=1: D=257971 S=817186 U=257354 (bal=0.31)
  [96/112] stock 108 [TRANSFER]: 2,163,072 events | k=1: D=200111 S=1763596 U=199364 (bal=0.11)
  [97/112] stock 109 [TRANSFER]: 1,486,891 events | k=1: D=450666 S=577931 U=458293 (bal=0.78)
  [98/112] stock 110 [TRANSFER]: 1,302,560 events | k=1: D=359381 S=582157 U=361021 (bal=0.62)
  [99/112] stock 111 [TRANSFER]: 2,226,361 events | k=1: D=322506 S=1580577 U=323277 (bal=0.20)
  [100/112] stock 112 [TRANSFER]: 869,429 events | k=1: D=219480 S=429869 U=220079 (bal=0.51)
  [101/112] stock 113 [TRANSFER]: 1,671,219 events | k=1: D=576321 S=511343 U=583554 (bal=0.88)
  [102/112] stock 114 [TRANSFER]: 1,301,569 events | k=1: D=390948 S=515403 U=395217 (bal=0.76)
  [103/112] stock 115 [TRANSFER]: 1,101,256 events | k=1: D=229138 S=643118 U=228999 (bal=0.36)
  [104/112] stock 116 [TRANSFER]: 1,043,557 events | k=1: D=259934 S=518043 U=265579 (bal=0.50)
  [105/112] stock 118 [TRANSFER]: 1,080,860 events | k=1: D=288151 S=502110 U=290598 (bal=0.57)
  [106/112] stock 119 [TRANSFER]: 2,155,805 events | k=1: D=444172 S=1269911 U=441721 (bal=0.35)
  [107/112] stock 120 [TRANSFER]: 1,929,592 events | k=1: D=410781 S=1098021 U=420789 (bal=0.37)
  [108/112] stock 122 [TRANSFER]: 1,543,033 events | k=1: D=362095 S=816123 U=364814 (bal=0.44)
  [109/112] stock 123 [TRANSFER]: 2,071,321 events | k=1: D=441396 S=1186864 U=443060 (bal=0.37)
  [110/112] stock 124 [TRANSFER]: 2,269,682 events | k=1: D=622140 S=1014210 U=633331 (bal=0.61)
  [111/112] stock 125 [TRANSFER]: 1,891,264 events | k=1: D=243062 S=1403003 U=245198 (bal=0.17)
  [112/112] stock 126 [TRANSFER]: 1,042,049 events | k=1: D=289131 S=465772 U=287145 (bal=0.62)

Done. Processed data saved to /ocean/projects/mth250011p/xxiao7/DeepLOB/data/optiver_processed
Total files: 112

=== Phase 2: Model Training & Transfer Learning ===
--- Training horizon index 0 ---
Device: cuda:0
GPU: Tesla V100-SXM2-32GB
DataLoader workers: 4
Train stocks: 80  Transfer stocks: 32
Transfer-learning study stocks: [90, 99, 108, 116, 126]

============================================================
PHASE 1: Base Training  (horizon k=1, T=50)
------------------------------------------------------------
  Building combined dataset from train stocks...
  Combined: 160,000 samples (136,000 train, 24,000 val) from 80 stocks
  Base train class counts: [32347, 71291, 32362]  weights: [1.1221814155578613, 0.7558972239494324, 1.1219213008880615]
Base training 1/30 | Train 1.0749 | Val 1.1868 | Val macro-F1 0.1378 | Best macro-F1 0.1378 | Δt 0:00:48.571404
Base training 2/30 | Train 1.0643 | Val 1.1731 | Val macro-F1 0.1381 | Best macro-F1 0.1381 | Δt 0:00:47.296676
Base training 3/30 | Train 1.0587 | Val 1.1529 | Val macro-F1 0.1435 | Best macro-F1 0.1435 | Δt 0:00:47.453417
Base training 4/30 | Train 1.0544 | Val 1.1386 | Val macro-F1 0.1356 | Best macro-F1 0.1435 | Δt 0:00:47.685457
Base training 5/30 | Train 1.0505 | Val 1.0833 | Val macro-F1 0.2290 | Best macro-F1 0.2290 | Δt 0:00:47.617004
Base training 6/30 | Train 1.0483 | Val 1.0878 | Val macro-F1 0.2312 | Best macro-F1 0.2312 | Δt 0:00:47.514969
Base training 7/30 | Train 1.0477 | Val 1.1747 | Val macro-F1 0.2296 | Best macro-F1 0.2312 | Δt 0:00:47.633307
Base training 8/30 | Train 1.0444 | Val 1.0965 | Val macro-F1 0.1429 | Best macro-F1 0.2312 | Δt 0:00:47.298434
Base training 9/30 | Train 1.0439 | Val 1.1533 | Val macro-F1 0.1408 | Best macro-F1 0.2312 | Δt 0:00:47.342859
Base training 10/30 | Train 1.0436 | Val 1.1326 | Val macro-F1 0.1424 | Best macro-F1 0.2312 | Δt 0:00:47.334171
Base training 11/30 | Train 1.0414 | Val 1.1004 | Val macro-F1 0.1437 | Best macro-F1 0.2312 | Δt 0:00:47.390114
Base training 12/30 | Train 1.0392 | Val 1.1133 | Val macro-F1 0.2307 | Best macro-F1 0.2312 | Δt 0:00:47.329154
Early stopping at epoch 12 (patience=6).

  Evaluating base model on transfer stocks (zero-shot)...
    stock 90: acc=0.4853  κ=0.0000
    stock 99: acc=0.6110  κ=0.0033
    stock 108: acc=0.8012  κ=0.0030
    stock 116: acc=0.4957  κ=0.0000
    stock 126: acc=0.4510  κ=0.0000

============================================================
PHASE 2: Transfer Learning Fine-tuning
------------------------------------------------------------
  stock 90 fine-tune class counts: [898, 1612, 850]  weights: [1.0813850164413452, 0.8071160912513733, 1.1114989519119263]
TL stock 90 1/12 | Train 1.1001 | Val 1.1702 | Val macro-F1 0.2201 | Best macro-F1 0.2201 | Δt 0:00:00.811906
TL stock 90 2/12 | Train 1.0856 | Val 1.1406 | Val macro-F1 0.2201 | Best macro-F1 0.2201 | Δt 0:00:00.518237
TL stock 90 3/12 | Train 1.0812 | Val 1.1338 | Val macro-F1 0.2935 | Best macro-F1 0.2935 | Δt 0:00:00.506052
TL stock 90 4/12 | Train 1.0700 | Val 1.1221 | Val macro-F1 0.3012 | Best macro-F1 0.3012 | Δt 0:00:00.509178
TL stock 90 5/12 | Train 1.0798 | Val 1.1277 | Val macro-F1 0.2843 | Best macro-F1 0.3012 | Δt 0:00:00.498599
TL stock 90 6/12 | Train 1.0706 | Val 1.1277 | Val macro-F1 0.2916 | Best macro-F1 0.3012 | Δt 0:00:00.508577
TL stock 90 7/12 | Train 1.0743 | Val 1.1245 | Val macro-F1 0.2929 | Best macro-F1 0.3012 | Δt 0:00:00.498974
Early stopping at epoch 7 (patience=3).
  stock 90: acc before=0.4922 → after=0.3156 (Δ=-0.1767)
  stock 99 fine-tune class counts: [653, 2086, 621]  weights: [1.160568356513977, 0.6493369936943054, 1.1900947093963623]
TL stock 99 1/12 | Train 1.0381 | Val 1.1273 | Val macro-F1 0.1073 | Best macro-F1 0.1073 | Δt 0:00:00.814698
TL stock 99 2/12 | Train 1.0404 | Val 1.1471 | Val macro-F1 0.1111 | Best macro-F1 0.1111 | Δt 0:00:00.507575
TL stock 99 3/12 | Train 1.0317 | Val 1.1433 | Val macro-F1 0.1106 | Best macro-F1 0.1111 | Δt 0:00:00.504513
TL stock 99 4/12 | Train 1.0290 | Val 1.0814 | Val macro-F1 0.2788 | Best macro-F1 0.2788 | Δt 0:00:00.520262
TL stock 99 5/12 | Train 1.0254 | Val 1.1490 | Val macro-F1 0.1119 | Best macro-F1 0.2788 | Δt 0:00:00.508107
TL stock 99 6/12 | Train 1.0341 | Val 1.1864 | Val macro-F1 0.1112 | Best macro-F1 0.2788 | Δt 0:00:00.498737
TL stock 99 7/12 | Train 1.0306 | Val 1.0464 | Val macro-F1 0.2760 | Best macro-F1 0.2788 | Δt 0:00:00.499966
Early stopping at epoch 7 (patience=3).
  stock 99: acc before=0.6072 → after=0.6111 (Δ=+0.0039)
  stock 108 fine-tune class counts: [304, 2752, 304]  weights: [1.2862492799758911, 0.4275015592575073, 1.2862492799758911]
TL stock 108 1/12 | Train 1.0195 | Val 1.2436 | Val macro-F1 0.0643 | Best macro-F1 0.0643 | Δt 0:00:00.824715
TL stock 108 2/12 | Train 0.9952 | Val 1.2651 | Val macro-F1 0.0643 | Best macro-F1 0.0643 | Δt 0:00:00.497876
TL stock 108 3/12 | Train 0.9964 | Val 1.5552 | Val macro-F1 0.0643 | Best macro-F1 0.0643 | Δt 0:00:00.500081
TL stock 108 4/12 | Train 0.9832 | Val 1.6031 | Val macro-F1 0.0723 | Best macro-F1 0.0723 | Δt 0:00:00.505652
TL stock 108 5/12 | Train 0.9837 | Val 1.5795 | Val macro-F1 0.0643 | Best macro-F1 0.0723 | Δt 0:00:00.502994
TL stock 108 6/12 | Train 0.9618 | Val 1.6527 | Val macro-F1 0.0723 | Best macro-F1 0.0723 | Δt 0:00:00.500189
TL stock 108 7/12 | Train 0.9811 | Val 1.5859 | Val macro-F1 0.0643 | Best macro-F1 0.0723 | Δt 0:00:00.495020
Early stopping at epoch 7 (patience=3).
  stock 108: acc before=0.8161 → after=0.0817 (Δ=-0.7344)
  stock 116 fine-tune class counts: [844, 1652, 864]  weights: [1.1098253726959229, 0.793269693851471, 1.096904993057251]
TL stock 116 1/12 | Train 1.0789 | Val 1.2019 | Val macro-F1 0.2250 | Best macro-F1 0.2250 | Δt 0:00:00.830414
TL stock 116 2/12 | Train 1.0707 | Val 1.2012 | Val macro-F1 0.2250 | Best macro-F1 0.2250 | Δt 0:00:00.511368
TL stock 116 3/12 | Train 1.0656 | Val 1.1649 | Val macro-F1 0.2832 | Best macro-F1 0.2832 | Δt 0:00:00.702020
TL stock 116 4/12 | Train 1.0647 | Val 1.1388 | Val macro-F1 0.2909 | Best macro-F1 0.2909 | Δt 0:00:00.507221
TL stock 116 5/12 | Train 1.0681 | Val 1.1439 | Val macro-F1 0.2872 | Best macro-F1 0.2909 | Δt 0:00:00.496962
TL stock 116 6/12 | Train 1.0629 | Val 1.1402 | Val macro-F1 0.2937 | Best macro-F1 0.2937 | Δt 0:00:00.517101
TL stock 116 7/12 | Train 1.0712 | Val 1.1382 | Val macro-F1 0.2947 | Best macro-F1 0.2947 | Δt 0:00:00.510223
TL stock 116 8/12 | Train 1.0656 | Val 1.1374 | Val macro-F1 0.3018 | Best macro-F1 0.3018 | Δt 0:00:00.502175
TL stock 116 9/12 | Train 1.0637 | Val 1.1407 | Val macro-F1 0.2796 | Best macro-F1 0.3018 | Δt 0:00:00.500917
TL stock 116 10/12 | Train 1.0531 | Val 1.1424 | Val macro-F1 0.2831 | Best macro-F1 0.3018 | Δt 0:00:00.504226
TL stock 116 11/12 | Train 1.0597 | Val 1.1490 | Val macro-F1 0.2954 | Best macro-F1 0.3018 | Δt 0:00:00.500172
Early stopping at epoch 11 (patience=3).
  stock 116: acc before=0.4967 → after=0.3250 (Δ=-0.1717)
  stock 126 fine-tune class counts: [885, 1530, 945]  weights: [1.0995938777923584, 0.8362925052642822, 1.0641136169433594]
TL stock 126 1/12 | Train 1.0796 | Val 1.2314 | Val macro-F1 0.2118 | Best macro-F1 0.2118 | Δt 0:00:00.843253
TL stock 126 2/12 | Train 1.0869 | Val 1.2206 | Val macro-F1 0.2118 | Best macro-F1 0.2118 | Δt 0:00:00.521240
TL stock 126 3/12 | Train 1.0799 | Val 1.1310 | Val macro-F1 0.2947 | Best macro-F1 0.2947 | Δt 0:00:00.511043
TL stock 126 4/12 | Train 1.0774 | Val 1.1122 | Val macro-F1 0.3050 | Best macro-F1 0.3050 | Δt 0:00:00.517165
TL stock 126 5/12 | Train 1.0731 | Val 1.1115 | Val macro-F1 0.3085 | Best macro-F1 0.3085 | Δt 0:00:00.504017
TL stock 126 6/12 | Train 1.0703 | Val 1.1116 | Val macro-F1 0.3039 | Best macro-F1 0.3085 | Δt 0:00:00.503331
TL stock 126 7/12 | Train 1.0717 | Val 1.1104 | Val macro-F1 0.3105 | Best macro-F1 0.3105 | Δt 0:00:00.509573
TL stock 126 8/12 | Train 1.0679 | Val 1.1123 | Val macro-F1 0.3031 | Best macro-F1 0.3105 | Δt 0:00:00.506023
TL stock 126 9/12 | Train 1.0725 | Val 1.1158 | Val macro-F1 0.2948 | Best macro-F1 0.3105 | Δt 0:00:00.507397
TL stock 126 10/12 | Train 1.0741 | Val 1.1101 | Val macro-F1 0.3051 | Best macro-F1 0.3105 | Δt 0:00:00.510386
Early stopping at epoch 10 (patience=3).
  stock 126: acc before=0.4361 → after=0.3394 (Δ=-0.0967)

============================================================
PHASE 3: Specific-stock Temporal Out-of-sample
------------------------------------------------------------
  stock 90 specific-train class counts: [898, 1612, 850]  weights: [1.0813850164413452, 0.8071160912513733, 1.1114989519119263]
Specific stock 90 1/25 | Train 1.0764 | Val 1.1459 | Val macro-F1 0.2345 | Best macro-F1 0.2345 | Δt 0:00:01.553459
Specific stock 90 2/25 | Train 1.0637 | Val 1.1426 | Val macro-F1 0.2398 | Best macro-F1 0.2398 | Δt 0:00:01.220469
Specific stock 90 3/25 | Train 1.0399 | Val 1.1271 | Val macro-F1 0.3007 | Best macro-F1 0.3007 | Δt 0:00:01.220574
Specific stock 90 4/25 | Train 1.0127 | Val 1.1519 | Val macro-F1 0.2911 | Best macro-F1 0.3007 | Δt 0:00:01.205103
Specific stock 90 5/25 | Train 0.9732 | Val 1.1747 | Val macro-F1 0.2892 | Best macro-F1 0.3007 | Δt 0:00:01.205132
Specific stock 90 6/25 | Train 0.9366 | Val 1.2254 | Val macro-F1 0.2871 | Best macro-F1 0.3007 | Δt 0:00:01.192958
Specific stock 90 7/25 | Train 0.9064 | Val 1.2244 | Val macro-F1 0.2908 | Best macro-F1 0.3007 | Δt 0:00:01.211761
Specific stock 90 8/25 | Train 0.8454 | Val 1.2525 | Val macro-F1 0.3193 | Best macro-F1 0.3193 | Δt 0:00:01.212971
Specific stock 90 9/25 | Train 0.7985 | Val 1.3312 | Val macro-F1 0.3207 | Best macro-F1 0.3207 | Δt 0:00:01.210859
Specific stock 90 10/25 | Train 0.7597 | Val 1.3598 | Val macro-F1 0.3085 | Best macro-F1 0.3207 | Δt 0:00:01.210360
Specific stock 90 11/25 | Train 0.7304 | Val 1.3629 | Val macro-F1 0.3300 | Best macro-F1 0.3300 | Δt 0:00:01.211021
Specific stock 90 12/25 | Train 0.6825 | Val 1.4152 | Val macro-F1 0.3591 | Best macro-F1 0.3591 | Δt 0:00:01.209660
Specific stock 90 13/25 | Train 0.6189 | Val 1.4619 | Val macro-F1 0.3516 | Best macro-F1 0.3591 | Δt 0:00:01.209230
Specific stock 90 14/25 | Train 0.5882 | Val 1.4852 | Val macro-F1 0.3472 | Best macro-F1 0.3591 | Δt 0:00:01.199362
Specific stock 90 15/25 | Train 0.5277 | Val 1.5840 | Val macro-F1 0.3595 | Best macro-F1 0.3595 | Δt 0:00:01.215502
Specific stock 90 16/25 | Train 0.5520 | Val 1.6127 | Val macro-F1 0.3332 | Best macro-F1 0.3595 | Δt 0:00:01.205935
Specific stock 90 17/25 | Train 0.5013 | Val 1.5874 | Val macro-F1 0.3526 | Best macro-F1 0.3595 | Δt 0:00:01.209452
Specific stock 90 18/25 | Train 0.4840 | Val 1.5802 | Val macro-F1 0.3561 | Best macro-F1 0.3595 | Δt 0:00:01.206235
Specific stock 90 19/25 | Train 0.4238 | Val 1.7203 | Val macro-F1 0.3555 | Best macro-F1 0.3595 | Δt 0:00:01.199834
Specific stock 90 20/25 | Train 0.4064 | Val 1.7664 | Val macro-F1 0.3516 | Best macro-F1 0.3595 | Δt 0:00:01.204501
Specific stock 90 21/25 | Train 0.3497 | Val 1.8365 | Val macro-F1 0.3484 | Best macro-F1 0.3595 | Δt 0:00:01.210933
Early stopping at epoch 21 (patience=6).
  stock 90: specific-stock acc=0.3461  κ=0.0157
  stock 99 specific-train class counts: [653, 2086, 621]  weights: [1.160568356513977, 0.6493369936943054, 1.1900947093963623]
Specific stock 99 1/25 | Train 1.0824 | Val 1.1038 | Val macro-F1 0.1273 | Best macro-F1 0.1273 | Δt 0:00:01.535640
Specific stock 99 2/25 | Train 1.0577 | Val 1.1725 | Val macro-F1 0.1086 | Best macro-F1 0.1273 | Δt 0:00:01.211773
Specific stock 99 3/25 | Train 1.0526 | Val 1.3044 | Val macro-F1 0.1153 | Best macro-F1 0.1273 | Δt 0:00:01.200059
Specific stock 99 4/25 | Train 1.0428 | Val 1.2282 | Val macro-F1 0.1204 | Best macro-F1 0.1273 | Δt 0:00:01.205688
Specific stock 99 5/25 | Train 1.0442 | Val 1.2599 | Val macro-F1 0.1166 | Best macro-F1 0.1273 | Δt 0:00:01.208170
Specific stock 99 6/25 | Train 1.0203 | Val 1.4583 | Val macro-F1 0.1139 | Best macro-F1 0.1273 | Δt 0:00:01.189392
Specific stock 99 7/25 | Train 1.0332 | Val 1.3717 | Val macro-F1 0.1133 | Best macro-F1 0.1273 | Δt 0:00:01.212838
Early stopping at epoch 7 (patience=6).
  stock 99: specific-stock acc=0.1878  κ=-0.0032
  stock 108 specific-train class counts: [304, 2752, 304]  weights: [1.2862492799758911, 0.4275015592575073, 1.2862492799758911]
Specific stock 108 1/25 | Train 1.0186 | Val 1.1423 | Val macro-F1 0.0712 | Best macro-F1 0.0712 | Δt 0:00:01.540007
Specific stock 108 2/25 | Train 1.0016 | Val 1.4196 | Val macro-F1 0.0712 | Best macro-F1 0.0712 | Δt 0:00:01.208640
Specific stock 108 3/25 | Train 1.0066 | Val 1.4349 | Val macro-F1 0.0674 | Best macro-F1 0.0712 | Δt 0:00:01.201792
Specific stock 108 4/25 | Train 0.9906 | Val 1.4660 | Val macro-F1 0.0712 | Best macro-F1 0.0712 | Δt 0:00:01.211849
Specific stock 108 5/25 | Train 0.9926 | Val 1.5068 | Val macro-F1 0.0674 | Best macro-F1 0.0712 | Δt 0:00:01.210634
Specific stock 108 6/25 | Train 0.9819 | Val 1.6213 | Val macro-F1 0.0712 | Best macro-F1 0.0712 | Δt 0:00:01.216528
Specific stock 108 7/25 | Train 0.9831 | Val 1.4695 | Val macro-F1 0.0712 | Best macro-F1 0.0712 | Δt 0:00:01.216989
Early stopping at epoch 7 (patience=6).
  stock 108: specific-stock acc=0.0811  κ=-0.0001
  stock 116 specific-train class counts: [844, 1652, 864]  weights: [1.1098253726959229, 0.793269693851471, 1.096904993057251]
Specific stock 116 1/25 | Train 1.0891 | Val 1.1391 | Val macro-F1 0.2397 | Best macro-F1 0.2397 | Δt 0:00:01.542727
Specific stock 116 2/25 | Train 1.0570 | Val 1.1433 | Val macro-F1 0.2610 | Best macro-F1 0.2610 | Δt 0:00:01.228921
Specific stock 116 3/25 | Train 1.0376 | Val 1.1582 | Val macro-F1 0.2652 | Best macro-F1 0.2652 | Δt 0:00:01.224756
Specific stock 116 4/25 | Train 0.9904 | Val 1.2175 | Val macro-F1 0.2378 | Best macro-F1 0.2652 | Δt 0:00:01.189177
Specific stock 116 5/25 | Train 0.9555 | Val 1.2190 | Val macro-F1 0.2690 | Best macro-F1 0.2690 | Δt 0:00:01.208023
Specific stock 116 6/25 | Train 0.9247 | Val 1.2424 | Val macro-F1 0.2634 | Best macro-F1 0.2690 | Δt 0:00:01.208810
Specific stock 116 7/25 | Train 0.8865 | Val 1.2955 | Val macro-F1 0.2517 | Best macro-F1 0.2690 | Δt 0:00:01.210717
Specific stock 116 8/25 | Train 0.8403 | Val 1.3024 | Val macro-F1 0.2869 | Best macro-F1 0.2869 | Δt 0:00:01.203476
Specific stock 116 9/25 | Train 0.7999 | Val 1.3174 | Val macro-F1 0.3133 | Best macro-F1 0.3133 | Δt 0:00:01.205834
Specific stock 116 10/25 | Train 0.7494 | Val 1.3710 | Val macro-F1 0.2830 | Best macro-F1 0.3133 | Δt 0:00:01.214550
Specific stock 116 11/25 | Train 0.7266 | Val 1.3875 | Val macro-F1 0.2987 | Best macro-F1 0.3133 | Δt 0:00:01.203605
Specific stock 116 12/25 | Train 0.6690 | Val 1.4300 | Val macro-F1 0.3305 | Best macro-F1 0.3305 | Δt 0:00:01.210278
Specific stock 116 13/25 | Train 0.6327 | Val 1.4549 | Val macro-F1 0.3345 | Best macro-F1 0.3345 | Δt 0:00:01.208389
Specific stock 116 14/25 | Train 0.6087 | Val 1.5159 | Val macro-F1 0.3291 | Best macro-F1 0.3345 | Δt 0:00:01.208782
Specific stock 116 15/25 | Train 0.5352 | Val 1.5371 | Val macro-F1 0.3539 | Best macro-F1 0.3539 | Δt 0:00:01.211134
Specific stock 116 16/25 | Train 0.5167 | Val 1.5251 | Val macro-F1 0.3337 | Best macro-F1 0.3539 | Δt 0:00:01.201714
Specific stock 116 17/25 | Train 0.4534 | Val 1.6049 | Val macro-F1 0.3477 | Best macro-F1 0.3539 | Δt 0:00:01.209014
Specific stock 116 18/25 | Train 0.4430 | Val 1.7619 | Val macro-F1 0.3382 | Best macro-F1 0.3539 | Δt 0:00:01.206145
Specific stock 116 19/25 | Train 0.4344 | Val 1.7271 | Val macro-F1 0.3476 | Best macro-F1 0.3539 | Δt 0:00:01.203241
Specific stock 116 20/25 | Train 0.3816 | Val 1.8007 | Val macro-F1 0.3444 | Best macro-F1 0.3539 | Δt 0:00:01.204863
Specific stock 116 21/25 | Train 0.3976 | Val 1.8475 | Val macro-F1 0.3262 | Best macro-F1 0.3539 | Δt 0:00:01.209673
Early stopping at epoch 21 (patience=6).
  stock 116: specific-stock acc=0.3511  κ=0.0264
  stock 126 specific-train class counts: [885, 1530, 945]  weights: [1.0995938777923584, 0.8362925052642822, 1.0641136169433594]
Specific stock 126 1/25 | Train 1.0760 | Val 1.1262 | Val macro-F1 0.2820 | Best macro-F1 0.2820 | Δt 0:00:01.543503
Specific stock 126 2/25 | Train 1.0657 | Val 1.1133 | Val macro-F1 0.3225 | Best macro-F1 0.3225 | Δt 0:00:01.215386
Specific stock 126 3/25 | Train 1.0366 | Val 1.1366 | Val macro-F1 0.2943 | Best macro-F1 0.3225 | Δt 0:00:01.204241
Specific stock 126 4/25 | Train 1.0077 | Val 1.1476 | Val macro-F1 0.3162 | Best macro-F1 0.3225 | Δt 0:00:01.212278
Specific stock 126 5/25 | Train 0.9773 | Val 1.1653 | Val macro-F1 0.3266 | Best macro-F1 0.3266 | Δt 0:00:01.217776
Specific stock 126 6/25 | Train 0.9550 | Val 1.1836 | Val macro-F1 0.3417 | Best macro-F1 0.3417 | Δt 0:00:01.207893
Specific stock 126 7/25 | Train 0.9138 | Val 1.2127 | Val macro-F1 0.3517 | Best macro-F1 0.3517 | Δt 0:00:01.202683
Specific stock 126 8/25 | Train 0.8581 | Val 1.2811 | Val macro-F1 0.3434 | Best macro-F1 0.3517 | Δt 0:00:01.218363
Specific stock 126 9/25 | Train 0.8098 | Val 1.2742 | Val macro-F1 0.3488 | Best macro-F1 0.3517 | Δt 0:00:01.205849
Specific stock 126 10/25 | Train 0.7585 | Val 1.3118 | Val macro-F1 0.3528 | Best macro-F1 0.3528 | Δt 0:00:01.217686
Specific stock 126 11/25 | Train 0.7141 | Val 1.3874 | Val macro-F1 0.3717 | Best macro-F1 0.3717 | Δt 0:00:01.215442
Specific stock 126 12/25 | Train 0.6842 | Val 1.4599 | Val macro-F1 0.3709 | Best macro-F1 0.3717 | Δt 0:00:01.211457
Specific stock 126 13/25 | Train 0.6193 | Val 1.4687 | Val macro-F1 0.3741 | Best macro-F1 0.3741 | Δt 0:00:01.210188
Specific stock 126 14/25 | Train 0.6007 | Val 1.5528 | Val macro-F1 0.3676 | Best macro-F1 0.3741 | Δt 0:00:01.219256
Specific stock 126 15/25 | Train 0.5308 | Val 1.6722 | Val macro-F1 0.3629 | Best macro-F1 0.3741 | Δt 0:00:01.221996
Specific stock 126 16/25 | Train 0.4694 | Val 1.6714 | Val macro-F1 0.3676 | Best macro-F1 0.3741 | Δt 0:00:01.221476
Specific stock 126 17/25 | Train 0.5008 | Val 1.7872 | Val macro-F1 0.3442 | Best macro-F1 0.3741 | Δt 0:00:01.206647
Specific stock 126 18/25 | Train 0.4395 | Val 1.7682 | Val macro-F1 0.3715 | Best macro-F1 0.3741 | Δt 0:00:01.217045
Specific stock 126 19/25 | Train 0.4253 | Val 1.7697 | Val macro-F1 0.3784 | Best macro-F1 0.3784 | Δt 0:00:01.214083
Specific stock 126 20/25 | Train 0.3744 | Val 1.9028 | Val macro-F1 0.3619 | Best macro-F1 0.3784 | Δt 0:00:01.219982
Specific stock 126 21/25 | Train 0.3545 | Val 1.9892 | Val macro-F1 0.3388 | Best macro-F1 0.3784 | Δt 0:00:01.212654
Specific stock 126 22/25 | Train 0.3429 | Val 1.9295 | Val macro-F1 0.3721 | Best macro-F1 0.3784 | Δt 0:00:01.210072
Specific stock 126 23/25 | Train 0.3228 | Val 2.0068 | Val macro-F1 0.3583 | Best macro-F1 0.3784 | Δt 0:00:01.212435
Specific stock 126 24/25 | Train 0.2911 | Val 2.0693 | Val macro-F1 0.3780 | Best macro-F1 0.3784 | Δt 0:00:01.212535
Specific stock 126 25/25 | Train 0.2678 | Val 2.0767 | Val macro-F1 0.3700 | Best macro-F1 0.3784 | Δt 0:00:01.214278
Early stopping at epoch 25 (patience=6).
  stock 126: specific-stock acc=0.3639  κ=0.0426

============================================================
  Optiver Transfer Learning Summary
============================================================
 Stock Acc Before Acc After   Δ Acc κ After
    90     0.4922    0.3156 -0.1767  0.0691
    99     0.6072    0.6111 +0.0039  0.0143
   108     0.8161    0.0817 -0.7344 -0.0003
   116     0.4967    0.3250 -0.1717  0.0709
   126     0.4361    0.3394 -0.0967  0.0581

Specific-stock temporal OOS:
 Stock Specific OOS Acc Specific OOS κ
    90           0.3461         0.0157
    99           0.1878        -0.0032
   108           0.0811        -0.0001
   116           0.3511         0.0264
   126           0.3639         0.0426

All results saved to /ocean/projects/mth250011p/xxiao7/DeepLOB/results/optiver
--- Training horizon index 3 ---
Device: cuda:0
GPU: Tesla V100-SXM2-32GB
DataLoader workers: 4
Train stocks: 80  Transfer stocks: 32
Transfer-learning study stocks: [90, 99, 108, 116, 126]

============================================================
PHASE 1: Base Training  (horizon k=5, T=50)
------------------------------------------------------------
  Building combined dataset from train stocks...
  Combined: 160,000 samples (136,000 train, 24,000 val) from 80 stocks
  Base train class counts: [53557, 28339, 54104]  weights: [0.8902983069419861, 1.2239153385162354, 0.8857862949371338]
Base training 1/30 | Train 1.0682 | Val 1.1135 | Val macro-F1 0.1137 | Best macro-F1 0.1137 | Δt 0:00:48.535780
Base training 2/30 | Train 1.0565 | Val 1.2343 | Val macro-F1 0.1149 | Best macro-F1 0.1149 | Δt 0:00:47.755084
Base training 3/30 | Train 1.0505 | Val 1.2674 | Val macro-F1 0.1148 | Best macro-F1 0.1149 | Δt 0:00:47.500646
Base training 4/30 | Train 1.0455 | Val 1.3266 | Val macro-F1 0.1145 | Best macro-F1 0.1149 | Δt 0:00:47.515733
Base training 5/30 | Train 1.0439 | Val 1.1343 | Val macro-F1 0.1170 | Best macro-F1 0.1170 | Δt 0:00:47.668851
Base training 6/30 | Train 1.0428 | Val 1.8325 | Val macro-F1 0.1148 | Best macro-F1 0.1170 | Δt 0:00:47.557617
Base training 7/30 | Train 1.0413 | Val 1.0983 | Val macro-F1 0.1158 | Best macro-F1 0.1170 | Δt 0:00:47.569938
Base training 8/30 | Train 1.0393 | Val 1.0918 | Val macro-F1 0.2242 | Best macro-F1 0.2242 | Δt 0:00:47.478541
Base training 9/30 | Train 1.0376 | Val 1.5404 | Val macro-F1 0.1167 | Best macro-F1 0.2242 | Δt 0:00:47.530948
Base training 10/30 | Train 1.0380 | Val 1.1242 | Val macro-F1 0.1171 | Best macro-F1 0.2242 | Δt 0:00:47.822857
Base training 11/30 | Train 1.0346 | Val 1.3844 | Val macro-F1 0.1175 | Best macro-F1 0.2242 | Δt 0:00:47.547059
Base training 12/30 | Train 1.0336 | Val 1.5065 | Val macro-F1 0.1171 | Best macro-F1 0.2242 | Δt 0:00:47.629919
Base training 13/30 | Train 1.0309 | Val 1.5257 | Val macro-F1 0.1155 | Best macro-F1 0.2242 | Δt 0:00:47.466164
Base training 14/30 | Train 1.0283 | Val 1.6248 | Val macro-F1 0.1159 | Best macro-F1 0.2242 | Δt 0:00:47.684289
Early stopping at epoch 14 (patience=6).

  Evaluating base model on transfer stocks (zero-shot)...
    stock 90: acc=0.4457  κ=0.0000
    stock 99: acc=0.3348  κ=0.0019
    stock 108: acc=0.2222  κ=0.0007
    stock 116: acc=0.4313  κ=0.0000
    stock 126: acc=0.4570  κ=0.0000

============================================================
PHASE 2: Transfer Learning Fine-tuning
------------------------------------------------------------
  stock 90 fine-tune class counts: [1500, 386, 1474]  weights: [0.7537541389465332, 1.4858729839324951, 0.7603728771209717]
TL stock 90 1/12 | Train 1.1022 | Val 2.0229 | Val macro-F1 0.0722 | Best macro-F1 0.0722 | Δt 0:00:00.820577
TL stock 90 2/12 | Train 1.0716 | Val 2.0111 | Val macro-F1 0.0722 | Best macro-F1 0.0722 | Δt 0:00:00.508138
TL stock 90 3/12 | Train 1.0587 | Val 1.1914 | Val macro-F1 0.1899 | Best macro-F1 0.1899 | Δt 0:00:00.513984
TL stock 90 4/12 | Train 1.0265 | Val 1.2301 | Val macro-F1 0.1253 | Best macro-F1 0.1899 | Δt 0:00:00.498834
TL stock 90 5/12 | Train 1.0402 | Val 1.2142 | Val macro-F1 0.1139 | Best macro-F1 0.1899 | Δt 0:00:00.498856
TL stock 90 6/12 | Train 1.0366 | Val 1.2165 | Val macro-F1 0.0970 | Best macro-F1 0.1899 | Δt 0:00:00.497860
Early stopping at epoch 6 (patience=3).
  stock 90: acc before=0.4717 → after=0.1922 (Δ=-0.2794)
  stock 99 fine-tune class counts: [1186, 1048, 1126]  weights: [0.9708419442176819, 1.0327857732772827, 0.9963723421096802]
TL stock 99 1/12 | Train 1.0873 | Val 1.1181 | Val macro-F1 0.1641 | Best macro-F1 0.1641 | Δt 0:00:00.811703
TL stock 99 2/12 | Train 1.0862 | Val 1.1182 | Val macro-F1 0.1658 | Best macro-F1 0.1658 | Δt 0:00:00.507573
TL stock 99 3/12 | Train 1.0730 | Val 1.1134 | Val macro-F1 0.1646 | Best macro-F1 0.1658 | Δt 0:00:00.503222
TL stock 99 4/12 | Train 1.0802 | Val 1.1670 | Val macro-F1 0.1586 | Best macro-F1 0.1658 | Δt 0:00:00.501852
TL stock 99 5/12 | Train 1.0805 | Val 1.1336 | Val macro-F1 0.1612 | Best macro-F1 0.1658 | Δt 0:00:00.501381
Early stopping at epoch 5 (patience=3).
  stock 99: acc before=0.3394 → after=0.3222 (Δ=-0.0172)
  stock 108 fine-tune class counts: [687, 1924, 749]  weights: [1.1740443706512451, 0.7015527486801147, 1.1244028806686401]
TL stock 108 1/12 | Train 1.1158 | Val 1.1309 | Val macro-F1 0.1278 | Best macro-F1 0.1278 | Δt 0:00:00.817001
TL stock 108 2/12 | Train 1.0969 | Val 1.1957 | Val macro-F1 0.1294 | Best macro-F1 0.1294 | Δt 0:00:00.513418
TL stock 108 3/12 | Train 1.0738 | Val 1.2210 | Val macro-F1 0.1293 | Best macro-F1 0.1294 | Δt 0:00:00.502746
TL stock 108 4/12 | Train 1.0726 | Val 1.2102 | Val macro-F1 0.1248 | Best macro-F1 0.1294 | Δt 0:00:00.501572
TL stock 108 5/12 | Train 1.0677 | Val 1.2083 | Val macro-F1 0.1237 | Best macro-F1 0.1294 | Δt 0:00:00.497523
Early stopping at epoch 5 (patience=3).
  stock 108: acc before=0.2061 → after=0.2056 (Δ=-0.0006)
  stock 116 fine-tune class counts: [1438, 464, 1458]  weights: [0.7992424368858337, 1.4070158004760742, 0.7937417030334473]
TL stock 116 1/12 | Train 1.1149 | Val 2.0146 | Val macro-F1 0.0716 | Best macro-F1 0.0716 | Δt 0:00:00.822105
TL stock 116 2/12 | Train 1.0761 | Val 1.9602 | Val macro-F1 0.0716 | Best macro-F1 0.0716 | Δt 0:00:00.507173
TL stock 116 3/12 | Train 1.0649 | Val 1.1645 | Val macro-F1 0.1824 | Best macro-F1 0.1824 | Δt 0:00:00.509915
TL stock 116 4/12 | Train 1.0520 | Val 1.1805 | Val macro-F1 0.1571 | Best macro-F1 0.1824 | Δt 0:00:00.497760
TL stock 116 5/12 | Train 1.0481 | Val 1.1781 | Val macro-F1 0.1514 | Best macro-F1 0.1824 | Δt 0:00:00.496844
TL stock 116 6/12 | Train 1.0490 | Val 1.1783 | Val macro-F1 0.1434 | Best macro-F1 0.1824 | Δt 0:00:00.511008
Early stopping at epoch 6 (patience=3).
  stock 116: acc before=0.4228 → after=0.2150 (Δ=-0.2078)
  stock 126 fine-tune class counts: [1468, 371, 1521]  weights: [0.7553608417510986, 1.5025554895401, 0.7420836687088013]
TL stock 126 1/12 | Train 1.0963 | Val 2.1147 | Val macro-F1 0.0566 | Best macro-F1 0.0566 | Δt 0:00:00.848899
TL stock 126 2/12 | Train 1.0635 | Val 2.0353 | Val macro-F1 0.0566 | Best macro-F1 0.0566 | Δt 0:00:00.510302
TL stock 126 3/12 | Train 1.0459 | Val 1.1881 | Val macro-F1 0.1888 | Best macro-F1 0.1888 | Δt 0:00:00.508515
TL stock 126 4/12 | Train 1.0347 | Val 1.2324 | Val macro-F1 0.1212 | Best macro-F1 0.1888 | Δt 0:00:00.503314
TL stock 126 5/12 | Train 1.0296 | Val 1.2413 | Val macro-F1 0.1172 | Best macro-F1 0.1888 | Δt 0:00:00.499508
TL stock 126 6/12 | Train 1.0100 | Val 1.2605 | Val macro-F1 0.1098 | Best macro-F1 0.1888 | Δt 0:00:00.502918
Early stopping at epoch 6 (patience=3).
  stock 126: acc before=0.4622 → after=0.2072 (Δ=-0.2550)

============================================================
PHASE 3: Specific-stock Temporal Out-of-sample
------------------------------------------------------------
  stock 90 specific-train class counts: [1500, 386, 1474]  weights: [0.7537541389465332, 1.4858729839324951, 0.7603728771209717]
Specific stock 90 1/25 | Train 1.0382 | Val 1.2432 | Val macro-F1 0.1242 | Best macro-F1 0.1242 | Δt 0:00:01.532093
Specific stock 90 2/25 | Train 0.9927 | Val 1.2547 | Val macro-F1 0.2070 | Best macro-F1 0.2070 | Δt 0:00:01.212989
Specific stock 90 3/25 | Train 0.9419 | Val 1.2019 | Val macro-F1 0.2611 | Best macro-F1 0.2611 | Δt 0:00:01.211890
Specific stock 90 4/25 | Train 0.8646 | Val 1.2838 | Val macro-F1 0.2628 | Best macro-F1 0.2628 | Δt 0:00:01.212285
Specific stock 90 5/25 | Train 0.8309 | Val 1.3351 | Val macro-F1 0.2785 | Best macro-F1 0.2785 | Δt 0:00:01.222389
Specific stock 90 6/25 | Train 0.7475 | Val 1.3580 | Val macro-F1 0.2951 | Best macro-F1 0.2951 | Δt 0:00:01.214923
Specific stock 90 7/25 | Train 0.6770 | Val 1.3663 | Val macro-F1 0.3165 | Best macro-F1 0.3165 | Δt 0:00:01.215664
Specific stock 90 8/25 | Train 0.5928 | Val 1.4152 | Val macro-F1 0.3328 | Best macro-F1 0.3328 | Δt 0:00:01.213712
Specific stock 90 9/25 | Train 0.5936 | Val 1.4343 | Val macro-F1 0.3228 | Best macro-F1 0.3328 | Δt 0:00:01.203343
Specific stock 90 10/25 | Train 0.5682 | Val 1.4907 | Val macro-F1 0.3292 | Best macro-F1 0.3328 | Δt 0:00:01.208962
Specific stock 90 11/25 | Train 0.5509 | Val 1.4506 | Val macro-F1 0.3383 | Best macro-F1 0.3383 | Δt 0:00:01.375788
Specific stock 90 12/25 | Train 0.5062 | Val 1.5305 | Val macro-F1 0.3532 | Best macro-F1 0.3532 | Δt 0:00:01.217499
Specific stock 90 13/25 | Train 0.4792 | Val 1.4910 | Val macro-F1 0.3555 | Best macro-F1 0.3555 | Δt 0:00:01.228391
Specific stock 90 14/25 | Train 0.4364 | Val 1.5543 | Val macro-F1 0.3472 | Best macro-F1 0.3555 | Δt 0:00:01.209803
Specific stock 90 15/25 | Train 0.4476 | Val 1.6334 | Val macro-F1 0.3346 | Best macro-F1 0.3555 | Δt 0:00:01.207406
Specific stock 90 16/25 | Train 0.4164 | Val 1.6096 | Val macro-F1 0.3504 | Best macro-F1 0.3555 | Δt 0:00:01.212692
Specific stock 90 17/25 | Train 0.4275 | Val 1.6668 | Val macro-F1 0.3463 | Best macro-F1 0.3555 | Δt 0:00:01.205001
Specific stock 90 18/25 | Train 0.4437 | Val 1.7136 | Val macro-F1 0.3310 | Best macro-F1 0.3555 | Δt 0:00:01.217601
Specific stock 90 19/25 | Train 0.3877 | Val 1.6851 | Val macro-F1 0.3347 | Best macro-F1 0.3555 | Δt 0:00:01.201126
Early stopping at epoch 19 (patience=6).
  stock 90: specific-stock acc=0.4083  κ=0.0230
  stock 99 specific-train class counts: [1186, 1048, 1126]  weights: [0.9708419442176819, 1.0327857732772827, 0.9963723421096802]
Specific stock 99 1/25 | Train 1.0994 | Val 1.1559 | Val macro-F1 0.1625 | Best macro-F1 0.1625 | Δt 0:00:01.564301
Specific stock 99 2/25 | Train 1.0880 | Val 1.1114 | Val macro-F1 0.1736 | Best macro-F1 0.1736 | Δt 0:00:01.209830
Specific stock 99 3/25 | Train 1.0800 | Val 1.2017 | Val macro-F1 0.1627 | Best macro-F1 0.1736 | Δt 0:00:01.201675
Specific stock 99 4/25 | Train 1.0805 | Val 1.1125 | Val macro-F1 0.1628 | Best macro-F1 0.1736 | Δt 0:00:01.207386
Specific stock 99 5/25 | Train 1.0809 | Val 1.1852 | Val macro-F1 0.1608 | Best macro-F1 0.1736 | Δt 0:00:01.212727
Specific stock 99 6/25 | Train 1.0747 | Val 1.1089 | Val macro-F1 0.1739 | Best macro-F1 0.1739 | Δt 0:00:01.218345
Specific stock 99 7/25 | Train 1.0755 | Val 1.1078 | Val macro-F1 0.1741 | Best macro-F1 0.1741 | Δt 0:00:01.219185
Specific stock 99 8/25 | Train 1.0805 | Val 1.1077 | Val macro-F1 0.1682 | Best macro-F1 0.1741 | Δt 0:00:01.215267
Specific stock 99 9/25 | Train 1.0722 | Val 1.1096 | Val macro-F1 0.1780 | Best macro-F1 0.1780 | Δt 0:00:01.225415
Specific stock 99 10/25 | Train 1.0717 | Val 1.1010 | Val macro-F1 0.1843 | Best macro-F1 0.1843 | Δt 0:00:01.209764
Specific stock 99 11/25 | Train 1.0803 | Val 1.1175 | Val macro-F1 0.1667 | Best macro-F1 0.1843 | Δt 0:00:01.206695
Specific stock 99 12/25 | Train 1.0776 | Val 1.1691 | Val macro-F1 0.1640 | Best macro-F1 0.1843 | Δt 0:00:01.216295
Specific stock 99 13/25 | Train 1.0688 | Val 1.1273 | Val macro-F1 0.1808 | Best macro-F1 0.1843 | Δt 0:00:01.214913
Specific stock 99 14/25 | Train 1.0694 | Val 1.1953 | Val macro-F1 0.1699 | Best macro-F1 0.1843 | Δt 0:00:01.220187
Specific stock 99 15/25 | Train 1.0614 | Val 1.1651 | Val macro-F1 0.2051 | Best macro-F1 0.2051 | Δt 0:00:01.216224
Specific stock 99 16/25 | Train 1.0565 | Val 1.1451 | Val macro-F1 0.1857 | Best macro-F1 0.2051 | Δt 0:00:01.216007
Specific stock 99 17/25 | Train 1.0648 | Val 1.1320 | Val macro-F1 0.1763 | Best macro-F1 0.2051 | Δt 0:00:01.202181
Specific stock 99 18/25 | Train 1.0652 | Val 1.1174 | Val macro-F1 0.1949 | Best macro-F1 0.2051 | Δt 0:00:01.203059
Specific stock 99 19/25 | Train 1.0663 | Val 1.1307 | Val macro-F1 0.1650 | Best macro-F1 0.2051 | Δt 0:00:01.206368
Specific stock 99 20/25 | Train 1.0530 | Val 1.1446 | Val macro-F1 0.1628 | Best macro-F1 0.2051 | Δt 0:00:01.210089
Specific stock 99 21/25 | Train 1.0574 | Val 1.1158 | Val macro-F1 0.1787 | Best macro-F1 0.2051 | Δt 0:00:01.218193
Early stopping at epoch 21 (patience=6).
  stock 99: specific-stock acc=0.3422  κ=0.0003
  stock 108 specific-train class counts: [687, 1924, 749]  weights: [1.1740443706512451, 0.7015527486801147, 1.1244028806686401]
Specific stock 108 1/25 | Train 1.0824 | Val 1.1098 | Val macro-F1 0.1219 | Best macro-F1 0.1219 | Δt 0:00:01.531218
Specific stock 108 2/25 | Train 1.0726 | Val 1.1241 | Val macro-F1 0.1255 | Best macro-F1 0.1255 | Δt 0:00:01.217228
Specific stock 108 3/25 | Train 1.0738 | Val 1.1735 | Val macro-F1 0.1320 | Best macro-F1 0.1320 | Δt 0:00:01.216770
Specific stock 108 4/25 | Train 1.0672 | Val 1.1201 | Val macro-F1 0.1325 | Best macro-F1 0.1325 | Δt 0:00:01.225888
Specific stock 108 5/25 | Train 1.0717 | Val 1.1409 | Val macro-F1 0.1332 | Best macro-F1 0.1332 | Δt 0:00:01.217783
Specific stock 108 6/25 | Train 1.0631 | Val 1.3038 | Val macro-F1 0.1310 | Best macro-F1 0.1332 | Δt 0:00:01.208292
Specific stock 108 7/25 | Train 1.0619 | Val 1.2790 | Val macro-F1 0.1309 | Best macro-F1 0.1332 | Δt 0:00:01.214210
Specific stock 108 8/25 | Train 1.0658 | Val 1.2532 | Val macro-F1 0.1308 | Best macro-F1 0.1332 | Δt 0:00:01.210158
Specific stock 108 9/25 | Train 1.0619 | Val 1.2239 | Val macro-F1 0.1326 | Best macro-F1 0.1332 | Δt 0:00:01.207448
Specific stock 108 10/25 | Train 1.0537 | Val 1.1996 | Val macro-F1 0.1326 | Best macro-F1 0.1332 | Δt 0:00:01.207174
Specific stock 108 11/25 | Train 1.0493 | Val 1.2285 | Val macro-F1 0.1326 | Best macro-F1 0.1332 | Δt 0:00:01.220724
Early stopping at epoch 11 (patience=6).
  stock 108: specific-stock acc=0.2033  κ=0.0001
  stock 116 specific-train class counts: [1438, 464, 1458]  weights: [0.7992424368858337, 1.4070158004760742, 0.7937417030334473]
Specific stock 116 1/25 | Train 1.0529 | Val 1.2255 | Val macro-F1 0.1368 | Best macro-F1 0.1368 | Δt 0:00:01.555203
Specific stock 116 2/25 | Train 1.0148 | Val 1.1953 | Val macro-F1 0.2163 | Best macro-F1 0.2163 | Δt 0:00:01.240626
Specific stock 116 3/25 | Train 0.9572 | Val 1.2143 | Val macro-F1 0.2607 | Best macro-F1 0.2607 | Δt 0:00:01.225226
Specific stock 116 4/25 | Train 0.9310 | Val 1.2172 | Val macro-F1 0.2909 | Best macro-F1 0.2909 | Δt 0:00:01.243177
Specific stock 116 5/25 | Train 0.8409 | Val 1.3122 | Val macro-F1 0.3069 | Best macro-F1 0.3069 | Δt 0:00:01.232382
Specific stock 116 6/25 | Train 0.7979 | Val 1.3023 | Val macro-F1 0.3055 | Best macro-F1 0.3069 | Δt 0:00:01.217792
Specific stock 116 7/25 | Train 0.7312 | Val 1.3343 | Val macro-F1 0.3020 | Best macro-F1 0.3069 | Δt 0:00:01.213166
Specific stock 116 8/25 | Train 0.6836 | Val 1.3349 | Val macro-F1 0.3307 | Best macro-F1 0.3307 | Δt 0:00:01.225367
Specific stock 116 9/25 | Train 0.6291 | Val 1.3596 | Val macro-F1 0.3368 | Best macro-F1 0.3368 | Δt 0:00:01.227833
Specific stock 116 10/25 | Train 0.6102 | Val 1.4927 | Val macro-F1 0.3159 | Best macro-F1 0.3368 | Δt 0:00:01.222936
Specific stock 116 11/25 | Train 0.5580 | Val 1.5136 | Val macro-F1 0.3114 | Best macro-F1 0.3368 | Δt 0:00:01.209775
Specific stock 116 12/25 | Train 0.5223 | Val 1.5056 | Val macro-F1 0.3319 | Best macro-F1 0.3368 | Δt 0:00:01.220630
Specific stock 116 13/25 | Train 0.4951 | Val 1.6496 | Val macro-F1 0.3314 | Best macro-F1 0.3368 | Δt 0:00:01.214231
Specific stock 116 14/25 | Train 0.4834 | Val 1.5755 | Val macro-F1 0.3165 | Best macro-F1 0.3368 | Δt 0:00:01.217691
Specific stock 116 15/25 | Train 0.4745 | Val 1.6866 | Val macro-F1 0.3309 | Best macro-F1 0.3368 | Δt 0:00:01.206263
Early stopping at epoch 15 (patience=6).
  stock 116: specific-stock acc=0.3683  κ=0.0221
  stock 126 specific-train class counts: [1468, 371, 1521]  weights: [0.7553608417510986, 1.5025554895401, 0.7420836687088013]
Specific stock 126 1/25 | Train 1.0338 | Val 1.2658 | Val macro-F1 0.1644 | Best macro-F1 0.1644 | Δt 0:00:01.540739
Specific stock 126 2/25 | Train 0.9498 | Val 1.2405 | Val macro-F1 0.2046 | Best macro-F1 0.2046 | Δt 0:00:01.227348
Specific stock 126 3/25 | Train 0.9039 | Val 1.2726 | Val macro-F1 0.2522 | Best macro-F1 0.2522 | Δt 0:00:01.226123
Specific stock 126 4/25 | Train 0.8277 | Val 1.2209 | Val macro-F1 0.2920 | Best macro-F1 0.2920 | Δt 0:00:01.229983
Specific stock 126 5/25 | Train 0.7586 | Val 1.2822 | Val macro-F1 0.3035 | Best macro-F1 0.3035 | Δt 0:00:01.220851
Specific stock 126 6/25 | Train 0.7050 | Val 1.2389 | Val macro-F1 0.3252 | Best macro-F1 0.3252 | Δt 0:00:01.216197
Specific stock 126 7/25 | Train 0.6329 | Val 1.2898 | Val macro-F1 0.3115 | Best macro-F1 0.3252 | Δt 0:00:01.212677
Specific stock 126 8/25 | Train 0.5763 | Val 1.3410 | Val macro-F1 0.3290 | Best macro-F1 0.3290 | Δt 0:00:01.221758
Specific stock 126 9/25 | Train 0.5507 | Val 1.4290 | Val macro-F1 0.3177 | Best macro-F1 0.3290 | Δt 0:00:01.211948
Specific stock 126 10/25 | Train 0.5409 | Val 1.4191 | Val macro-F1 0.3230 | Best macro-F1 0.3290 | Δt 0:00:01.209962
Specific stock 126 11/25 | Train 0.4773 | Val 1.4425 | Val macro-F1 0.3243 | Best macro-F1 0.3290 | Δt 0:00:01.215825
Specific stock 126 12/25 | Train 0.4710 | Val 1.4905 | Val macro-F1 0.3177 | Best macro-F1 0.3290 | Δt 0:00:01.224189
Specific stock 126 13/25 | Train 0.4556 | Val 1.4204 | Val macro-F1 0.3576 | Best macro-F1 0.3576 | Δt 0:00:01.213753
Specific stock 126 14/25 | Train 0.4465 | Val 1.4778 | Val macro-F1 0.3398 | Best macro-F1 0.3576 | Δt 0:00:01.212249
Specific stock 126 15/25 | Train 0.3888 | Val 1.5398 | Val macro-F1 0.3462 | Best macro-F1 0.3576 | Δt 0:00:01.203331
Specific stock 126 16/25 | Train 0.4266 | Val 1.4756 | Val macro-F1 0.3428 | Best macro-F1 0.3576 | Δt 0:00:01.204682
Specific stock 126 17/25 | Train 0.3959 | Val 1.5553 | Val macro-F1 0.3516 | Best macro-F1 0.3576 | Δt 0:00:01.217180
Specific stock 126 18/25 | Train 0.3616 | Val 1.6093 | Val macro-F1 0.3463 | Best macro-F1 0.3576 | Δt 0:00:01.225521
Specific stock 126 19/25 | Train 0.3859 | Val 1.5908 | Val macro-F1 0.3569 | Best macro-F1 0.3576 | Δt 0:00:01.214838
Early stopping at epoch 19 (patience=6).
  stock 126: specific-stock acc=0.4322  κ=0.0627

============================================================
  Optiver Transfer Learning Summary
============================================================
 Stock Acc Before Acc After   Δ Acc κ After
    90     0.4717    0.1922 -0.2794  0.0210
    99     0.3394    0.3222 -0.0172  0.0028
   108     0.2061    0.2056 -0.0006  0.0014
   116     0.4228    0.2150 -0.2078  0.0220
   126     0.4622    0.2072 -0.2550  0.0259

Specific-stock temporal OOS:
 Stock Specific OOS Acc Specific OOS κ
    90           0.4083         0.0230
    99           0.3422         0.0003
   108           0.2033         0.0001
   116           0.3683         0.0221
   126           0.4322         0.0627

All results saved to /ocean/projects/mth250011p/xxiao7/DeepLOB/results/optiver
--- Training horizon index 4 ---
Device: cuda:0
GPU: Tesla V100-SXM2-32GB
DataLoader workers: 4
Train stocks: 80  Transfer stocks: 32
Transfer-learning study stocks: [90, 99, 108, 116, 126]

============================================================
PHASE 1: Base Training  (horizon k=10, T=50)
------------------------------------------------------------
  Building combined dataset from train stocks...
  Combined: 160,000 samples (136,000 train, 24,000 val) from 80 stocks
  Base train class counts: [59306, 16918, 59776]  weights: [0.7755228281021118, 1.4520092010498047, 0.7724679708480835]
Base training 1/30 | Train 1.0227 | Val 1.1657 | Val macro-F1 0.0718 | Best macro-F1 0.0718 | Δt 0:00:48.359160
Base training 2/30 | Train 1.0109 | Val 1.3581 | Val macro-F1 0.0718 | Best macro-F1 0.0718 | Δt 0:00:47.467075
Base training 3/30 | Train 1.0086 | Val 1.4403 | Val macro-F1 0.0722 | Best macro-F1 0.0722 | Δt 0:00:47.329752
Base training 4/30 | Train 1.0041 | Val 1.9891 | Val macro-F1 0.0719 | Best macro-F1 0.0722 | Δt 0:00:47.103271
Base training 5/30 | Train 1.0031 | Val 1.3349 | Val macro-F1 0.0718 | Best macro-F1 0.0722 | Δt 0:00:47.481248
Base training 6/30 | Train 0.9982 | Val 1.2542 | Val macro-F1 0.0728 | Best macro-F1 0.0728 | Δt 0:00:47.382576
Base training 7/30 | Train 0.9905 | Val 1.6687 | Val macro-F1 0.0721 | Best macro-F1 0.0728 | Δt 0:00:47.620697
Base training 8/30 | Train 0.9864 | Val 1.4139 | Val macro-F1 0.0720 | Best macro-F1 0.0728 | Δt 0:00:47.293459
Base training 9/30 | Train 0.9844 | Val 1.2774 | Val macro-F1 0.0718 | Best macro-F1 0.0728 | Δt 0:00:47.438590
Base training 10/30 | Train 0.9802 | Val 1.9567 | Val macro-F1 0.0718 | Best macro-F1 0.0728 | Δt 0:00:47.307144
Base training 11/30 | Train 0.9835 | Val 1.3793 | Val macro-F1 0.0718 | Best macro-F1 0.0728 | Δt 0:00:47.442172
Base training 12/30 | Train 0.9786 | Val 1.3000 | Val macro-F1 0.0719 | Best macro-F1 0.0728 | Δt 0:00:47.615576
Early stopping at epoch 12 (patience=6).

  Evaluating base model on transfer stocks (zero-shot)...
    stock 90: acc=0.0488  κ=0.0000
    stock 99: acc=0.2023  κ=0.0002
    stock 108: acc=0.4403  κ=-0.0013
    stock 116: acc=0.0590  κ=0.0000
    stock 126: acc=0.0375  κ=0.0000

============================================================
PHASE 2: Transfer Learning Fine-tuning
------------------------------------------------------------
  stock 90 fine-tune class counts: [1608, 173, 1579]  weights: [0.5931341052055359, 1.8083099126815796, 0.5985560417175293]
TL stock 90 1/12 | Train 0.9996 | Val 2.4035 | Val macro-F1 0.0267 | Best macro-F1 0.0267 | Δt 0:00:00.921568
TL stock 90 2/12 | Train 0.9738 | Val 2.3138 | Val macro-F1 0.0267 | Best macro-F1 0.0267 | Δt 0:00:00.518308
TL stock 90 3/12 | Train 0.9552 | Val 1.4386 | Val macro-F1 0.0487 | Best macro-F1 0.0487 | Δt 0:00:00.525665
TL stock 90 4/12 | Train 0.9610 | Val 1.3825 | Val macro-F1 0.0511 | Best macro-F1 0.0511 | Δt 0:00:00.519265
TL stock 90 5/12 | Train 0.9406 | Val 1.4241 | Val macro-F1 0.0536 | Best macro-F1 0.0536 | Δt 0:00:00.508497
TL stock 90 6/12 | Train 0.9113 | Val 1.4537 | Val macro-F1 0.0582 | Best macro-F1 0.0582 | Δt 0:00:00.509995
TL stock 90 7/12 | Train 0.9171 | Val 1.4589 | Val macro-F1 0.0568 | Best macro-F1 0.0582 | Δt 0:00:00.502288
TL stock 90 8/12 | Train 0.9247 | Val 1.4394 | Val macro-F1 0.0676 | Best macro-F1 0.0676 | Δt 0:00:00.509716
TL stock 90 9/12 | Train 0.9187 | Val 1.4020 | Val macro-F1 0.0796 | Best macro-F1 0.0796 | Δt 0:00:00.512688
TL stock 90 10/12 | Train 0.9032 | Val 1.4100 | Val macro-F1 0.0898 | Best macro-F1 0.0898 | Δt 0:00:00.509406
TL stock 90 11/12 | Train 0.8953 | Val 1.4249 | Val macro-F1 0.0913 | Best macro-F1 0.0913 | Δt 0:00:00.511594
TL stock 90 12/12 | Train 0.8757 | Val 1.4946 | Val macro-F1 0.0813 | Best macro-F1 0.0913 | Δt 0:00:00.509372
  stock 90: acc before=0.0472 → after=0.1139 (Δ=+0.0667)
  stock 99 fine-tune class counts: [1363, 659, 1338]  weights: [0.8702077865600586, 1.2514922618865967, 0.8782998919487]
TL stock 99 1/12 | Train 1.0821 | Val 1.2290 | Val macro-F1 0.1101 | Best macro-F1 0.1101 | Δt 0:00:00.835133
TL stock 99 2/12 | Train 1.0647 | Val 1.3310 | Val macro-F1 0.1080 | Best macro-F1 0.1101 | Δt 0:00:00.508258
TL stock 99 3/12 | Train 1.0698 | Val 1.2090 | Val macro-F1 0.1117 | Best macro-F1 0.1117 | Δt 0:00:00.519052
TL stock 99 4/12 | Train 1.0590 | Val 1.2596 | Val macro-F1 0.1121 | Best macro-F1 0.1121 | Δt 0:00:00.510348
TL stock 99 5/12 | Train 1.0663 | Val 1.1054 | Val macro-F1 0.1131 | Best macro-F1 0.1131 | Δt 0:00:00.520058
TL stock 99 6/12 | Train 1.0614 | Val 1.1831 | Val macro-F1 0.1155 | Best macro-F1 0.1155 | Δt 0:00:00.509216
TL stock 99 7/12 | Train 1.0681 | Val 1.4290 | Val macro-F1 0.1092 | Best macro-F1 0.1155 | Δt 0:00:00.500488
TL stock 99 8/12 | Train 1.0530 | Val 1.2042 | Val macro-F1 0.1093 | Best macro-F1 0.1155 | Δt 0:00:00.506480
TL stock 99 9/12 | Train 1.0568 | Val 1.2681 | Val macro-F1 0.1139 | Best macro-F1 0.1155 | Δt 0:00:00.499393
Early stopping at epoch 9 (patience=3).
  stock 99: acc before=0.2156 → after=0.2167 (Δ=+0.0011)
  stock 108 fine-tune class counts: [923, 1476, 961]  weights: [1.0827146768569946, 0.8561930060386658, 1.0610923767089844]
TL stock 108 1/12 | Train 1.1368 | Val 1.1021 | Val macro-F1 0.1454 | Best macro-F1 0.1454 | Δt 0:00:00.829625
TL stock 108 2/12 | Train 1.0947 | Val 1.1009 | Val macro-F1 0.1461 | Best macro-F1 0.1461 | Δt 0:00:00.515174
TL stock 108 3/12 | Train 1.0769 | Val 1.0990 | Val macro-F1 0.2090 | Best macro-F1 0.2090 | Δt 0:00:00.508266
TL stock 108 4/12 | Train 1.0722 | Val 1.1452 | Val macro-F1 0.1527 | Best macro-F1 0.2090 | Δt 0:00:00.506824
TL stock 108 5/12 | Train 1.0767 | Val 1.1264 | Val macro-F1 0.1552 | Best macro-F1 0.2090 | Δt 0:00:00.508732
TL stock 108 6/12 | Train 1.0694 | Val 1.1080 | Val macro-F1 0.1476 | Best macro-F1 0.2090 | Δt 0:00:00.498209
Early stopping at epoch 6 (patience=3).
  stock 108: acc before=0.4528 → after=0.4533 (Δ=+0.0006)
  stock 116 fine-tune class counts: [1612, 192, 1556]  weights: [0.6103277206420898, 1.7684589624404907, 0.6212133765220642]
TL stock 116 1/12 | Train 1.0239 | Val 2.2114 | Val macro-F1 0.0451 | Best macro-F1 0.0451 | Δt 0:00:00.829361
TL stock 116 2/12 | Train 0.9770 | Val 2.1093 | Val macro-F1 0.0451 | Best macro-F1 0.0451 | Δt 0:00:00.509915
TL stock 116 3/12 | Train 0.9794 | Val 1.2608 | Val macro-F1 0.0586 | Best macro-F1 0.0586 | Δt 0:00:00.514673
TL stock 116 4/12 | Train 0.9609 | Val 1.3234 | Val macro-F1 0.0471 | Best macro-F1 0.0586 | Δt 0:00:00.507104
TL stock 116 5/12 | Train 0.9747 | Val 1.2994 | Val macro-F1 0.0447 | Best macro-F1 0.0586 | Δt 0:00:00.502525
TL stock 116 6/12 | Train 0.9554 | Val 1.3301 | Val macro-F1 0.0464 | Best macro-F1 0.0586 | Δt 0:00:00.505042
Early stopping at epoch 6 (patience=3).
  stock 116: acc before=0.0561 → after=0.0650 (Δ=+0.0089)
  stock 126 fine-tune class counts: [1616, 118, 1626]  weights: [0.5265389084815979, 1.9485437870025635, 0.5249173045158386]
TL stock 126 1/12 | Train 0.9572 | Val 2.4058 | Val macro-F1 0.0259 | Best macro-F1 0.0259 | Δt 0:00:00.868934
TL stock 126 2/12 | Train 0.9009 | Val 2.1555 | Val macro-F1 0.0259 | Best macro-F1 0.0259 | Δt 0:00:00.519456
TL stock 126 3/12 | Train 0.9009 | Val 1.3580 | Val macro-F1 0.0485 | Best macro-F1 0.0485 | Δt 0:00:00.518642
TL stock 126 4/12 | Train 0.8646 | Val 1.4342 | Val macro-F1 0.0574 | Best macro-F1 0.0574 | Δt 0:00:00.517956
TL stock 126 5/12 | Train 0.8550 | Val 1.4154 | Val macro-F1 0.0624 | Best macro-F1 0.0624 | Δt 0:00:00.517727
TL stock 126 6/12 | Train 0.8351 | Val 1.4529 | Val macro-F1 0.1058 | Best macro-F1 0.1058 | Δt 0:00:00.507368
TL stock 126 7/12 | Train 0.8223 | Val 1.3585 | Val macro-F1 0.1264 | Best macro-F1 0.1264 | Δt 0:00:00.509985
TL stock 126 8/12 | Train 0.8116 | Val 1.4184 | Val macro-F1 0.1338 | Best macro-F1 0.1338 | Δt 0:00:00.523094
TL stock 126 9/12 | Train 0.8032 | Val 1.4218 | Val macro-F1 0.1455 | Best macro-F1 0.1455 | Δt 0:00:00.509703
TL stock 126 10/12 | Train 0.7901 | Val 1.4040 | Val macro-F1 0.1634 | Best macro-F1 0.1634 | Δt 0:00:00.516455
TL stock 126 11/12 | Train 0.7785 | Val 1.3692 | Val macro-F1 0.1826 | Best macro-F1 0.1826 | Δt 0:00:00.583561
TL stock 126 12/12 | Train 0.7671 | Val 1.3240 | Val macro-F1 0.2020 | Best macro-F1 0.2020 | Δt 0:00:00.552287
  stock 126: acc before=0.0406 → after=0.1772 (Δ=+0.1367)

============================================================
PHASE 3: Specific-stock Temporal Out-of-sample
------------------------------------------------------------
  stock 90 specific-train class counts: [1608, 173, 1579]  weights: [0.5931341052055359, 1.8083099126815796, 0.5985560417175293]
Specific stock 90 1/25 | Train 0.9208 | Val 1.4406 | Val macro-F1 0.1283 | Best macro-F1 0.1283 | Δt 0:00:01.559864
Specific stock 90 2/25 | Train 0.8247 | Val 1.3642 | Val macro-F1 0.1998 | Best macro-F1 0.1998 | Δt 0:00:01.221124
Specific stock 90 3/25 | Train 0.7227 | Val 1.4717 | Val macro-F1 0.2339 | Best macro-F1 0.2339 | Δt 0:00:01.237944
Specific stock 90 4/25 | Train 0.6185 | Val 1.3370 | Val macro-F1 0.2950 | Best macro-F1 0.2950 | Δt 0:00:01.231429
Specific stock 90 5/25 | Train 0.5653 | Val 1.3242 | Val macro-F1 0.2778 | Best macro-F1 0.2950 | Δt 0:00:01.222372
Specific stock 90 6/25 | Train 0.5201 | Val 1.2811 | Val macro-F1 0.3278 | Best macro-F1 0.3278 | Δt 0:00:01.227162
Specific stock 90 7/25 | Train 0.4783 | Val 1.2090 | Val macro-F1 0.3464 | Best macro-F1 0.3464 | Δt 0:00:01.215399
Specific stock 90 8/25 | Train 0.4339 | Val 1.2356 | Val macro-F1 0.3359 | Best macro-F1 0.3464 | Δt 0:00:01.209894
Specific stock 90 9/25 | Train 0.4327 | Val 1.3412 | Val macro-F1 0.3245 | Best macro-F1 0.3464 | Δt 0:00:01.202669
Specific stock 90 10/25 | Train 0.4185 | Val 1.2169 | Val macro-F1 0.3185 | Best macro-F1 0.3464 | Δt 0:00:01.216381
Specific stock 90 11/25 | Train 0.3999 | Val 1.2255 | Val macro-F1 0.3331 | Best macro-F1 0.3464 | Δt 0:00:01.213285
Specific stock 90 12/25 | Train 0.3995 | Val 1.2271 | Val macro-F1 0.3331 | Best macro-F1 0.3464 | Δt 0:00:01.211395
Specific stock 90 13/25 | Train 0.3807 | Val 1.2269 | Val macro-F1 0.3259 | Best macro-F1 0.3464 | Δt 0:00:01.213876
Early stopping at epoch 13 (patience=6).
  stock 90: specific-stock acc=0.3883  κ=0.0083
  stock 99 specific-train class counts: [1363, 659, 1338]  weights: [0.8702077865600586, 1.2514922618865967, 0.8782998919487]
Specific stock 99 1/25 | Train 1.0785 | Val 1.3108 | Val macro-F1 0.1142 | Best macro-F1 0.1142 | Δt 0:00:01.768401
Specific stock 99 2/25 | Train 1.0600 | Val 1.3479 | Val macro-F1 0.1111 | Best macro-F1 0.1142 | Δt 0:00:01.227108
Specific stock 99 3/25 | Train 1.0682 | Val 1.1236 | Val macro-F1 0.1125 | Best macro-F1 0.1142 | Δt 0:00:01.224030
Specific stock 99 4/25 | Train 1.0525 | Val 1.3360 | Val macro-F1 0.1169 | Best macro-F1 0.1169 | Δt 0:00:01.225431
Specific stock 99 5/25 | Train 1.0721 | Val 1.1527 | Val macro-F1 0.1165 | Best macro-F1 0.1169 | Δt 0:00:01.211852
Specific stock 99 6/25 | Train 1.0542 | Val 1.1265 | Val macro-F1 0.1154 | Best macro-F1 0.1169 | Δt 0:00:01.209265
Specific stock 99 7/25 | Train 1.0624 | Val 1.1497 | Val macro-F1 0.1193 | Best macro-F1 0.1193 | Δt 0:00:01.224820
Specific stock 99 8/25 | Train 1.0572 | Val 1.1473 | Val macro-F1 0.1289 | Best macro-F1 0.1289 | Δt 0:00:01.217837
Specific stock 99 9/25 | Train 1.0441 | Val 1.3222 | Val macro-F1 0.1186 | Best macro-F1 0.1289 | Δt 0:00:01.211634
Specific stock 99 10/25 | Train 1.0468 | Val 1.2490 | Val macro-F1 0.1243 | Best macro-F1 0.1289 | Δt 0:00:01.220743
Specific stock 99 11/25 | Train 1.0304 | Val 1.1974 | Val macro-F1 0.1305 | Best macro-F1 0.1305 | Δt 0:00:01.225765
Specific stock 99 12/25 | Train 1.0395 | Val 1.1242 | Val macro-F1 0.1392 | Best macro-F1 0.1392 | Δt 0:00:01.217777
Specific stock 99 13/25 | Train 1.0352 | Val 1.0895 | Val macro-F1 0.2057 | Best macro-F1 0.2057 | Δt 0:00:01.209672
Specific stock 99 14/25 | Train 1.0343 | Val 1.1898 | Val macro-F1 0.1310 | Best macro-F1 0.2057 | Δt 0:00:01.211681
Specific stock 99 15/25 | Train 1.0267 | Val 1.1027 | Val macro-F1 0.2144 | Best macro-F1 0.2144 | Δt 0:00:01.221294
Specific stock 99 16/25 | Train 1.0432 | Val 1.0868 | Val macro-F1 0.2102 | Best macro-F1 0.2144 | Δt 0:00:01.211820
Specific stock 99 17/25 | Train 1.0360 | Val 1.0795 | Val macro-F1 0.2083 | Best macro-F1 0.2144 | Δt 0:00:01.214505
Specific stock 99 18/25 | Train 1.0352 | Val 1.1452 | Val macro-F1 0.1212 | Best macro-F1 0.2144 | Δt 0:00:01.205564
Specific stock 99 19/25 | Train 1.0243 | Val 1.1357 | Val macro-F1 0.1214 | Best macro-F1 0.2144 | Δt 0:00:01.203314
Specific stock 99 20/25 | Train 1.0150 | Val 1.1199 | Val macro-F1 0.1177 | Best macro-F1 0.2144 | Δt 0:00:01.211864
Specific stock 99 21/25 | Train 1.0137 | Val 1.0868 | Val macro-F1 0.2084 | Best macro-F1 0.2144 | Δt 0:00:01.213359
Early stopping at epoch 21 (patience=6).
  stock 99: specific-stock acc=0.3956  κ=0.0053
  stock 108 specific-train class counts: [923, 1476, 961]  weights: [1.0827146768569946, 0.8561930060386658, 1.0610923767089844]
Specific stock 108 1/25 | Train 1.1003 | Val 1.0945 | Val macro-F1 0.2088 | Best macro-F1 0.2088 | Δt 0:00:01.555965
Specific stock 108 2/25 | Train 1.0944 | Val 1.0945 | Val macro-F1 0.2101 | Best macro-F1 0.2101 | Δt 0:00:01.216416
Specific stock 108 3/25 | Train 1.0924 | Val 1.1227 | Val macro-F1 0.1622 | Best macro-F1 0.2101 | Δt 0:00:01.210312
Specific stock 108 4/25 | Train 1.0906 | Val 1.1705 | Val macro-F1 0.1425 | Best macro-F1 0.2101 | Δt 0:00:01.220816
Specific stock 108 5/25 | Train 1.0851 | Val 1.0929 | Val macro-F1 0.2078 | Best macro-F1 0.2101 | Δt 0:00:01.216109
Specific stock 108 6/25 | Train 1.0824 | Val 1.1189 | Val macro-F1 0.1399 | Best macro-F1 0.2101 | Δt 0:00:01.223964
Specific stock 108 7/25 | Train 1.0823 | Val 1.0943 | Val macro-F1 0.2051 | Best macro-F1 0.2101 | Δt 0:00:01.217610
Specific stock 108 8/25 | Train 1.0820 | Val 1.1670 | Val macro-F1 0.1404 | Best macro-F1 0.2101 | Δt 0:00:01.211733
Early stopping at epoch 8 (patience=6).
  stock 108: specific-stock acc=0.4494  κ=-0.0035
  stock 116 specific-train class counts: [1612, 192, 1556]  weights: [0.6103277206420898, 1.7684589624404907, 0.6212133765220642]
Specific stock 116 1/25 | Train 0.9754 | Val 1.3333 | Val macro-F1 0.1297 | Best macro-F1 0.1297 | Δt 0:00:01.547662
Specific stock 116 2/25 | Train 0.8518 | Val 1.2086 | Val macro-F1 0.2528 | Best macro-F1 0.2528 | Δt 0:00:01.228945
Specific stock 116 3/25 | Train 0.7398 | Val 1.2220 | Val macro-F1 0.3000 | Best macro-F1 0.3000 | Δt 0:00:01.226214
Specific stock 116 4/25 | Train 0.6421 | Val 1.2383 | Val macro-F1 0.3083 | Best macro-F1 0.3083 | Δt 0:00:01.236953
Specific stock 116 5/25 | Train 0.5522 | Val 1.2937 | Val macro-F1 0.3207 | Best macro-F1 0.3207 | Δt 0:00:01.220379
Specific stock 116 6/25 | Train 0.5425 | Val 1.2872 | Val macro-F1 0.3261 | Best macro-F1 0.3261 | Δt 0:00:01.236069
Specific stock 116 7/25 | Train 0.4749 | Val 1.3488 | Val macro-F1 0.3129 | Best macro-F1 0.3261 | Δt 0:00:01.211317
Specific stock 116 8/25 | Train 0.4699 | Val 1.3444 | Val macro-F1 0.3034 | Best macro-F1 0.3261 | Δt 0:00:01.208759
Specific stock 116 9/25 | Train 0.4067 | Val 1.4077 | Val macro-F1 0.2972 | Best macro-F1 0.3261 | Δt 0:00:01.223244
Specific stock 116 10/25 | Train 0.4177 | Val 1.3410 | Val macro-F1 0.3361 | Best macro-F1 0.3361 | Δt 0:00:01.230438
Specific stock 116 11/25 | Train 0.3678 | Val 1.3831 | Val macro-F1 0.3567 | Best macro-F1 0.3567 | Δt 0:00:01.219666
Specific stock 116 12/25 | Train 0.4049 | Val 1.4370 | Val macro-F1 0.3408 | Best macro-F1 0.3567 | Δt 0:00:01.215664
Specific stock 116 13/25 | Train 0.3749 | Val 1.4468 | Val macro-F1 0.3408 | Best macro-F1 0.3567 | Δt 0:00:01.211222
Specific stock 116 14/25 | Train 0.3609 | Val 1.4892 | Val macro-F1 0.3282 | Best macro-F1 0.3567 | Δt 0:00:01.216667
Specific stock 116 15/25 | Train 0.3641 | Val 1.4946 | Val macro-F1 0.3362 | Best macro-F1 0.3567 | Δt 0:00:01.209202
Specific stock 116 16/25 | Train 0.3799 | Val 1.4512 | Val macro-F1 0.3407 | Best macro-F1 0.3567 | Δt 0:00:01.208147
Specific stock 116 17/25 | Train 0.3389 | Val 1.4401 | Val macro-F1 0.3352 | Best macro-F1 0.3567 | Δt 0:00:01.215201
Early stopping at epoch 17 (patience=6).
  stock 116: specific-stock acc=0.4389  κ=0.0201
  stock 126 specific-train class counts: [1616, 118, 1626]  weights: [0.5265389084815979, 1.9485437870025635, 0.5249173045158386]
Specific stock 126 1/25 | Train 0.8624 | Val 1.4516 | Val macro-F1 0.1178 | Best macro-F1 0.1178 | Δt 0:00:01.550663
Specific stock 126 2/25 | Train 0.6341 | Val 1.2764 | Val macro-F1 0.2551 | Best macro-F1 0.2551 | Δt 0:00:01.219670
Specific stock 126 3/25 | Train 0.4800 | Val 1.2310 | Val macro-F1 0.3063 | Best macro-F1 0.3063 | Δt 0:00:01.218246
Specific stock 126 4/25 | Train 0.4021 | Val 1.1790 | Val macro-F1 0.3491 | Best macro-F1 0.3491 | Δt 0:00:01.220301
Specific stock 126 5/25 | Train 0.3657 | Val 1.2353 | Val macro-F1 0.3410 | Best macro-F1 0.3491 | Δt 0:00:01.209436
Specific stock 126 6/25 | Train 0.3483 | Val 1.2622 | Val macro-F1 0.3224 | Best macro-F1 0.3491 | Δt 0:00:01.218997
Specific stock 126 7/25 | Train 0.3195 | Val 1.2876 | Val macro-F1 0.3267 | Best macro-F1 0.3491 | Δt 0:00:01.215363
Specific stock 126 8/25 | Train 0.3213 | Val 1.2921 | Val macro-F1 0.3435 | Best macro-F1 0.3491 | Δt 0:00:01.209923
Specific stock 126 9/25 | Train 0.3367 | Val 1.3863 | Val macro-F1 0.3011 | Best macro-F1 0.3491 | Δt 0:00:01.208487
Specific stock 126 10/25 | Train 0.3140 | Val 1.3506 | Val macro-F1 0.3218 | Best macro-F1 0.3491 | Δt 0:00:01.215291
Early stopping at epoch 10 (patience=6).
  stock 126: specific-stock acc=0.4233  κ=0.0293

============================================================
  Optiver Transfer Learning Summary
============================================================
 Stock Acc Before Acc After   Δ Acc κ After
    90     0.0472    0.1139 +0.0667  0.0162
    99     0.2156    0.2167 +0.0011 -0.0007
   108     0.4528    0.4533 +0.0006  0.0007
   116     0.0561    0.0650 +0.0089 -0.0007
   126     0.0406    0.1772 +0.1367  0.0031

Specific-stock temporal OOS:
 Stock Specific OOS Acc Specific OOS κ
    90           0.3883         0.0083
    99           0.3956         0.0053
   108           0.4494        -0.0035
   116           0.4389         0.0201
   126           0.4233         0.0293

All results saved to /ocean/projects/mth250011p/xxiao7/DeepLOB/results/optiver

=== Phase 3: Paper-style analysis ===
Saved Optiver analysis artifacts:
  figure6: /ocean/projects/mth250011p/xxiao7/DeepLOB/results/optiver/figure6_transfer_accuracy.png
  figure7: /ocean/projects/mth250011p/xxiao7/DeepLOB/results/optiver/figure7_transfer_profit_tstats.png
  figure8: /ocean/projects/mth250011p/xxiao7/DeepLOB/results/optiver/figure8_transfer_cum_profit.png
  figure9: /ocean/projects/mth250011p/xxiao7/DeepLOB/results/optiver/figure9_transfer_lime.png
LIME case: stock 126 | k=10 | class=Stationary
Summary JSON: /ocean/projects/mth250011p/xxiao7/DeepLOB/results/optiver/transfer_analysis_summary.json
Rows summarized: 15

=== Job complete: Fri Apr 24 04:35:41 EDT 2026 ===
Results:
total 6.9M
-rw-r--r-- 1 xxiao7 mth250011p  40K Apr 24 04:07 base_loss_k1.png
-rw-r--r-- 1 xxiao7 mth250011p  38K Apr 24 04:33 base_loss_k10.png
-rw-r--r-- 1 xxiao7 mth250011p  38K Apr 24 04:21 base_loss_k5.png
-rw-r--r-- 1 xxiao7 mth250011p 1.2M Apr 24 04:07 base_metrics_k1.pkl
-rw-r--r-- 1 xxiao7 mth250011p 1.2M Apr 24 04:33 base_metrics_k10.pkl
-rw-r--r-- 1 xxiao7 mth250011p 1.2M Apr 24 04:21 base_metrics_k5.pkl
-rw-r--r-- 1 xxiao7 mth250011p  32K Apr 24 04:07 cm_base_k1.png
-rw-r--r-- 1 xxiao7 mth250011p  28K Apr 24 04:33 cm_base_k10.png
-rw-r--r-- 1 xxiao7 mth250011p  31K Apr 24 04:21 cm_base_k5.png
-rw-r--r-- 1 xxiao7 mth250011p  75K Apr 24 04:35 figure6_transfer_accuracy.png
-rw-r--r-- 1 xxiao7 mth250011p 123K Apr 24 04:35 figure7_transfer_profit_tstats.png
-rw-r--r-- 1 xxiao7 mth250011p 232K Apr 24 04:35 figure8_transfer_cum_profit.png
-rw-r--r-- 1 xxiao7 mth250011p  96K Apr 24 04:35 figure9_transfer_lime.png
-rw-r--r-- 1 xxiao7 mth250011p 354K Apr 24 04:09 specific_metrics_k1.pkl
-rw-r--r-- 1 xxiao7 mth250011p 354K Apr 24 04:35 specific_metrics_k10.pkl
-rw-r--r-- 1 xxiao7 mth250011p 354K Apr 24 04:23 specific_metrics_k5.pkl
-rw-r--r-- 1 xxiao7 mth250011p 5.4K Apr 24 04:35 transfer_analysis_summary.json
-rw-r--r-- 1 xxiao7 mth250011p  29K Apr 24 04:08 transfer_comparison_k1.png
-rw-r--r-- 1 xxiao7 mth250011p  27K Apr 24 04:34 transfer_comparison_k10.png
-rw-r--r-- 1 xxiao7 mth250011p  26K Apr 24 04:21 transfer_comparison_k5.png
-rw-r--r-- 1 xxiao7 mth250011p 531K Apr 24 04:08 transfer_metrics_k1.pkl
-rw-r--r-- 1 xxiao7 mth250011p 531K Apr 24 04:34 transfer_metrics_k10.pkl
-rw-r--r-- 1 xxiao7 mth250011p 531K Apr 24 04:21 transfer_metrics_k5.pkl
-rw-r--r-- 1 xxiao7 mth250011p  33K Apr 24 04:09 transfer_regimes_k1.png
-rw-r--r-- 1 xxiao7 mth250011p  30K Apr 24 04:35 transfer_regimes_k10.png
-rw-r--r-- 1 xxiao7 mth250011p  30K Apr 24 04:23 transfer_regimes_k5.png
