=== Optiver DeepLOBLite Job ===
Job ID:    40264526
Node:      v001.ib.bridges2.psc.edu
GPU:       Tesla V100-SXM2-32GB
Started:   Fri Apr 24 03:13:26 EDT 2026

Python:     /opt/packages/AI/pytorch_23.02-1.13.1-py3/bin/python3
PYTHONPATH: /ocean/projects/mth250011p/xxiao7/pyuser/lib/python3.10/site-packages:/opt/packages/gcc/v13.3.1-p20240614/b2gpu/share/gcc-13.2.1/python
PyTorch: 1.13.1
CUDA: True Tesla V100-SXM2-32GB
Parquet stack: 24.0.0 1.5.2
LD_LIBRARY_PATH: /opt/packages/gcc/v13.3.1-p20240614/b2gpu/lib64

=== Phase 1: Data Preparation ===
Running prepare_optiver.py ...
Opening zip: /ocean/projects/mth250011p/xxiao7/DeepLOB/optiver-realized-volatility-prediction.zip
Found 112 stocks: [0, 1, 2, 3, 4] ... [122, 123, 124, 125, 126]
Train stocks  : 80  (0..89)
Transfer stocks: 32 (90..126)
  [1/112] stock 0 [TRAIN]: 917,553 events | k=1: D=206510 S=498338 U=212704 (bal=0.41)
  [2/112] stock 1 [TRAIN]: 1,507,532 events | k=1: D=388296 S=726994 U=392241 (bal=0.53)
  [3/112] stock 2 [TRAIN]: 1,903,140 events | k=1: D=471124 S=959805 U=472210 (bal=0.49)
  [4/112] stock 3 [TRAIN]: 1,269,461 events | k=1: D=353589 S=551991 U=363880 (bal=0.64)
  [5/112] stock 4 [TRAIN]: 1,073,989 events | k=1: D=273468 S=535039 U=265481 (bal=0.50)
  [6/112] stock 5 [TRAIN]: 981,747 events | k=1: D=269908 S=436643 U=275195 (bal=0.62)
  [7/112] stock 6 [TRAIN]: 1,509,379 events | k=1: D=488913 S=513473 U=506992 (bal=0.95)
  [8/112] stock 7 [TRAIN]: 1,205,965 events | k=1: D=284654 S=638167 U=283143 (bal=0.44)
  [9/112] stock 8 [TRAIN]: 1,576,043 events | k=1: D=412808 S=741993 U=421241 (bal=0.56)
  [10/112] stock 9 [TRAIN]: 954,456 events | k=1: D=237978 S=473609 U=242868 (bal=0.50)
  [11/112] stock 10 [TRAIN]: 2,103,923 events | k=1: D=454579 S=1190287 U=459056 (bal=0.38)
  [12/112] stock 11 [TRAIN]: 1,253,566 events | k=1: D=306627 S=638721 U=308217 (bal=0.48)
  [13/112] stock 13 [TRAIN]: 1,792,968 events | k=1: D=212900 S=1367619 U=212448 (bal=0.16)
  [14/112] stock 14 [TRAIN]: 2,102,975 events | k=1: D=613750 S=866732 U=622492 (bal=0.71)
  [15/112] stock 15 [TRAIN]: 1,633,740 events | k=1: D=408771 S=809271 U=415697 (bal=0.51)
  [16/112] stock 16 [TRAIN]: 885,677 events | k=1: D=201899 S=481763 U=202014 (bal=0.42)
  [17/112] stock 17 [TRAIN]: 1,514,773 events | k=1: D=468667 S=572317 U=473788 (bal=0.82)
  [18/112] stock 18 [TRAIN]: 787,399 events | k=1: D=204248 S=379971 U=203179 (bal=0.53)
  [19/112] stock 19 [TRAIN]: 1,194,665 events | k=1: D=229317 S=737392 U=227955 (bal=0.31)
  [20/112] stock 20 [TRAIN]: 1,697,158 events | k=1: D=466443 S=764151 U=466563 (bal=0.61)
  [21/112] stock 21 [TRAIN]: 1,767,345 events | k=1: D=149317 S=1467999 U=150028 (bal=0.10)
  [22/112] stock 22 [TRAIN]: 1,207,074 events | k=1: D=329700 S=546411 U=330962 (bal=0.60)
  [23/112] stock 23 [TRAIN]: 1,441,081 events | k=1: D=399407 S=639795 U=401878 (bal=0.62)
  [24/112] stock 26 [TRAIN]: 1,579,367 events | k=1: D=352244 S=876290 U=350832 (bal=0.40)
  [25/112] stock 27 [TRAIN]: 873,499 events | k=1: D=224756 S=421929 U=226813 (bal=0.53)
  [26/112] stock 28 [TRAIN]: 1,457,045 events | k=1: D=328585 S=800397 U=328062 (bal=0.41)
  [27/112] stock 29 [TRAIN]: 2,295,344 events | k=1: D=879121 S=519351 U=896871 (bal=0.58)
  [28/112] stock 30 [TRAIN]: 952,669 events | k=1: D=224124 S=502279 U=226265 (bal=0.45)
  [29/112] stock 31 [TRAIN]: 1,834,156 events | k=1: D=37840 S=1758643 U=37672 (bal=0.02)
  [30/112] stock 32 [TRAIN]: 2,131,814 events | k=1: D=146975 S=1838496 U=146342 (bal=0.08)
  [31/112] stock 33 [TRAIN]: 774,671 events | k=1: D=191423 S=388992 U=194255 (bal=0.49)
  [32/112] stock 34 [TRAIN]: 1,662,840 events | k=1: D=469039 S=722323 U=471477 (bal=0.65)
  [33/112] stock 35 [TRAIN]: 2,198,813 events | k=1: D=371456 S=1458666 U=368690 (bal=0.25)
  [34/112] stock 36 [TRAIN]: 1,933,622 events | k=1: D=526081 S=873260 U=534280 (bal=0.60)
  [35/112] stock 37 [TRAIN]: 776,292 events | k=1: D=223333 S=331130 U=221828 (bal=0.67)
  [36/112] stock 38 [TRAIN]: 1,076,303 events | k=1: D=288626 S=502878 U=284798 (bal=0.57)
  [37/112] stock 39 [TRAIN]: 1,719,059 events | k=1: D=484274 S=746406 U=488378 (bal=0.65)
  [38/112] stock 40 [TRAIN]: 1,000,611 events | k=1: D=273815 S=451815 U=274980 (bal=0.61)
  [39/112] stock 41 [TRAIN]: 2,144,157 events | k=1: D=189197 S=1765315 U=189644 (bal=0.11)
  [40/112] stock 42 [TRAIN]: 1,440,838 events | k=1: D=339322 S=763536 U=337979 (bal=0.44)
  [41/112] stock 43 [TRAIN]: 2,294,519 events | k=1: D=830432 S=620793 U=843293 (bal=0.74)
  [42/112] stock 44 [TRAIN]: 2,162,681 events | k=1: D=443234 S=1272199 U=447247 (bal=0.35)
  [43/112] stock 46 [TRAIN]: 1,989,713 events | k=1: D=211480 S=1564892 U=213340 (bal=0.14)
  [44/112] stock 47 [TRAIN]: 2,084,001 events | k=1: D=194059 S=1695503 U=194438 (bal=0.11)
  [45/112] stock 48 [TRAIN]: 1,248,551 events | k=1: D=293313 S=653320 U=301917 (bal=0.45)
  [46/112] stock 50 [TRAIN]: 2,148,692 events | k=1: D=763532 S=598134 U=787025 (bal=0.76)
  [47/112] stock 51 [TRAIN]: 1,703,711 events | k=1: D=328433 S=1045280 U=329997 (bal=0.31)
  [48/112] stock 52 [TRAIN]: 1,696,658 events | k=1: D=448990 S=797359 U=450308 (bal=0.56)
  [49/112] stock 53 [TRAIN]: 1,446,935 events | k=1: D=393763 S=652416 U=400755 (bal=0.60)
  [50/112] stock 55 [TRAIN]: 1,116,485 events | k=1: D=298296 S=516992 U=301196 (bal=0.58)
  [51/112] stock 56 [TRAIN]: 1,945,309 events | k=1: D=719093 S=488402 U=737813 (bal=0.66)
  [52/112] stock 58 [TRAIN]: 1,066,086 events | k=1: D=248229 S=564702 U=253154 (bal=0.44)
  [53/112] stock 59 [TRAIN]: 1,323,384 events | k=1: D=356244 S=604277 U=362862 (bal=0.59)
  [54/112] stock 60 [TRAIN]: 832,166 events | k=1: D=186215 S=455118 U=190832 (bal=0.41)
  [55/112] stock 61 [TRAIN]: 1,872,083 events | k=1: D=665343 S=518945 U=687794 (bal=0.75)
  [56/112] stock 62 [TRAIN]: 1,251,047 events | k=1: D=348777 S=549850 U=352419 (bal=0.63)
  [57/112] stock 63 [TRAIN]: 1,969,277 events | k=1: D=423294 S=1118252 U=427730 (bal=0.38)
  [58/112] stock 64 [TRAIN]: 1,747,693 events | k=1: D=459219 S=821968 U=466505 (bal=0.56)
  [59/112] stock 66 [TRAIN]: 1,001,123 events | k=1: D=217800 S=565666 U=217656 (bal=0.38)
  [60/112] stock 67 [TRAIN]: 1,711,435 events | k=1: D=348419 S=1013352 U=349663 (bal=0.34)
  [61/112] stock 68 [TRAIN]: 1,540,367 events | k=1: D=317510 S=902737 U=320119 (bal=0.35)
  [62/112] stock 69 [TRAIN]: 2,270,633 events | k=1: D=807528 S=637793 U=825311 (bal=0.77)
  [63/112] stock 70 [TRAIN]: 1,326,977 events | k=1: D=243383 S=840328 U=243265 (bal=0.29)
  [64/112] stock 72 [TRAIN]: 1,144,577 events | k=1: D=236823 S=670608 U=237145 (bal=0.35)
  [65/112] stock 73 [TRAIN]: 1,600,259 events | k=1: D=482805 S=614818 U=502635 (bal=0.79)
  [66/112] stock 74 [TRAIN]: 1,393,517 events | k=1: D=184123 S=1027039 U=182354 (bal=0.18)
  [67/112] stock 75 [TRAIN]: 886,001 events | k=1: D=225372 S=432177 U=228451 (bal=0.52)
  [68/112] stock 76 [TRAIN]: 1,774,912 events | k=1: D=537297 S=687717 U=549897 (bal=0.78)
  [69/112] stock 77 [TRAIN]: 2,163,785 events | k=1: D=251499 S=1658046 U=254239 (bal=0.15)
  [70/112] stock 78 [TRAIN]: 1,264,320 events | k=1: D=309015 S=640291 U=315013 (bal=0.48)
  [71/112] stock 80 [TRAIN]: 1,433,557 events | k=1: D=418898 S=576781 U=437877 (bal=0.73)
  [72/112] stock 81 [TRAIN]: 1,470,845 events | k=1: D=368703 S=731751 U=370390 (bal=0.50)
  [73/112] stock 82 [TRAIN]: 1,043,259 events | k=1: D=232741 S=576383 U=234134 (bal=0.40)
  [74/112] stock 83 [TRAIN]: 923,791 events | k=1: D=213481 S=496162 U=214147 (bal=0.43)
  [75/112] stock 84 [TRAIN]: 1,949,019 events | k=1: D=623891 S=686502 U=638625 (bal=0.91)
  [76/112] stock 85 [TRAIN]: 1,538,952 events | k=1: D=243285 S=1052279 U=243387 (bal=0.23)
  [77/112] stock 86 [TRAIN]: 1,773,824 events | k=1: D=253145 S=1266253 U=254425 (bal=0.20)
  [78/112] stock 87 [TRAIN]: 1,305,937 events | k=1: D=359049 S=582626 U=364261 (bal=0.62)
  [79/112] stock 88 [TRAIN]: 842,561 events | k=1: D=205852 S=431782 U=204926 (bal=0.47)
  [80/112] stock 89 [TRAIN]: 1,286,268 events | k=1: D=159136 S=967051 U=160080 (bal=0.16)
  [81/112] stock 90 [TRANSFER]: 1,011,278 events | k=1: D=260298 S=486161 U=264818 (bal=0.54)
  [82/112] stock 93 [TRANSFER]: 1,757,508 events | k=1: D=446539 S=859824 U=451144 (bal=0.52)
  [83/112] stock 94 [TRANSFER]: 1,191,489 events | k=1: D=297112 S=599753 U=294623 (bal=0.49)
  [84/112] stock 95 [TRANSFER]: 1,928,787 events | k=1: D=488013 S=945387 U=495386 (bal=0.52)
  [85/112] stock 96 [TRANSFER]: 1,717,019 events | k=1: D=564674 S=573833 U=578511 (bal=0.98)
  [86/112] stock 97 [TRANSFER]: 1,026,999 events | k=1: D=272320 S=476216 U=278462 (bal=0.57)
  [87/112] stock 98 [TRANSFER]: 905,795 events | k=1: D=215443 S=460333 U=230018 (bal=0.47)
  [88/112] stock 99 [TRANSFER]: 1,827,301 events | k=1: D=340065 S=1146385 U=340850 (bal=0.30)
  [89/112] stock 100 [TRANSFER]: 1,318,894 events | k=1: D=348865 S=621644 U=348384 (bal=0.56)
  [90/112] stock 101 [TRANSFER]: 1,646,442 events | k=1: D=475643 S=690524 U=480274 (bal=0.69)
  [91/112] stock 102 [TRANSFER]: 1,176,118 events | k=1: D=323776 S=525407 U=326934 (bal=0.62)
  [92/112] stock 103 [TRANSFER]: 916,480 events | k=1: D=237518 S=440745 U=238216 (bal=0.54)
  [93/112] stock 104 [TRANSFER]: 1,211,011 events | k=1: D=298323 S=613594 U=299093 (bal=0.49)
  [94/112] stock 105 [TRANSFER]: 1,458,517 events | k=1: D=199420 S=1058208 U=200888 (bal=0.19)
  [95/112] stock 107 [TRANSFER]: 1,332,512 events | k=1: D=257971 S=817186 U=257354 (bal=0.31)
  [96/112] stock 108 [TRANSFER]: 2,163,072 events | k=1: D=200111 S=1763596 U=199364 (bal=0.11)
  [97/112] stock 109 [TRANSFER]: 1,486,891 events | k=1: D=450666 S=577931 U=458293 (bal=0.78)
  [98/112] stock 110 [TRANSFER]: 1,302,560 events | k=1: D=359381 S=582157 U=361021 (bal=0.62)
  [99/112] stock 111 [TRANSFER]: 2,226,361 events | k=1: D=322506 S=1580577 U=323277 (bal=0.20)
  [100/112] stock 112 [TRANSFER]: 869,429 events | k=1: D=219480 S=429869 U=220079 (bal=0.51)
  [101/112] stock 113 [TRANSFER]: 1,671,219 events | k=1: D=576321 S=511343 U=583554 (bal=0.88)
  [102/112] stock 114 [TRANSFER]: 1,301,569 events | k=1: D=390948 S=515403 U=395217 (bal=0.76)
  [103/112] stock 115 [TRANSFER]: 1,101,256 events | k=1: D=229138 S=643118 U=228999 (bal=0.36)
  [104/112] stock 116 [TRANSFER]: 1,043,557 events | k=1: D=259934 S=518043 U=265579 (bal=0.50)
  [105/112] stock 118 [TRANSFER]: 1,080,860 events | k=1: D=288151 S=502110 U=290598 (bal=0.57)
  [106/112] stock 119 [TRANSFER]: 2,155,805 events | k=1: D=444172 S=1269911 U=441721 (bal=0.35)
  [107/112] stock 120 [TRANSFER]: 1,929,592 events | k=1: D=410781 S=1098021 U=420789 (bal=0.37)
  [108/112] stock 122 [TRANSFER]: 1,543,033 events | k=1: D=362095 S=816123 U=364814 (bal=0.44)
  [109/112] stock 123 [TRANSFER]: 2,071,321 events | k=1: D=441396 S=1186864 U=443060 (bal=0.37)
  [110/112] stock 124 [TRANSFER]: 2,269,682 events | k=1: D=622140 S=1014210 U=633331 (bal=0.61)
  [111/112] stock 125 [TRANSFER]: 1,891,264 events | k=1: D=243062 S=1403003 U=245198 (bal=0.17)
  [112/112] stock 126 [TRANSFER]: 1,042,049 events | k=1: D=289131 S=465772 U=287145 (bal=0.62)

Done. Processed data saved to /ocean/projects/mth250011p/xxiao7/DeepLOB/data/optiver_processed
Total files: 112

=== Phase 2: Model Training & Transfer Learning ===
--- Training horizon index 0 ---
Device: cuda:0
GPU: Tesla V100-SXM2-32GB
DataLoader workers: 4
Train stocks: 80  Transfer stocks: 32
Transfer-learning study stocks: [90, 99, 108, 116, 126]

============================================================
PHASE 1: Base Training  (horizon k=1, T=50)
------------------------------------------------------------
  Building combined dataset from train stocks...
  Combined: 160,000 samples (136,000 train, 24,000 val) from 80 stocks
  Base train class counts: [32347, 71291, 32362]  weights: [1.1221814155578613, 0.7558972239494324, 1.1219213008880615]
Base training 1/20 | Train 1.0736 | Val 1.0866 | Val macro-F1 0.2279 | Best macro-F1 0.2279 | Δt 0:00:48.286126
Base training 2/20 | Train 1.0647 | Val 1.0793 | Val macro-F1 0.2283 | Best macro-F1 0.2283 | Δt 0:00:48.124811
Base training 3/20 | Train 1.0603 | Val 1.0814 | Val macro-F1 0.2283 | Best macro-F1 0.2283 | Δt 0:00:47.514662
Base training 4/20 | Train 1.0566 | Val 1.0826 | Val macro-F1 0.2282 | Best macro-F1 0.2283 | Δt 0:00:47.487956
Base training 5/20 | Train 1.0538 | Val 1.0844 | Val macro-F1 0.2279 | Best macro-F1 0.2283 | Δt 0:00:48.416898
Base training 6/20 | Train 1.0522 | Val 1.0870 | Val macro-F1 0.2282 | Best macro-F1 0.2283 | Δt 0:00:48.402715
Base training 7/20 | Train 1.0505 | Val 1.0989 | Val macro-F1 0.2283 | Best macro-F1 0.2283 | Δt 0:00:49.835086
Base training 8/20 | Train 1.0490 | Val 1.1100 | Val macro-F1 0.2282 | Best macro-F1 0.2283 | Δt 0:00:48.345806
Base training 9/20 | Train 1.0465 | Val 1.0793 | Val macro-F1 0.2284 | Best macro-F1 0.2284 | Δt 0:00:47.673517
Base training 10/20 | Train 1.0458 | Val 1.1055 | Val macro-F1 0.2282 | Best macro-F1 0.2284 | Δt 0:00:47.538038
Base training 11/20 | Train 1.0439 | Val 1.0791 | Val macro-F1 0.2283 | Best macro-F1 0.2284 | Δt 0:00:47.575192
Base training 12/20 | Train 1.0436 | Val 1.0774 | Val macro-F1 0.2283 | Best macro-F1 0.2284 | Δt 0:00:47.597308
Base training 13/20 | Train 1.0429 | Val 1.0838 | Val macro-F1 0.2283 | Best macro-F1 0.2284 | Δt 0:00:47.661841
Base training 14/20 | Train 1.0407 | Val 1.0778 | Val macro-F1 0.2286 | Best macro-F1 0.2286 | Δt 0:00:47.673470
Base training 15/20 | Train 1.0398 | Val 1.0875 | Val macro-F1 0.2284 | Best macro-F1 0.2286 | Δt 0:00:47.717651
Base training 16/20 | Train 1.0390 | Val 1.0754 | Val macro-F1 0.2299 | Best macro-F1 0.2299 | Δt 0:00:47.326724
Base training 17/20 | Train 1.0375 | Val 1.0908 | Val macro-F1 0.2284 | Best macro-F1 0.2299 | Δt 0:00:47.751349
Base training 18/20 | Train 1.0375 | Val 1.0762 | Val macro-F1 0.2305 | Best macro-F1 0.2305 | Δt 0:00:47.870579
Base training 19/20 | Train 1.0359 | Val 1.0792 | Val macro-F1 0.2292 | Best macro-F1 0.2305 | Δt 0:00:47.703542
Base training 20/20 | Train 1.0354 | Val 1.0767 | Val macro-F1 0.2287 | Best macro-F1 0.2305 | Δt 0:00:47.892089

  Evaluating base model on transfer stocks (zero-shot)...
    stock 90: acc=0.4853  κ=0.0000
    stock 99: acc=0.6185  κ=0.0016
    stock 108: acc=0.8170  κ=0.0070
    stock 116: acc=0.4957  κ=0.0000
    stock 126: acc=0.4510  κ=0.0000

============================================================
PHASE 2: Transfer Learning Fine-tuning
------------------------------------------------------------
  stock 90 fine-tune class counts: [898, 1612, 850]  weights: [1.0813850164413452, 0.8071160912513733, 1.1114989519119263]
TL stock 90 1/10 | Train 1.0944 | Val 1.0901 | Val macro-F1 0.2201 | Best macro-F1 0.2201 | Δt 0:00:00.792888
TL stock 90 2/10 | Train 1.0900 | Val 1.0905 | Val macro-F1 0.2201 | Best macro-F1 0.2201 | Δt 0:00:00.512034
TL stock 90 3/10 | Train 1.0888 | Val 1.0708 | Val macro-F1 0.3759 | Best macro-F1 0.3759 | Δt 0:00:00.511029
TL stock 90 4/10 | Train 1.0853 | Val 1.0701 | Val macro-F1 0.3729 | Best macro-F1 0.3759 | Δt 0:00:00.511802
TL stock 90 5/10 | Train 1.0829 | Val 1.0695 | Val macro-F1 0.3673 | Best macro-F1 0.3759 | Δt 0:00:00.512959
TL stock 90 6/10 | Train 1.0812 | Val 1.0698 | Val macro-F1 0.3626 | Best macro-F1 0.3759 | Δt 0:00:00.502618
Early stopping at epoch 6 (patience=3).
  stock 90: acc before=0.4922 → after=0.4539 (Δ=-0.0383)
  stock 99 fine-tune class counts: [653, 2086, 621]  weights: [1.160568356513977, 0.6493369936943054, 1.1900947093963623]
TL stock 99 1/10 | Train 1.0183 | Val 1.0412 | Val macro-F1 0.2705 | Best macro-F1 0.2705 | Δt 0:00:00.775862
TL stock 99 2/10 | Train 1.0229 | Val 1.0568 | Val macro-F1 0.2709 | Best macro-F1 0.2709 | Δt 0:00:00.522388
TL stock 99 3/10 | Train 1.0189 | Val 1.0419 | Val macro-F1 0.2644 | Best macro-F1 0.2709 | Δt 0:00:00.507471
TL stock 99 4/10 | Train 1.0132 | Val 1.0396 | Val macro-F1 0.2675 | Best macro-F1 0.2709 | Δt 0:00:00.498858
TL stock 99 5/10 | Train 1.0140 | Val 1.0456 | Val macro-F1 0.2709 | Best macro-F1 0.2709 | Δt 0:00:00.516575
TL stock 99 6/10 | Train 1.0163 | Val 1.0413 | Val macro-F1 0.2671 | Best macro-F1 0.2709 | Δt 0:00:00.498205
TL stock 99 7/10 | Train 1.0199 | Val 1.0450 | Val macro-F1 0.2675 | Best macro-F1 0.2709 | Δt 0:00:00.508841
TL stock 99 8/10 | Train 1.0060 | Val 1.0438 | Val macro-F1 0.2668 | Best macro-F1 0.2709 | Δt 0:00:00.502483
Early stopping at epoch 8 (patience=3).
  stock 99: acc before=0.6111 → after=0.6144 (Δ=+0.0033)
  stock 108 fine-tune class counts: [304, 2752, 304]  weights: [1.2862492799758911, 0.4275015592575073, 1.2862492799758911]
TL stock 108 1/10 | Train 0.9692 | Val 1.0785 | Val macro-F1 0.2956 | Best macro-F1 0.2956 | Δt 0:00:00.779188
TL stock 108 2/10 | Train 0.9442 | Val 1.0368 | Val macro-F1 0.3029 | Best macro-F1 0.3029 | Δt 0:00:00.511474
TL stock 108 3/10 | Train 0.9232 | Val 1.0118 | Val macro-F1 0.2953 | Best macro-F1 0.3029 | Δt 0:00:00.499270
TL stock 108 4/10 | Train 0.9205 | Val 1.0099 | Val macro-F1 0.2956 | Best macro-F1 0.3029 | Δt 0:00:00.506756
TL stock 108 5/10 | Train 0.9076 | Val 0.9965 | Val macro-F1 0.2956 | Best macro-F1 0.3029 | Δt 0:00:00.502304
Early stopping at epoch 5 (patience=3).
  stock 108: acc before=0.8228 → after=0.8233 (Δ=+0.0006)
  stock 116 fine-tune class counts: [844, 1652, 864]  weights: [1.1098253726959229, 0.793269693851471, 1.096904993057251]
TL stock 116 1/10 | Train 1.0780 | Val 1.0899 | Val macro-F1 0.2250 | Best macro-F1 0.2250 | Δt 0:00:00.787213
TL stock 116 2/10 | Train 1.0764 | Val 1.0897 | Val macro-F1 0.2250 | Best macro-F1 0.2250 | Δt 0:00:00.511467
TL stock 116 3/10 | Train 1.0745 | Val 1.0835 | Val macro-F1 0.3612 | Best macro-F1 0.3612 | Δt 0:00:00.509912
TL stock 116 4/10 | Train 1.0713 | Val 1.0784 | Val macro-F1 0.3430 | Best macro-F1 0.3612 | Δt 0:00:00.500402
TL stock 116 5/10 | Train 1.0713 | Val 1.0773 | Val macro-F1 0.3426 | Best macro-F1 0.3612 | Δt 0:00:00.500601
TL stock 116 6/10 | Train 1.0697 | Val 1.0792 | Val macro-F1 0.3432 | Best macro-F1 0.3612 | Δt 0:00:00.503386
Early stopping at epoch 6 (patience=3).
  stock 116: acc before=0.4967 → after=0.4417 (Δ=-0.0550)
  stock 126 fine-tune class counts: [885, 1530, 945]  weights: [1.0995938777923584, 0.8362925052642822, 1.0641136169433594]
TL stock 126 1/10 | Train 1.0894 | Val 1.1071 | Val macro-F1 0.2118 | Best macro-F1 0.2118 | Δt 0:00:00.798942
TL stock 126 2/10 | Train 1.0823 | Val 1.0927 | Val macro-F1 0.2118 | Best macro-F1 0.2118 | Δt 0:00:00.581977
TL stock 126 3/10 | Train 1.0813 | Val 1.0793 | Val macro-F1 0.4017 | Best macro-F1 0.4017 | Δt 0:00:00.511646
TL stock 126 4/10 | Train 1.0790 | Val 1.0746 | Val macro-F1 0.3794 | Best macro-F1 0.4017 | Δt 0:00:00.509559
TL stock 126 5/10 | Train 1.0785 | Val 1.0737 | Val macro-F1 0.3791 | Best macro-F1 0.4017 | Δt 0:00:00.501375
TL stock 126 6/10 | Train 1.0775 | Val 1.0744 | Val macro-F1 0.3941 | Best macro-F1 0.4017 | Δt 0:00:00.497376
Early stopping at epoch 6 (patience=3).
  stock 126: acc before=0.4361 → after=0.3994 (Δ=-0.0367)

============================================================
PHASE 3: Specific-stock Temporal Out-of-sample
------------------------------------------------------------
  stock 90 specific-train class counts: [898, 1612, 850]  weights: [1.0813850164413452, 0.8071160912513733, 1.1114989519119263]
Specific stock 90 1/20 | Train 1.0981 | Val 1.0816 | Val macro-F1 0.3464 | Best macro-F1 0.3464 | Δt 0:00:01.503803
Specific stock 90 2/20 | Train 1.0834 | Val 1.0776 | Val macro-F1 0.2767 | Best macro-F1 0.3464 | Δt 0:00:01.219184
Specific stock 90 3/20 | Train 1.0770 | Val 1.0731 | Val macro-F1 0.2656 | Best macro-F1 0.3464 | Δt 0:00:01.207172
Specific stock 90 4/20 | Train 1.0719 | Val 1.0713 | Val macro-F1 0.2870 | Best macro-F1 0.3464 | Δt 0:00:01.206555
Specific stock 90 5/20 | Train 1.0640 | Val 1.0692 | Val macro-F1 0.2750 | Best macro-F1 0.3464 | Δt 0:00:01.222389
Specific stock 90 6/20 | Train 1.0603 | Val 1.0721 | Val macro-F1 0.2720 | Best macro-F1 0.3464 | Δt 0:00:01.216904
Early stopping at epoch 6 (patience=5).
  stock 90: specific-stock acc=0.4406  κ=0.0036
  stock 99 specific-train class counts: [653, 2086, 621]  weights: [1.160568356513977, 0.6493369936943054, 1.1900947093963623]
Specific stock 99 1/20 | Train 1.0702 | Val 1.0534 | Val macro-F1 0.2668 | Best macro-F1 0.2668 | Δt 0:00:01.502005
Specific stock 99 2/20 | Train 1.0620 | Val 1.0492 | Val macro-F1 0.2687 | Best macro-F1 0.2687 | Δt 0:00:01.222464
Specific stock 99 3/20 | Train 1.0550 | Val 1.0510 | Val macro-F1 0.2650 | Best macro-F1 0.2687 | Δt 0:00:01.222069
Specific stock 99 4/20 | Train 1.0483 | Val 1.0437 | Val macro-F1 0.2607 | Best macro-F1 0.2687 | Δt 0:00:01.230019
Specific stock 99 5/20 | Train 1.0403 | Val 1.0413 | Val macro-F1 0.2653 | Best macro-F1 0.2687 | Δt 0:00:01.212532
Specific stock 99 6/20 | Train 1.0418 | Val 1.0404 | Val macro-F1 0.2606 | Best macro-F1 0.2687 | Δt 0:00:01.215011
Specific stock 99 7/20 | Train 1.0356 | Val 1.0431 | Val macro-F1 0.2650 | Best macro-F1 0.2687 | Δt 0:00:01.209796
Early stopping at epoch 7 (patience=5).
  stock 99: specific-stock acc=0.6133  κ=-0.0009
  stock 108 specific-train class counts: [304, 2752, 304]  weights: [1.2862492799758911, 0.4275015592575073, 1.2862492799758911]
Specific stock 108 1/20 | Train 0.9979 | Val 1.0984 | Val macro-F1 0.0720 | Best macro-F1 0.0720 | Δt 0:00:01.501451
Specific stock 108 2/20 | Train 0.9663 | Val 1.0591 | Val macro-F1 0.2951 | Best macro-F1 0.2951 | Δt 0:00:01.220188
Specific stock 108 3/20 | Train 0.9559 | Val 1.0633 | Val macro-F1 0.2948 | Best macro-F1 0.2951 | Δt 0:00:01.219924
Specific stock 108 4/20 | Train 0.9464 | Val 1.0174 | Val macro-F1 0.2953 | Best macro-F1 0.2953 | Δt 0:00:01.227153
Specific stock 108 5/20 | Train 0.9359 | Val 0.9946 | Val macro-F1 0.2953 | Best macro-F1 0.2953 | Δt 0:00:01.218810
Specific stock 108 6/20 | Train 0.9449 | Val 0.9947 | Val macro-F1 0.2956 | Best macro-F1 0.2956 | Δt 0:00:01.214373
Specific stock 108 7/20 | Train 0.9370 | Val 0.9854 | Val macro-F1 0.2956 | Best macro-F1 0.2956 | Δt 0:00:01.216995
Specific stock 108 8/20 | Train 0.9262 | Val 1.0079 | Val macro-F1 0.2956 | Best macro-F1 0.2956 | Δt 0:00:01.211382
Specific stock 108 9/20 | Train 0.9291 | Val 0.9905 | Val macro-F1 0.2956 | Best macro-F1 0.2956 | Δt 0:00:01.216988
Specific stock 108 10/20 | Train 0.9212 | Val 0.9959 | Val macro-F1 0.2956 | Best macro-F1 0.2956 | Δt 0:00:01.209638
Specific stock 108 11/20 | Train 0.9218 | Val 1.0877 | Val macro-F1 0.0721 | Best macro-F1 0.2956 | Δt 0:00:01.214520
Specific stock 108 12/20 | Train 0.9147 | Val 0.9778 | Val macro-F1 0.2956 | Best macro-F1 0.2956 | Δt 0:00:01.218388
Specific stock 108 13/20 | Train 0.9196 | Val 0.9863 | Val macro-F1 0.2956 | Best macro-F1 0.2956 | Δt 0:00:01.220319
Specific stock 108 14/20 | Train 0.9102 | Val 0.9788 | Val macro-F1 0.2953 | Best macro-F1 0.2956 | Δt 0:00:01.204408
Specific stock 108 15/20 | Train 0.9169 | Val 0.9941 | Val macro-F1 0.2956 | Best macro-F1 0.2956 | Δt 0:00:01.218469
Specific stock 108 16/20 | Train 0.9265 | Val 0.9895 | Val macro-F1 0.2956 | Best macro-F1 0.2956 | Δt 0:00:01.213150
Specific stock 108 17/20 | Train 0.9141 | Val 0.9927 | Val macro-F1 0.2956 | Best macro-F1 0.2956 | Δt 0:00:01.212693
Early stopping at epoch 17 (patience=5).
  stock 108: specific-stock acc=0.8233  κ=0.0000
  stock 116 specific-train class counts: [844, 1652, 864]  weights: [1.1098253726959229, 0.793269693851471, 1.096904993057251]
Specific stock 116 1/20 | Train 1.0905 | Val 1.0929 | Val macro-F1 0.2666 | Best macro-F1 0.2666 | Δt 0:00:01.508703
Specific stock 116 2/20 | Train 1.0811 | Val 1.0906 | Val macro-F1 0.2633 | Best macro-F1 0.2666 | Δt 0:00:01.222148
Specific stock 116 3/20 | Train 1.0742 | Val 1.0929 | Val macro-F1 0.2511 | Best macro-F1 0.2666 | Δt 0:00:01.212965
Specific stock 116 4/20 | Train 1.0693 | Val 1.0894 | Val macro-F1 0.2700 | Best macro-F1 0.2700 | Δt 0:00:01.219145
Specific stock 116 5/20 | Train 1.0612 | Val 1.0934 | Val macro-F1 0.2729 | Best macro-F1 0.2729 | Δt 0:00:01.221640
Specific stock 116 6/20 | Train 1.0541 | Val 1.0953 | Val macro-F1 0.2741 | Best macro-F1 0.2741 | Δt 0:00:01.223486
Specific stock 116 7/20 | Train 1.0433 | Val 1.0940 | Val macro-F1 0.2809 | Best macro-F1 0.2809 | Δt 0:00:01.225211
Specific stock 116 8/20 | Train 1.0365 | Val 1.0961 | Val macro-F1 0.2892 | Best macro-F1 0.2892 | Δt 0:00:01.216369
Specific stock 116 9/20 | Train 1.0321 | Val 1.1004 | Val macro-F1 0.3038 | Best macro-F1 0.3038 | Δt 0:00:01.221160
Specific stock 116 10/20 | Train 1.0166 | Val 1.1057 | Val macro-F1 0.3045 | Best macro-F1 0.3045 | Δt 0:00:01.299438
Specific stock 116 11/20 | Train 1.0031 | Val 1.1202 | Val macro-F1 0.3074 | Best macro-F1 0.3074 | Δt 0:00:01.222261
Specific stock 116 12/20 | Train 0.9996 | Val 1.1217 | Val macro-F1 0.3094 | Best macro-F1 0.3094 | Δt 0:00:01.229184
Specific stock 116 13/20 | Train 0.9812 | Val 1.1212 | Val macro-F1 0.3197 | Best macro-F1 0.3197 | Δt 0:00:01.217808
Specific stock 116 14/20 | Train 0.9708 | Val 1.1306 | Val macro-F1 0.3191 | Best macro-F1 0.3197 | Δt 0:00:01.215392
Specific stock 116 15/20 | Train 0.9519 | Val 1.1335 | Val macro-F1 0.3262 | Best macro-F1 0.3262 | Δt 0:00:01.229663
Specific stock 116 16/20 | Train 0.9350 | Val 1.1434 | Val macro-F1 0.3346 | Best macro-F1 0.3346 | Δt 0:00:01.220552
Specific stock 116 17/20 | Train 0.9243 | Val 1.1643 | Val macro-F1 0.3228 | Best macro-F1 0.3346 | Δt 0:00:01.220417
Specific stock 116 18/20 | Train 0.9074 | Val 1.1669 | Val macro-F1 0.3419 | Best macro-F1 0.3419 | Δt 0:00:01.232584
Specific stock 116 19/20 | Train 0.8897 | Val 1.1844 | Val macro-F1 0.3342 | Best macro-F1 0.3419 | Δt 0:00:01.230455
Specific stock 116 20/20 | Train 0.8752 | Val 1.1880 | Val macro-F1 0.3350 | Best macro-F1 0.3419 | Δt 0:00:01.225869
  stock 116: specific-stock acc=0.4244  κ=0.0283
  stock 126 specific-train class counts: [885, 1530, 945]  weights: [1.0995938777923584, 0.8362925052642822, 1.0641136169433594]
Specific stock 126 1/20 | Train 1.1049 | Val 1.0974 | Val macro-F1 0.3106 | Best macro-F1 0.3106 | Δt 0:00:01.497750
Specific stock 126 2/20 | Train 1.0888 | Val 1.0886 | Val macro-F1 0.3098 | Best macro-F1 0.3106 | Δt 0:00:01.210621
Specific stock 126 3/20 | Train 1.0783 | Val 1.0837 | Val macro-F1 0.3150 | Best macro-F1 0.3150 | Δt 0:00:01.218509
Specific stock 126 4/20 | Train 1.0741 | Val 1.0834 | Val macro-F1 0.3264 | Best macro-F1 0.3264 | Δt 0:00:01.210039
Specific stock 126 5/20 | Train 1.0643 | Val 1.0817 | Val macro-F1 0.3147 | Best macro-F1 0.3264 | Δt 0:00:01.206906
Specific stock 126 6/20 | Train 1.0566 | Val 1.0863 | Val macro-F1 0.3195 | Best macro-F1 0.3264 | Δt 0:00:01.195278
Specific stock 126 7/20 | Train 1.0475 | Val 1.0804 | Val macro-F1 0.3225 | Best macro-F1 0.3264 | Δt 0:00:01.208929
Specific stock 126 8/20 | Train 1.0411 | Val 1.0889 | Val macro-F1 0.3181 | Best macro-F1 0.3264 | Δt 0:00:01.197898
Specific stock 126 9/20 | Train 1.0329 | Val 1.0877 | Val macro-F1 0.3399 | Best macro-F1 0.3399 | Δt 0:00:01.204237
Specific stock 126 10/20 | Train 1.0237 | Val 1.0900 | Val macro-F1 0.3592 | Best macro-F1 0.3592 | Δt 0:00:01.213777
Specific stock 126 11/20 | Train 1.0120 | Val 1.0912 | Val macro-F1 0.3553 | Best macro-F1 0.3592 | Δt 0:00:01.199949
Specific stock 126 12/20 | Train 0.9965 | Val 1.1044 | Val macro-F1 0.3614 | Best macro-F1 0.3614 | Δt 0:00:01.217692
Specific stock 126 13/20 | Train 0.9893 | Val 1.1075 | Val macro-F1 0.3505 | Best macro-F1 0.3614 | Δt 0:00:01.210622
Specific stock 126 14/20 | Train 0.9721 | Val 1.1180 | Val macro-F1 0.3586 | Best macro-F1 0.3614 | Δt 0:00:01.221250
Specific stock 126 15/20 | Train 0.9519 | Val 1.1279 | Val macro-F1 0.3543 | Best macro-F1 0.3614 | Δt 0:00:01.198885
Specific stock 126 16/20 | Train 0.9367 | Val 1.1370 | Val macro-F1 0.3348 | Best macro-F1 0.3614 | Δt 0:00:01.210909
Specific stock 126 17/20 | Train 0.9245 | Val 1.1428 | Val macro-F1 0.3599 | Best macro-F1 0.3614 | Δt 0:00:01.202108
Early stopping at epoch 17 (patience=5).
  stock 126: specific-stock acc=0.3828  κ=0.0178

============================================================
  Optiver Transfer Learning Summary
============================================================
 Stock Acc Before Acc After   Δ Acc κ After
    90     0.4922    0.4539 -0.0383  0.1003
    99     0.6111    0.6144 +0.0033  0.0032
   108     0.8228    0.8233 +0.0006  0.0000
   116     0.4967    0.4417 -0.0550  0.0853
   126     0.4361    0.3994 -0.0367  0.0572

Specific-stock temporal OOS:
 Stock Specific OOS Acc Specific OOS κ
    90           0.4406         0.0036
    99           0.6133        -0.0009
   108           0.8233         0.0000
   116           0.4244         0.0283
   126           0.3828         0.0178

All results saved to /ocean/projects/mth250011p/xxiao7/DeepLOB/results/optiver
--- Training horizon index 3 ---
Device: cuda:0
GPU: Tesla V100-SXM2-32GB
DataLoader workers: 4
Train stocks: 80  Transfer stocks: 32
Transfer-learning study stocks: [90, 99, 108, 116, 126]

============================================================
PHASE 1: Base Training  (horizon k=5, T=50)
------------------------------------------------------------
  Building combined dataset from train stocks...
  Combined: 160,000 samples (136,000 train, 24,000 val) from 80 stocks
  Base train class counts: [53557, 28339, 54104]  weights: [0.8902983069419861, 1.2239153385162354, 0.8857862949371338]
