Unloading the anaconda2 module (if loaded)...
Unloading the anaconda3 module (if loaded)...
Pytorch 1.13.1
-----------------------------

Description
-----------
The modulefile AI/pytorch_23.02-1.13.1-py3 provides a Pytorch 1.13.1
development environment for Artificial Intelligence(AI)/Machine
Learning(ML)/Big Data(BD) on top of Python 3.

Module contents
---------------
Several popular libraries are included in this environment, such as:
    bokeh, matplotlib, mkl, numba, numpy, pandas, pillow, scikit-image,
scikit-learn, torchaudio, torchvision.

To check the full list of available packages in this environment, first
activate it and then run the command
    conda list

* beautifulsoup4 4.11.1
* blas 1.0
* bokeh 3.0.3
* cudatoolkit 10.1.243
* cudnn 8.0.4
* cython 0.29.32
* ipython 8.8.0
* matplotlib 3.6.2
* mkl 2021.4.0
* nccl 2.8.3.1
* notebook 6.5.2
* numba 0.55.1
* numpy 1.21.5
* pandas 1.5.2
* pillow 9.3.0
* python 3.10.9
* pytorch 1.13.1
* scikit-image 0.19.3
* scikit-learn 1.0.1
* scikit-learn-intelex 2021.20221004.171507
* scipy 1.10.0
* torch 1.13.1
* torchaudio 0.13.1
* torchvision 0.14.1

If you need to further customize this environment (e.g., install additional
packages, or upgrade a particular package),
you could first clone this environment as follows:
    conda create --prefix <path to a dir in which you can write> --clone $ENV
Then activate the newly spawned environment and proceed with your
customization.

To get further help with conda usage, you can try one of the following:
    conda -h
    conda <command> -h

Module Activation
-------------------
The following commands have been executed for activating the module:
    # module load AI/pytorch_23.02-1.13.1-py3
    # source /opt/packages/anaconda3/2020.11/etc/profile.d/conda.sh # conda
init
    # conda activate /opt/packages/AI/pytorch_23.02-1.13.1-py3
    # (/opt/packages/AI/pytorch_23.02-1.13.1-py3) USERNAME@BRIDGES-2:~ $ # <<
Your prompt should have changed to something similar.

For deactivating this module, run either of the following commands:
    conda deactivate
    # or
    module unload AI/pytorch_23.02-1.13.1-py3

[1;32mThe module has been activated and is ready to be used.[0m

[NbConvertApp] Converting notebook /ocean/projects/mth250011p/xxiao7/DeepLOB/run_deeplob_pytorch.ipynb to notebook
Traceback (most recent call last):
  File "/opt/packages/AI/pytorch_23.02-1.13.1-py3/bin/jupyter-nbconvert", line 11, in <module>
    sys.exit(main())
  File "/opt/packages/AI/pytorch_23.02-1.13.1-py3/lib/python3.10/site-packages/jupyter_core/application.py", line 276, in launch_instance
    return super().launch_instance(argv=argv, **kwargs)
  File "/opt/packages/AI/pytorch_23.02-1.13.1-py3/lib/python3.10/site-packages/traitlets/config/application.py", line 992, in launch_instance
    app.start()
  File "/opt/packages/AI/pytorch_23.02-1.13.1-py3/lib/python3.10/site-packages/nbconvert/nbconvertapp.py", line 423, in start
    self.convert_notebooks()
  File "/opt/packages/AI/pytorch_23.02-1.13.1-py3/lib/python3.10/site-packages/nbconvert/nbconvertapp.py", line 597, in convert_notebooks
    self.convert_single_notebook(notebook_filename)
  File "/opt/packages/AI/pytorch_23.02-1.13.1-py3/lib/python3.10/site-packages/nbconvert/nbconvertapp.py", line 560, in convert_single_notebook
    output, resources = self.export_single_notebook(
  File "/opt/packages/AI/pytorch_23.02-1.13.1-py3/lib/python3.10/site-packages/nbconvert/nbconvertapp.py", line 488, in export_single_notebook
    output, resources = self.exporter.from_filename(
  File "/opt/packages/AI/pytorch_23.02-1.13.1-py3/lib/python3.10/site-packages/nbconvert/exporters/exporter.py", line 189, in from_filename
    return self.from_file(f, resources=resources, **kw)
  File "/opt/packages/AI/pytorch_23.02-1.13.1-py3/lib/python3.10/site-packages/nbconvert/exporters/exporter.py", line 206, in from_file
    return self.from_notebook_node(
  File "/opt/packages/AI/pytorch_23.02-1.13.1-py3/lib/python3.10/site-packages/nbconvert/exporters/notebook.py", line 35, in from_notebook_node
    nb_copy, resources = super().from_notebook_node(nb, resources, **kw)
  File "/opt/packages/AI/pytorch_23.02-1.13.1-py3/lib/python3.10/site-packages/nbconvert/exporters/exporter.py", line 146, in from_notebook_node
    nb_copy, resources = self._preprocess(nb_copy, resources)
  File "/opt/packages/AI/pytorch_23.02-1.13.1-py3/lib/python3.10/site-packages/nbconvert/exporters/exporter.py", line 335, in _preprocess
    nbc, resc = preprocessor(nbc, resc)
  File "/opt/packages/AI/pytorch_23.02-1.13.1-py3/lib/python3.10/site-packages/nbconvert/preprocessors/base.py", line 47, in __call__
    return self.preprocess(nb, resources)
  File "/opt/packages/AI/pytorch_23.02-1.13.1-py3/lib/python3.10/site-packages/nbconvert/preprocessors/execute.py", line 89, in preprocess
    self.preprocess_cell(cell, resources, index)
  File "/opt/packages/AI/pytorch_23.02-1.13.1-py3/lib/python3.10/site-packages/nbconvert/preprocessors/execute.py", line 110, in preprocess_cell
    cell = self.execute_cell(cell, index, store_history=True)
  File "/opt/packages/AI/pytorch_23.02-1.13.1-py3/lib/python3.10/site-packages/nbclient/util.py", line 84, in wrapped
    return just_run(coro(*args, **kwargs))
  File "/opt/packages/AI/pytorch_23.02-1.13.1-py3/lib/python3.10/site-packages/nbclient/util.py", line 62, in just_run
    return loop.run_until_complete(coro)
  File "/opt/packages/AI/pytorch_23.02-1.13.1-py3/lib/python3.10/asyncio/base_events.py", line 649, in run_until_complete
    return future.result()
  File "/opt/packages/AI/pytorch_23.02-1.13.1-py3/lib/python3.10/site-packages/nbclient/client.py", line 965, in async_execute_cell
    await self._check_raise_for_error(cell, cell_index, exec_reply)
  File "/opt/packages/AI/pytorch_23.02-1.13.1-py3/lib/python3.10/site-packages/nbclient/client.py", line 862, in _check_raise_for_error
    raise CellExecutionError.from_cell_and_msg(cell, exec_reply_content)
nbclient.exceptions.CellExecutionError: An error occurred while executing the following cell:
------------------
CLASS_NAMES = ['Down', 'Stationary', 'Up']
RANDOM_RATE = 1.0 / 3.0

def cohens_h(p1, p2):
    """Effect size for difference between two proportions."""
    return 2 * (np.arcsin(np.sqrt(p1)) - np.arcsin(np.sqrt(p2)))


stat_rows = []

for k_idx in K_VALUES:
    r = all_results[k_idx]
    preds_f = np.load(os.path.join(RESULT_DIR, f'preds_k{k_idx}.npz'))
    y_true  = preds_f['y_true']
    y_pred  = preds_f['y_pred']
    y_probs = preds_f['y_probs']
    n       = len(y_true)

    print(f"\n{'='*65}")
    print(f"Statistical Tests — {r['label']}")
    print(f"{'='*65}")

    # ── Test 1: One-sample t-test on predicted class probability ──
    # H0: mean predicted prob for each class == 1/3 (chance)
    print("\n[T1] One-sample t-test: mean predicted prob vs. chance (1/3)")
    print(f"  {'Class':<15} {'Mean Prob':>10} {'t-stat':>10} {'p-value':>12} {'Sig':>6}")
    for c, cname in enumerate(CLASS_NAMES):
        probs_c = y_probs[:, c]
        t, p = stats.ttest_1samp(probs_c, RANDOM_RATE)
        sig = '***' if p < 0.001 else ('**' if p < 0.01 else ('*' if p < 0.05 else 'ns'))
        print(f"  {cname:<15} {probs_c.mean():>10.4f} {t:>10.3f} {p:>12.4e} {sig:>6}")
        stat_rows.append({'Horizon': r['label'], 'Test': 'T1-mean-prob', 'Class': cname,
                          'Statistic': t, 'p_value': p, 'Significant': p < 0.05})

    # ── Test 2: Two-sample Welch t-test ──
    # H0: predicted prob for true class same between correct and incorrect predictions
    print("\n[T2] Welch t-test: prob(true class) for correct vs. incorrect predictions")
    print(f"  {'Class':<15} {'μ correct':>10} {'μ incorrect':>12} {'t-stat':>10} {'p-value':>12} {'Sig':>6}")
    for c, cname in enumerate(CLASS_NAMES):
        mask_true  = (y_true == c)
        if mask_true.sum() < 10:
            continue
        prob_true_cls = y_probs[mask_true, c]
        correct   = prob_true_cls[y_pred[mask_true] == c]
        incorrect = prob_true_cls[y_pred[mask_true] != c]
        if len(correct) < 5 or len(incorrect) < 5:
            continue
        t, p = stats.ttest_ind(correct, incorrect, equal_var=False)
        sig = '***' if p < 0.001 else ('**' if p < 0.01 else ('*' if p < 0.05 else 'ns'))
        print(f"  {cname:<15} {correct.mean():>10.4f} {incorrect.mean():>12.4f} {t:>10.3f} {p:>12.4e} {sig:>6}")
        stat_rows.append({'Horizon': r['label'], 'Test': 'T2-welch', 'Class': cname,
                          'Statistic': t, 'p_value': p, 'Significant': p < 0.05})

    # ── Test 3: Precision z-test (proportion test) ──
    # H0: precision == 1/3 (random classifier)
    print("\n[T3] Proportion z-test: precision vs. random baseline (1/3)")
    print(f"  {'Class':<15} {'Precision':>10} {'z-stat':>10} {'p-value':>12} {'Cohen h':>10} {'Sig':>6}")
    for c, cname in enumerate(CLASS_NAMES):
        pred_c = (y_pred == c)
        n_pred = pred_c.sum()
        if n_pred < 10:
            continue
        prec_c = (y_true[pred_c] == c).mean()
        # z-test for proportion
        z_stat, p_val = stats.proportions_ztest(count=int(prec_c * n_pred),
                                                 nobs=n_pred,
                                                 value=RANDOM_RATE,
                                                 alternative='larger')
        h = cohens_h(prec_c, RANDOM_RATE)
        sig = '***' if p_val < 0.001 else ('**' if p_val < 0.01 else ('*' if p_val < 0.05 else 'ns'))
        print(f"  {cname:<15} {prec_c:>10.4f} {z_stat:>10.3f} {p_val:>12.4e} {h:>10.4f} {sig:>6}")
        stat_rows.append({'Horizon': r['label'], 'Test': 'T3-precision-z', 'Class': cname,
                          'Statistic': z_stat, 'p_value': p_val, 'Significant': p_val < 0.05})

    # ── Test 4: KS test ──
    # H0: distribution of model confidence is the same for correct vs. incorrect predictions
    print("\n[T4] Kolmogorov–Smirnov test: confidence distribution, correct vs. incorrect")
    max_conf = y_probs.max(axis=1)
    correct_mask   = (y_true == y_pred)
    incorrect_mask = ~correct_mask
    ks_stat, ks_p = stats.ks_2samp(max_conf[correct_mask], max_conf[incorrect_mask])
    sig = '***' if ks_p < 0.001 else ('**' if ks_p < 0.01 else ('*' if ks_p < 0.05 else 'ns'))
    print(f"  KS statistic: {ks_stat:.4f}, p-value: {ks_p:.4e}  {sig}")
    print(f"  Mean confidence — Correct: {max_conf[correct_mask].mean():.4f}, "
          f"Incorrect: {max_conf[incorrect_mask].mean():.4f}")
    stat_rows.append({'Horizon': r['label'], 'Test': 'T4-KS', 'Class': 'all',
                      'Statistic': ks_stat, 'p_value': ks_p, 'Significant': ks_p < 0.05})

df_stats = pd.DataFrame(stat_rows)
df_stats.to_csv(os.path.join(RESULT_DIR, 'statistical_tests.csv'), index=False)
print('\n✓ Statistical tests complete. Results saved.')
------------------

[0;31m---------------------------------------------------------------------------[0m
[0;31mAttributeError[0m                            Traceback (most recent call last)
Cell [0;32mIn[12], line 65[0m
[1;32m     63[0m prec_c [38;5;241m=[39m (y_true[pred_c] [38;5;241m==[39m c)[38;5;241m.[39mmean()
[1;32m     64[0m [38;5;66;03m# z-test for proportion[39;00m
[0;32m---> 65[0m z_stat, p_val [38;5;241m=[39m [43mstats[49m[38;5;241;43m.[39;49m[43mproportions_ztest[49m(count[38;5;241m=[39m[38;5;28mint[39m(prec_c [38;5;241m*[39m n_pred),
[1;32m     66[0m                                          nobs[38;5;241m=[39mn_pred,
[1;32m     67[0m                                          value[38;5;241m=[39mRANDOM_RATE,
[1;32m     68[0m                                          alternative[38;5;241m=[39m[38;5;124m'[39m[38;5;124mlarger[39m[38;5;124m'[39m)
[1;32m     69[0m h [38;5;241m=[39m cohens_h(prec_c, RANDOM_RATE)
[1;32m     70[0m sig [38;5;241m=[39m [38;5;124m'[39m[38;5;124m***[39m[38;5;124m'[39m [38;5;28;01mif[39;00m p_val [38;5;241m<[39m [38;5;241m0.001[39m [38;5;28;01melse[39;00m ([38;5;124m'[39m[38;5;124m**[39m[38;5;124m'[39m [38;5;28;01mif[39;00m p_val [38;5;241m<[39m [38;5;241m0.01[39m [38;5;28;01melse[39;00m ([38;5;124m'[39m[38;5;124m*[39m[38;5;124m'[39m [38;5;28;01mif[39;00m p_val [38;5;241m<[39m [38;5;241m0.05[39m [38;5;28;01melse[39;00m [38;5;124m'[39m[38;5;124mns[39m[38;5;124m'[39m))

[0;31mAttributeError[0m: module 'scipy.stats' has no attribute 'proportions_ztest'
AttributeError: module 'scipy.stats' has no attribute 'proportions_ztest'

